#
# There is insufficient memory for the Java Runtime Environment to continue.
# Native memory allocation (malloc) failed to allocate 1725456 bytes for Chunk::new
# Possible reasons:
#   The system is out of physical RAM or swap space
#   The process is running with CompressedOops enabled, and the Java Heap may be blocking the growth of the native heap
# Possible solutions:
#   Reduce memory load on the system
#   Increase physical memory or swap space
#   Check if swap backing store is full
#   Decrease Java heap size (-Xmx/-Xms)
#   Decrease number of Java threads
#   Decrease Java thread stack sizes (-Xss)
#   Set larger code cache with -XX:ReservedCodeCacheSize=
#   JVM is running with Unscaled Compressed Oops mode in which the Java heap is
#     placed in the first 4GB address space. The Java Heap base address is the
#     maximum limit for the native heap growth. Please use -XX:HeapBaseMinAddress
#     to set the Java Heap base and to place the Java Heap above 4GB virtual address.
# This output file may be truncated or incomplete.
#
#  Out of Memory Error (arena.cpp:191), pid=16776, tid=7188
#
# JRE version: OpenJDK Runtime Environment Microsoft-8902769 (17.0.10+7) (build 17.0.10+7-LTS)
# Java VM: OpenJDK 64-Bit Server VM Microsoft-8902769 (17.0.10+7-LTS, mixed mode, sharing, tiered, compressed oops, compressed class ptrs, g1 gc, windows-amd64)
# No core dump will be written. Minidumps are not enabled by default on client versions of Windows
#

---------------  S U M M A R Y ------------

Command Line: -XX:MaxMetaspaceSize=512m --add-opens=java.base/java.util=ALL-UNNAMED --add-opens=java.base/java.lang=ALL-UNNAMED --add-opens=java.base/java.lang.invoke=ALL-UNNAMED --add-opens=java.prefs/java.util.prefs=ALL-UNNAMED --add-opens=java.base/java.nio.charset=ALL-UNNAMED --add-opens=java.base/java.net=ALL-UNNAMED --add-opens=java.base/java.util.concurrent.atomic=ALL-UNNAMED -Xmx2048m -Dfile.encoding=utf8 -Duser.country=US -Duser.language=en -Duser.variant -javaagent:C:\Users\hammad\.gradle\wrapper\dists\gradle-8.5-all\3zlzzgtsutfj0pbojr50n2l7z\gradle-8.5\lib\agents\gradle-instrumentation-agent-8.5.jar org.gradle.launcher.daemon.bootstrap.GradleDaemon 8.5

Host: Intel(R) Core(TM) i5-4310U CPU @ 2.00GHz, 4 cores, 11G,  Windows 10 , 64 bit Build 19041 (10.0.19041.3636)
Time: Mon Jun 10 22:48:54 2024 Pakistan Standard Time elapsed time: 7.238006 seconds (0d 0h 0m 7s)

---------------  T H R E A D  ---------------

Current thread (0x000001dee5a86020):  JavaThread "C2 CompilerThread0" daemon [_thread_in_native, id=7188, stack(0x000000cff1600000,0x000000cff1700000)]


Current CompileTask:
C2:   7238 2362       4       java.net.URLClassLoader$1::run (5 bytes)

Stack: [0x000000cff1600000,0x000000cff1700000]
Native frames: (J=compiled Java code, j=interpreted, Vv=VM code, C=native code)
V  [jvm.dll+0x67f829]
V  [jvm.dll+0x83750a]
V  [jvm.dll+0x838fce]
V  [jvm.dll+0x839633]
V  [jvm.dll+0x247cbf]
V  [jvm.dll+0xac524]
V  [jvm.dll+0xacb6c]
V  [jvm.dll+0x368ca2]
V  [jvm.dll+0x33311a]
V  [jvm.dll+0x3325ba]
V  [jvm.dll+0x21a401]
V  [jvm.dll+0x219821]
V  [jvm.dll+0x1a5176]
V  [jvm.dll+0x22957e]
V  [jvm.dll+0x22774c]
V  [jvm.dll+0x7ec5d7]
V  [jvm.dll+0x7e69da]
V  [jvm.dll+0x67e715]
C  [ucrtbase.dll+0x21bb2]
C  [KERNEL32.DLL+0x17344]
C  [ntdll.dll+0x526b1]


---------------  P R O C E S S  ---------------

Threads class SMR info:
_java_thread_list=0x000001deeb68a300, length=26, elements={
0x000001dec7e73530, 0x000001dee5a67980, 0x000001dee5a68fa0, 0x000001dee5a7deb0,
0x000001dee5a80e90, 0x000001dee5a84970, 0x000001dee5a85330, 0x000001dee5a86020,
0x000001dee5a86ad0, 0x000001dee5bfa820, 0x000001dee5a51440, 0x000001dee5d397d0,
0x000001deeaecf940, 0x000001deebae2be0, 0x000001deeb751030, 0x000001deeb4bf990,
0x000001deeb51c070, 0x000001deeb51c580, 0x000001deeb51b650, 0x000001deeb51b140,
0x000001deeb51ca90, 0x000001deeb51ac30, 0x000001deeb51cfa0, 0x000001deeb51a210,
0x000001deeaaa4fc0, 0x000001deeb5197f0
}

Java Threads: ( => current thread )
  0x000001dec7e73530 JavaThread "main" [_thread_blocked, id=12312, stack(0x000000cff0900000,0x000000cff0a00000)]
  0x000001dee5a67980 JavaThread "Reference Handler" daemon [_thread_blocked, id=5896, stack(0x000000cff1000000,0x000000cff1100000)]
  0x000001dee5a68fa0 JavaThread "Finalizer" daemon [_thread_blocked, id=9964, stack(0x000000cff1100000,0x000000cff1200000)]
  0x000001dee5a7deb0 JavaThread "Signal Dispatcher" daemon [_thread_blocked, id=15672, stack(0x000000cff1200000,0x000000cff1300000)]
  0x000001dee5a80e90 JavaThread "Attach Listener" daemon [_thread_blocked, id=7804, stack(0x000000cff1300000,0x000000cff1400000)]
  0x000001dee5a84970 JavaThread "Service Thread" daemon [_thread_blocked, id=1320, stack(0x000000cff1400000,0x000000cff1500000)]
  0x000001dee5a85330 JavaThread "Monitor Deflation Thread" daemon [_thread_blocked, id=13184, stack(0x000000cff1500000,0x000000cff1600000)]
=>0x000001dee5a86020 JavaThread "C2 CompilerThread0" daemon [_thread_in_native, id=7188, stack(0x000000cff1600000,0x000000cff1700000)]
  0x000001dee5a86ad0 JavaThread "C1 CompilerThread0" daemon [_thread_blocked, id=756, stack(0x000000cff1700000,0x000000cff1800000)]
  0x000001dee5bfa820 JavaThread "Sweeper thread" daemon [_thread_blocked, id=16896, stack(0x000000cff1800000,0x000000cff1900000)]
  0x000001dee5a51440 JavaThread "Common-Cleaner" daemon [_thread_blocked, id=13348, stack(0x000000cff1900000,0x000000cff1a00000)]
  0x000001dee5d397d0 JavaThread "Notification Thread" daemon [_thread_blocked, id=17240, stack(0x000000cff1a00000,0x000000cff1b00000)]
  0x000001deeaecf940 JavaThread "Daemon health stats" [_thread_blocked, id=14480, stack(0x000000cff2000000,0x000000cff2100000)]
  0x000001deebae2be0 JavaThread "Incoming local TCP Connector on port 60525" [_thread_in_native, id=1044, stack(0x000000cff1c00000,0x000000cff1d00000)]
  0x000001deeb751030 JavaThread "Daemon periodic checks" [_thread_blocked, id=2956, stack(0x000000cff2100000,0x000000cff2200000)]
  0x000001deeb4bf990 JavaThread "Daemon" [_thread_blocked, id=14808, stack(0x000000cff2300000,0x000000cff2400000)]
  0x000001deeb51c070 JavaThread "Handler for socket connection from /127.0.0.1:60525 to /127.0.0.1:60527" [_thread_in_native, id=13592, stack(0x000000cff2400000,0x000000cff2500000)]
  0x000001deeb51c580 JavaThread "Cancel handler" [_thread_blocked, id=15324, stack(0x000000cff2200000,0x000000cff2300000)]
  0x000001deeb51b650 JavaThread "Daemon worker" [_thread_in_vm, id=9680, stack(0x000000cff2500000,0x000000cff2600000)]
  0x000001deeb51b140 JavaThread "Asynchronous log dispatcher for DefaultDaemonConnection: socket connection from /127.0.0.1:60525 to /127.0.0.1:60527" [_thread_blocked, id=8984, stack(0x000000cff2600000,0x000000cff2700000)]
  0x000001deeb51ca90 JavaThread "Stdin handler" [_thread_blocked, id=3684, stack(0x000000cff2700000,0x000000cff2800000)]
  0x000001deeb51ac30 JavaThread "Daemon client event forwarder" [_thread_blocked, id=15952, stack(0x000000cff2800000,0x000000cff2900000)]
  0x000001deeb51cfa0 JavaThread "Cache worker for journal cache (C:\Users\hammad\.gradle\caches\journal-1)" [_thread_blocked, id=13156, stack(0x000000cff2900000,0x000000cff2a00000)]
  0x000001deeb51a210 JavaThread "File lock request listener" [_thread_in_native, id=1316, stack(0x000000cff2a00000,0x000000cff2b00000)]
  0x000001deeaaa4fc0 JavaThread "C2 CompilerThread1" daemon [_thread_in_native, id=16836, stack(0x000000cff2b00000,0x000000cff2c00000)]
  0x000001deeb5197f0 JavaThread "Cache worker for file hash cache (C:\Users\hammad\.gradle\caches\8.5\fileHashes)" [_thread_blocked, id=13276, stack(0x000000cff2c00000,0x000000cff2d00000)]

Other Threads:
  0x000001dee5a5f6d0 VMThread "VM Thread" [stack: 0x000000cff0f00000,0x000000cff1000000] [id=13384]
  0x000001dec7e744f0 WatcherThread [stack: 0x000000cff1b00000,0x000000cff1c00000] [id=2404]
  0x000001dec7ecf460 GCTaskThread "GC Thread#0" [stack: 0x000000cff0a00000,0x000000cff0b00000] [id=7016]
  0x000001deea385fd0 GCTaskThread "GC Thread#1" [stack: 0x000000cff1d00000,0x000000cff1e00000] [id=11536]
  0x000001deea252660 GCTaskThread "GC Thread#2" [stack: 0x000000cff1e00000,0x000000cff1f00000] [id=10072]
  0x000001deea04bd00 GCTaskThread "GC Thread#3" [stack: 0x000000cff1f00000,0x000000cff2000000] [id=9804]
  0x000001dec5cae650 ConcurrentGCThread "G1 Main Marker" [stack: 0x000000cff0b00000,0x000000cff0c00000] [id=14768]
  0x000001dec7edbe30 ConcurrentGCThread "G1 Conc#0" [stack: 0x000000cff0c00000,0x000000cff0d00000] [id=12060]
  0x000001dec7f2d0c0 ConcurrentGCThread "G1 Refine#0" [stack: 0x000000cff0d00000,0x000000cff0e00000] [id=14124]
  0x000001dec7f2daf0 ConcurrentGCThread "G1 Service" [stack: 0x000000cff0e00000,0x000000cff0f00000] [id=15828]

Threads with active compile tasks:
C2 CompilerThread0     7276 2362       4       java.net.URLClassLoader$1::run (5 bytes)
C2 CompilerThread1     7276 2361   !   4       java.net.URLClassLoader::findClass (47 bytes)

VM state: not at safepoint (normal execution)

VM Mutex/Monitor currently owned by a thread:  ([mutex/lock_event])
[0x000001dec7e6ec70] Metaspace_lock - owner thread: 0x000001deeb51b650

Heap address: 0x0000000080000000, size: 2048 MB, Compressed Oops mode: 32-bit

CDS archive(s) mapped at: [0x000001de80000000-0x000001de80bb0000-0x000001de80bb0000), size 12255232, SharedBaseAddress: 0x000001de80000000, ArchiveRelocationMode: 1.
Compressed class space mapped at: 0x000001de81000000-0x000001de9b000000, reserved size: 436207616
Narrow klass base: 0x000001de80000000, Narrow klass shift: 0, Narrow klass range: 0x100000000

GC Precious Log:
 CPUs: 4 total, 4 available
 Memory: 12193M
 Large Page Support: Disabled
 NUMA Support: Disabled
 Compressed Oops: Enabled (32-bit)
 Heap Region Size: 1M
 Heap Min Capacity: 8M
 Heap Initial Capacity: 192M
 Heap Max Capacity: 2G
 Pre-touch: Disabled
 Parallel Workers: 4
 Concurrent Workers: 1
 Concurrent Refinement Workers: 4
 Periodic GC: Disabled

Heap:
 garbage-first heap   total 196608K, used 105746K [0x0000000080000000, 0x0000000100000000)
  region size 1024K, 94 young (96256K), 1 survivors (1024K)
 Metaspace       used 18314K, committed 18624K, reserved 491520K
  class space    used 2672K, committed 2816K, reserved 425984K

Heap Regions: E=young(eden), S=young(survivor), O=old, HS=humongous(starts), HC=humongous(continues), CS=collection set, F=free, OA=open archive, CA=closed archive, TAMS=top-at-mark-start (previous, next)
|   0|0x0000000080000000, 0x0000000080100000, 0x0000000080100000|100%| O|  |TAMS 0x0000000080000000, 0x0000000080000000| Untracked 
|   1|0x0000000080100000, 0x0000000080200000, 0x0000000080200000|100%| O|  |TAMS 0x0000000080100000, 0x0000000080100000| Untracked 
|   2|0x0000000080200000, 0x0000000080300000, 0x0000000080300000|100%|HS|  |TAMS 0x0000000080200000, 0x0000000080200000| Complete 
|   3|0x0000000080300000, 0x0000000080400000, 0x0000000080400000|100%|HC|  |TAMS 0x0000000080300000, 0x0000000080300000| Complete 
|   4|0x0000000080400000, 0x0000000080500000, 0x0000000080500000|100%|HC|  |TAMS 0x0000000080400000, 0x0000000080400000| Complete 
|   5|0x0000000080500000, 0x0000000080600000, 0x0000000080600000|100%|HC|  |TAMS 0x0000000080500000, 0x0000000080500000| Complete 
|   6|0x0000000080600000, 0x0000000080700000, 0x0000000080700000|100%| O|  |TAMS 0x0000000080600000, 0x0000000080600000| Untracked 
|   7|0x0000000080700000, 0x0000000080800000, 0x0000000080800000|100%| O|  |TAMS 0x0000000080700000, 0x0000000080700000| Untracked 
|   8|0x0000000080800000, 0x0000000080900000, 0x0000000080900000|100%| O|  |TAMS 0x0000000080800000, 0x0000000080800000| Untracked 
|   9|0x0000000080900000, 0x0000000080a00000, 0x0000000080a00000|100%| O|  |TAMS 0x0000000080900000, 0x0000000080900000| Untracked 
|  10|0x0000000080a00000, 0x0000000080ab8000, 0x0000000080b00000| 71%| O|  |TAMS 0x0000000080a00000, 0x0000000080a00000| Untracked 
|  11|0x0000000080b00000, 0x0000000080c00000, 0x0000000080c00000|100%|HS|  |TAMS 0x0000000080b00000, 0x0000000080b00000| Complete 
|  12|0x0000000080c00000, 0x0000000080c00000, 0x0000000080d00000|  0%| F|  |TAMS 0x0000000080c00000, 0x0000000080c00000| Untracked 
|  13|0x0000000080d00000, 0x0000000080d00000, 0x0000000080e00000|  0%| F|  |TAMS 0x0000000080d00000, 0x0000000080d00000| Untracked 
|  14|0x0000000080e00000, 0x0000000080e00000, 0x0000000080f00000|  0%| F|  |TAMS 0x0000000080e00000, 0x0000000080e00000| Untracked 
|  15|0x0000000080f00000, 0x0000000080f00000, 0x0000000081000000|  0%| F|  |TAMS 0x0000000080f00000, 0x0000000080f00000| Untracked 
|  16|0x0000000081000000, 0x0000000081000000, 0x0000000081100000|  0%| F|  |TAMS 0x0000000081000000, 0x0000000081000000| Untracked 
|  17|0x0000000081100000, 0x0000000081100000, 0x0000000081200000|  0%| F|  |TAMS 0x0000000081100000, 0x0000000081100000| Untracked 
|  18|0x0000000081200000, 0x0000000081200000, 0x0000000081300000|  0%| F|  |TAMS 0x0000000081200000, 0x0000000081200000| Untracked 
|  19|0x0000000081300000, 0x0000000081300000, 0x0000000081400000|  0%| F|  |TAMS 0x0000000081300000, 0x0000000081300000| Untracked 
|  20|0x0000000081400000, 0x0000000081400000, 0x0000000081500000|  0%| F|  |TAMS 0x0000000081400000, 0x0000000081400000| Untracked 
|  21|0x0000000081500000, 0x0000000081500000, 0x0000000081600000|  0%| F|  |TAMS 0x0000000081500000, 0x0000000081500000| Untracked 
|  22|0x0000000081600000, 0x0000000081600000, 0x0000000081700000|  0%| F|  |TAMS 0x0000000081600000, 0x0000000081600000| Untracked 
|  23|0x0000000081700000, 0x0000000081700000, 0x0000000081800000|  0%| F|  |TAMS 0x0000000081700000, 0x0000000081700000| Untracked 
|  24|0x0000000081800000, 0x0000000081800000, 0x0000000081900000|  0%| F|  |TAMS 0x0000000081800000, 0x0000000081800000| Untracked 
|  25|0x0000000081900000, 0x0000000081900000, 0x0000000081a00000|  0%| F|  |TAMS 0x0000000081900000, 0x0000000081900000| Untracked 
|  26|0x0000000081a00000, 0x0000000081a00000, 0x0000000081b00000|  0%| F|  |TAMS 0x0000000081a00000, 0x0000000081a00000| Untracked 
|  27|0x0000000081b00000, 0x0000000081b00000, 0x0000000081c00000|  0%| F|  |TAMS 0x0000000081b00000, 0x0000000081b00000| Untracked 
|  28|0x0000000081c00000, 0x0000000081c00000, 0x0000000081d00000|  0%| F|  |TAMS 0x0000000081c00000, 0x0000000081c00000| Untracked 
|  29|0x0000000081d00000, 0x0000000081d00000, 0x0000000081e00000|  0%| F|  |TAMS 0x0000000081d00000, 0x0000000081d00000| Untracked 
|  30|0x0000000081e00000, 0x0000000081e00000, 0x0000000081f00000|  0%| F|  |TAMS 0x0000000081e00000, 0x0000000081e00000| Untracked 
|  31|0x0000000081f00000, 0x0000000081f00000, 0x0000000082000000|  0%| F|  |TAMS 0x0000000081f00000, 0x0000000081f00000| Untracked 
|  32|0x0000000082000000, 0x0000000082000000, 0x0000000082100000|  0%| F|  |TAMS 0x0000000082000000, 0x0000000082000000| Untracked 
|  33|0x0000000082100000, 0x0000000082100000, 0x0000000082200000|  0%| F|  |TAMS 0x0000000082100000, 0x0000000082100000| Untracked 
|  34|0x0000000082200000, 0x0000000082200000, 0x0000000082300000|  0%| F|  |TAMS 0x0000000082200000, 0x0000000082200000| Untracked 
|  35|0x0000000082300000, 0x0000000082300000, 0x0000000082400000|  0%| F|  |TAMS 0x0000000082300000, 0x0000000082300000| Untracked 
|  36|0x0000000082400000, 0x0000000082400000, 0x0000000082500000|  0%| F|  |TAMS 0x0000000082400000, 0x0000000082400000| Untracked 
|  37|0x0000000082500000, 0x0000000082500000, 0x0000000082600000|  0%| F|  |TAMS 0x0000000082500000, 0x0000000082500000| Untracked 
|  38|0x0000000082600000, 0x0000000082600000, 0x0000000082700000|  0%| F|  |TAMS 0x0000000082600000, 0x0000000082600000| Untracked 
|  39|0x0000000082700000, 0x0000000082700000, 0x0000000082800000|  0%| F|  |TAMS 0x0000000082700000, 0x0000000082700000| Untracked 
|  40|0x0000000082800000, 0x0000000082800000, 0x0000000082900000|  0%| F|  |TAMS 0x0000000082800000, 0x0000000082800000| Untracked 
|  41|0x0000000082900000, 0x0000000082900000, 0x0000000082a00000|  0%| F|  |TAMS 0x0000000082900000, 0x0000000082900000| Untracked 
|  42|0x0000000082a00000, 0x0000000082a00000, 0x0000000082b00000|  0%| F|  |TAMS 0x0000000082a00000, 0x0000000082a00000| Untracked 
|  43|0x0000000082b00000, 0x0000000082b00000, 0x0000000082c00000|  0%| F|  |TAMS 0x0000000082b00000, 0x0000000082b00000| Untracked 
|  44|0x0000000082c00000, 0x0000000082c00000, 0x0000000082d00000|  0%| F|  |TAMS 0x0000000082c00000, 0x0000000082c00000| Untracked 
|  45|0x0000000082d00000, 0x0000000082d00000, 0x0000000082e00000|  0%| F|  |TAMS 0x0000000082d00000, 0x0000000082d00000| Untracked 
|  46|0x0000000082e00000, 0x0000000082e00000, 0x0000000082f00000|  0%| F|  |TAMS 0x0000000082e00000, 0x0000000082e00000| Untracked 
|  47|0x0000000082f00000, 0x0000000082f00000, 0x0000000083000000|  0%| F|  |TAMS 0x0000000082f00000, 0x0000000082f00000| Untracked 
|  48|0x0000000083000000, 0x0000000083000000, 0x0000000083100000|  0%| F|  |TAMS 0x0000000083000000, 0x0000000083000000| Untracked 
|  49|0x0000000083100000, 0x0000000083100000, 0x0000000083200000|  0%| F|  |TAMS 0x0000000083100000, 0x0000000083100000| Untracked 
|  50|0x0000000083200000, 0x0000000083200000, 0x0000000083300000|  0%| F|  |TAMS 0x0000000083200000, 0x0000000083200000| Untracked 
|  51|0x0000000083300000, 0x0000000083300000, 0x0000000083400000|  0%| F|  |TAMS 0x0000000083300000, 0x0000000083300000| Untracked 
|  52|0x0000000083400000, 0x0000000083400000, 0x0000000083500000|  0%| F|  |TAMS 0x0000000083400000, 0x0000000083400000| Untracked 
|  53|0x0000000083500000, 0x0000000083500000, 0x0000000083600000|  0%| F|  |TAMS 0x0000000083500000, 0x0000000083500000| Untracked 
|  54|0x0000000083600000, 0x0000000083600000, 0x0000000083700000|  0%| F|  |TAMS 0x0000000083600000, 0x0000000083600000| Untracked 
|  55|0x0000000083700000, 0x0000000083700000, 0x0000000083800000|  0%| F|  |TAMS 0x0000000083700000, 0x0000000083700000| Untracked 
|  56|0x0000000083800000, 0x0000000083800000, 0x0000000083900000|  0%| F|  |TAMS 0x0000000083800000, 0x0000000083800000| Untracked 
|  57|0x0000000083900000, 0x0000000083900000, 0x0000000083a00000|  0%| F|  |TAMS 0x0000000083900000, 0x0000000083900000| Untracked 
|  58|0x0000000083a00000, 0x0000000083a00000, 0x0000000083b00000|  0%| F|  |TAMS 0x0000000083a00000, 0x0000000083a00000| Untracked 
|  59|0x0000000083b00000, 0x0000000083b00000, 0x0000000083c00000|  0%| F|  |TAMS 0x0000000083b00000, 0x0000000083b00000| Untracked 
|  60|0x0000000083c00000, 0x0000000083c00000, 0x0000000083d00000|  0%| F|  |TAMS 0x0000000083c00000, 0x0000000083c00000| Untracked 
|  61|0x0000000083d00000, 0x0000000083d00000, 0x0000000083e00000|  0%| F|  |TAMS 0x0000000083d00000, 0x0000000083d00000| Untracked 
|  62|0x0000000083e00000, 0x0000000083e00000, 0x0000000083f00000|  0%| F|  |TAMS 0x0000000083e00000, 0x0000000083e00000| Untracked 
|  63|0x0000000083f00000, 0x0000000083f00000, 0x0000000084000000|  0%| F|  |TAMS 0x0000000083f00000, 0x0000000083f00000| Untracked 
|  64|0x0000000084000000, 0x0000000084000000, 0x0000000084100000|  0%| F|  |TAMS 0x0000000084000000, 0x0000000084000000| Untracked 
|  65|0x0000000084100000, 0x0000000084100000, 0x0000000084200000|  0%| F|  |TAMS 0x0000000084100000, 0x0000000084100000| Untracked 
|  66|0x0000000084200000, 0x0000000084200000, 0x0000000084300000|  0%| F|  |TAMS 0x0000000084200000, 0x0000000084200000| Untracked 
|  67|0x0000000084300000, 0x0000000084300000, 0x0000000084400000|  0%| F|  |TAMS 0x0000000084300000, 0x0000000084300000| Untracked 
|  68|0x0000000084400000, 0x0000000084400000, 0x0000000084500000|  0%| F|  |TAMS 0x0000000084400000, 0x0000000084400000| Untracked 
|  69|0x0000000084500000, 0x0000000084500000, 0x0000000084600000|  0%| F|  |TAMS 0x0000000084500000, 0x0000000084500000| Untracked 
|  70|0x0000000084600000, 0x0000000084600000, 0x0000000084700000|  0%| F|  |TAMS 0x0000000084600000, 0x0000000084600000| Untracked 
|  71|0x0000000084700000, 0x0000000084700000, 0x0000000084800000|  0%| F|  |TAMS 0x0000000084700000, 0x0000000084700000| Untracked 
|  72|0x0000000084800000, 0x0000000084800000, 0x0000000084900000|  0%| F|  |TAMS 0x0000000084800000, 0x0000000084800000| Untracked 
|  73|0x0000000084900000, 0x0000000084900000, 0x0000000084a00000|  0%| F|  |TAMS 0x0000000084900000, 0x0000000084900000| Untracked 
|  74|0x0000000084a00000, 0x0000000084a00000, 0x0000000084b00000|  0%| F|  |TAMS 0x0000000084a00000, 0x0000000084a00000| Untracked 
|  75|0x0000000084b00000, 0x0000000084b00000, 0x0000000084c00000|  0%| F|  |TAMS 0x0000000084b00000, 0x0000000084b00000| Untracked 
|  76|0x0000000084c00000, 0x0000000084c00000, 0x0000000084d00000|  0%| F|  |TAMS 0x0000000084c00000, 0x0000000084c00000| Untracked 
|  77|0x0000000084d00000, 0x0000000084d00000, 0x0000000084e00000|  0%| F|  |TAMS 0x0000000084d00000, 0x0000000084d00000| Untracked 
|  78|0x0000000084e00000, 0x0000000084e00000, 0x0000000084f00000|  0%| F|  |TAMS 0x0000000084e00000, 0x0000000084e00000| Untracked 
|  79|0x0000000084f00000, 0x0000000084f00000, 0x0000000085000000|  0%| F|  |TAMS 0x0000000084f00000, 0x0000000084f00000| Untracked 
|  80|0x0000000085000000, 0x0000000085000000, 0x0000000085100000|  0%| F|  |TAMS 0x0000000085000000, 0x0000000085000000| Untracked 
|  81|0x0000000085100000, 0x0000000085100000, 0x0000000085200000|  0%| F|  |TAMS 0x0000000085100000, 0x0000000085100000| Untracked 
|  82|0x0000000085200000, 0x0000000085200000, 0x0000000085300000|  0%| F|  |TAMS 0x0000000085200000, 0x0000000085200000| Untracked 
|  83|0x0000000085300000, 0x0000000085300000, 0x0000000085400000|  0%| F|  |TAMS 0x0000000085300000, 0x0000000085300000| Untracked 
|  84|0x0000000085400000, 0x0000000085400000, 0x0000000085500000|  0%| F|  |TAMS 0x0000000085400000, 0x0000000085400000| Untracked 
|  85|0x0000000085500000, 0x0000000085500000, 0x0000000085600000|  0%| F|  |TAMS 0x0000000085500000, 0x0000000085500000| Untracked 
|  86|0x0000000085600000, 0x0000000085600000, 0x0000000085700000|  0%| F|  |TAMS 0x0000000085600000, 0x0000000085600000| Untracked 
|  87|0x0000000085700000, 0x0000000085700000, 0x0000000085800000|  0%| F|  |TAMS 0x0000000085700000, 0x0000000085700000| Untracked 
|  88|0x0000000085800000, 0x0000000085800000, 0x0000000085900000|  0%| F|  |TAMS 0x0000000085800000, 0x0000000085800000| Untracked 
|  89|0x0000000085900000, 0x0000000085900000, 0x0000000085a00000|  0%| F|  |TAMS 0x0000000085900000, 0x0000000085900000| Untracked 
|  90|0x0000000085a00000, 0x0000000085a00000, 0x0000000085b00000|  0%| F|  |TAMS 0x0000000085a00000, 0x0000000085a00000| Untracked 
|  91|0x0000000085b00000, 0x0000000085b00000, 0x0000000085c00000|  0%| F|  |TAMS 0x0000000085b00000, 0x0000000085b00000| Untracked 
|  92|0x0000000085c00000, 0x0000000085c00000, 0x0000000085d00000|  0%| F|  |TAMS 0x0000000085c00000, 0x0000000085c00000| Untracked 
|  93|0x0000000085d00000, 0x0000000085d00000, 0x0000000085e00000|  0%| F|  |TAMS 0x0000000085d00000, 0x0000000085d00000| Untracked 
|  94|0x0000000085e00000, 0x0000000085e00000, 0x0000000085f00000|  0%| F|  |TAMS 0x0000000085e00000, 0x0000000085e00000| Untracked 
|  95|0x0000000085f00000, 0x0000000085f00000, 0x0000000086000000|  0%| F|  |TAMS 0x0000000085f00000, 0x0000000085f00000| Untracked 
|  96|0x0000000086000000, 0x0000000086000000, 0x0000000086100000|  0%| F|  |TAMS 0x0000000086000000, 0x0000000086000000| Untracked 
|  97|0x0000000086100000, 0x0000000086100000, 0x0000000086200000|  0%| F|  |TAMS 0x0000000086100000, 0x0000000086100000| Untracked 
|  98|0x0000000086200000, 0x0000000086300000, 0x0000000086300000|100%| E|  |TAMS 0x0000000086200000, 0x0000000086200000| Complete 
|  99|0x0000000086300000, 0x0000000086400000, 0x0000000086400000|100%| E|CS|TAMS 0x0000000086300000, 0x0000000086300000| Complete 
| 100|0x0000000086400000, 0x0000000086500000, 0x0000000086500000|100%| E|CS|TAMS 0x0000000086400000, 0x0000000086400000| Complete 
| 101|0x0000000086500000, 0x0000000086600000, 0x0000000086600000|100%| E|CS|TAMS 0x0000000086500000, 0x0000000086500000| Complete 
| 102|0x0000000086600000, 0x0000000086700000, 0x0000000086700000|100%| E|CS|TAMS 0x0000000086600000, 0x0000000086600000| Complete 
| 103|0x0000000086700000, 0x0000000086800000, 0x0000000086800000|100%| E|CS|TAMS 0x0000000086700000, 0x0000000086700000| Complete 
| 104|0x0000000086800000, 0x0000000086900000, 0x0000000086900000|100%| E|CS|TAMS 0x0000000086800000, 0x0000000086800000| Complete 
| 105|0x0000000086900000, 0x0000000086a00000, 0x0000000086a00000|100%| E|CS|TAMS 0x0000000086900000, 0x0000000086900000| Complete 
| 106|0x0000000086a00000, 0x0000000086b00000, 0x0000000086b00000|100%| E|CS|TAMS 0x0000000086a00000, 0x0000000086a00000| Complete 
| 107|0x0000000086b00000, 0x0000000086c00000, 0x0000000086c00000|100%| E|CS|TAMS 0x0000000086b00000, 0x0000000086b00000| Complete 
| 108|0x0000000086c00000, 0x0000000086d00000, 0x0000000086d00000|100%| E|CS|TAMS 0x0000000086c00000, 0x0000000086c00000| Complete 
| 109|0x0000000086d00000, 0x0000000086e00000, 0x0000000086e00000|100%| E|CS|TAMS 0x0000000086d00000, 0x0000000086d00000| Complete 
| 110|0x0000000086e00000, 0x0000000086f00000, 0x0000000086f00000|100%| E|CS|TAMS 0x0000000086e00000, 0x0000000086e00000| Complete 
| 111|0x0000000086f00000, 0x0000000087000000, 0x0000000087000000|100%| E|CS|TAMS 0x0000000086f00000, 0x0000000086f00000| Complete 
| 112|0x0000000087000000, 0x0000000087100000, 0x0000000087100000|100%| E|CS|TAMS 0x0000000087000000, 0x0000000087000000| Complete 
| 113|0x0000000087100000, 0x0000000087200000, 0x0000000087200000|100%| E|CS|TAMS 0x0000000087100000, 0x0000000087100000| Complete 
| 114|0x0000000087200000, 0x0000000087300000, 0x0000000087300000|100%| E|CS|TAMS 0x0000000087200000, 0x0000000087200000| Complete 
| 115|0x0000000087300000, 0x0000000087400000, 0x0000000087400000|100%| E|CS|TAMS 0x0000000087300000, 0x0000000087300000| Complete 
| 116|0x0000000087400000, 0x0000000087500000, 0x0000000087500000|100%| E|CS|TAMS 0x0000000087400000, 0x0000000087400000| Complete 
| 117|0x0000000087500000, 0x0000000087600000, 0x0000000087600000|100%| E|CS|TAMS 0x0000000087500000, 0x0000000087500000| Complete 
| 118|0x0000000087600000, 0x0000000087700000, 0x0000000087700000|100%| E|CS|TAMS 0x0000000087600000, 0x0000000087600000| Complete 
| 119|0x0000000087700000, 0x0000000087800000, 0x0000000087800000|100%| E|CS|TAMS 0x0000000087700000, 0x0000000087700000| Complete 
| 120|0x0000000087800000, 0x0000000087900000, 0x0000000087900000|100%| E|CS|TAMS 0x0000000087800000, 0x0000000087800000| Complete 
| 121|0x0000000087900000, 0x0000000087a00000, 0x0000000087a00000|100%| E|CS|TAMS 0x0000000087900000, 0x0000000087900000| Complete 
| 122|0x0000000087a00000, 0x0000000087b00000, 0x0000000087b00000|100%| E|CS|TAMS 0x0000000087a00000, 0x0000000087a00000| Complete 
| 123|0x0000000087b00000, 0x0000000087c00000, 0x0000000087c00000|100%| E|CS|TAMS 0x0000000087b00000, 0x0000000087b00000| Complete 
| 124|0x0000000087c00000, 0x0000000087d00000, 0x0000000087d00000|100%| E|CS|TAMS 0x0000000087c00000, 0x0000000087c00000| Complete 
| 125|0x0000000087d00000, 0x0000000087e00000, 0x0000000087e00000|100%| E|CS|TAMS 0x0000000087d00000, 0x0000000087d00000| Complete 
| 126|0x0000000087e00000, 0x0000000087f00000, 0x0000000087f00000|100%| E|CS|TAMS 0x0000000087e00000, 0x0000000087e00000| Complete 
| 127|0x0000000087f00000, 0x0000000088000000, 0x0000000088000000|100%| E|CS|TAMS 0x0000000087f00000, 0x0000000087f00000| Complete 
| 128|0x0000000088000000, 0x0000000088100000, 0x0000000088100000|100%| E|CS|TAMS 0x0000000088000000, 0x0000000088000000| Complete 
| 129|0x0000000088100000, 0x0000000088200000, 0x0000000088200000|100%| E|CS|TAMS 0x0000000088100000, 0x0000000088100000| Complete 
| 130|0x0000000088200000, 0x0000000088300000, 0x0000000088300000|100%| E|CS|TAMS 0x0000000088200000, 0x0000000088200000| Complete 
| 131|0x0000000088300000, 0x0000000088400000, 0x0000000088400000|100%| E|CS|TAMS 0x0000000088300000, 0x0000000088300000| Complete 
| 132|0x0000000088400000, 0x0000000088500000, 0x0000000088500000|100%| E|CS|TAMS 0x0000000088400000, 0x0000000088400000| Complete 
| 133|0x0000000088500000, 0x0000000088600000, 0x0000000088600000|100%| E|CS|TAMS 0x0000000088500000, 0x0000000088500000| Complete 
| 134|0x0000000088600000, 0x0000000088700000, 0x0000000088700000|100%| E|CS|TAMS 0x0000000088600000, 0x0000000088600000| Complete 
| 135|0x0000000088700000, 0x0000000088800000, 0x0000000088800000|100%| E|CS|TAMS 0x0000000088700000, 0x0000000088700000| Complete 
| 136|0x0000000088800000, 0x0000000088900000, 0x0000000088900000|100%| E|CS|TAMS 0x0000000088800000, 0x0000000088800000| Complete 
| 137|0x0000000088900000, 0x0000000088a00000, 0x0000000088a00000|100%| E|CS|TAMS 0x0000000088900000, 0x0000000088900000| Complete 
| 138|0x0000000088a00000, 0x0000000088b00000, 0x0000000088b00000|100%| E|CS|TAMS 0x0000000088a00000, 0x0000000088a00000| Complete 
| 139|0x0000000088b00000, 0x0000000088c00000, 0x0000000088c00000|100%| E|CS|TAMS 0x0000000088b00000, 0x0000000088b00000| Complete 
| 140|0x0000000088c00000, 0x0000000088d00000, 0x0000000088d00000|100%| E|CS|TAMS 0x0000000088c00000, 0x0000000088c00000| Complete 
| 141|0x0000000088d00000, 0x0000000088e00000, 0x0000000088e00000|100%| E|CS|TAMS 0x0000000088d00000, 0x0000000088d00000| Complete 
| 142|0x0000000088e00000, 0x0000000088f00000, 0x0000000088f00000|100%| E|CS|TAMS 0x0000000088e00000, 0x0000000088e00000| Complete 
| 143|0x0000000088f00000, 0x0000000089000000, 0x0000000089000000|100%| E|CS|TAMS 0x0000000088f00000, 0x0000000088f00000| Complete 
| 144|0x0000000089000000, 0x0000000089100000, 0x0000000089100000|100%| E|CS|TAMS 0x0000000089000000, 0x0000000089000000| Complete 
| 145|0x0000000089100000, 0x0000000089200000, 0x0000000089200000|100%| E|CS|TAMS 0x0000000089100000, 0x0000000089100000| Complete 
| 146|0x0000000089200000, 0x0000000089300000, 0x0000000089300000|100%| E|CS|TAMS 0x0000000089200000, 0x0000000089200000| Complete 
| 147|0x0000000089300000, 0x0000000089400000, 0x0000000089400000|100%| E|CS|TAMS 0x0000000089300000, 0x0000000089300000| Complete 
| 148|0x0000000089400000, 0x0000000089500000, 0x0000000089500000|100%| E|CS|TAMS 0x0000000089400000, 0x0000000089400000| Complete 
| 149|0x0000000089500000, 0x0000000089600000, 0x0000000089600000|100%| E|CS|TAMS 0x0000000089500000, 0x0000000089500000| Complete 
| 150|0x0000000089600000, 0x0000000089700000, 0x0000000089700000|100%| E|CS|TAMS 0x0000000089600000, 0x0000000089600000| Complete 
| 151|0x0000000089700000, 0x0000000089800000, 0x0000000089800000|100%| E|CS|TAMS 0x0000000089700000, 0x0000000089700000| Complete 
| 152|0x0000000089800000, 0x0000000089900000, 0x0000000089900000|100%| E|CS|TAMS 0x0000000089800000, 0x0000000089800000| Complete 
| 153|0x0000000089900000, 0x0000000089a00000, 0x0000000089a00000|100%| E|CS|TAMS 0x0000000089900000, 0x0000000089900000| Complete 
| 154|0x0000000089a00000, 0x0000000089b00000, 0x0000000089b00000|100%| E|CS|TAMS 0x0000000089a00000, 0x0000000089a00000| Complete 
| 155|0x0000000089b00000, 0x0000000089c00000, 0x0000000089c00000|100%| E|CS|TAMS 0x0000000089b00000, 0x0000000089b00000| Complete 
| 156|0x0000000089c00000, 0x0000000089d00000, 0x0000000089d00000|100%| E|CS|TAMS 0x0000000089c00000, 0x0000000089c00000| Complete 
| 157|0x0000000089d00000, 0x0000000089e00000, 0x0000000089e00000|100%| E|CS|TAMS 0x0000000089d00000, 0x0000000089d00000| Complete 
| 158|0x0000000089e00000, 0x0000000089f00000, 0x0000000089f00000|100%| E|CS|TAMS 0x0000000089e00000, 0x0000000089e00000| Complete 
| 159|0x0000000089f00000, 0x000000008a000000, 0x000000008a000000|100%| E|CS|TAMS 0x0000000089f00000, 0x0000000089f00000| Complete 
| 160|0x000000008a000000, 0x000000008a100000, 0x000000008a100000|100%| E|CS|TAMS 0x000000008a000000, 0x000000008a000000| Complete 
| 161|0x000000008a100000, 0x000000008a200000, 0x000000008a200000|100%| E|CS|TAMS 0x000000008a100000, 0x000000008a100000| Complete 
| 162|0x000000008a200000, 0x000000008a300000, 0x000000008a300000|100%| E|CS|TAMS 0x000000008a200000, 0x000000008a200000| Complete 
| 163|0x000000008a300000, 0x000000008a400000, 0x000000008a400000|100%| E|CS|TAMS 0x000000008a300000, 0x000000008a300000| Complete 
| 164|0x000000008a400000, 0x000000008a500000, 0x000000008a500000|100%| E|CS|TAMS 0x000000008a400000, 0x000000008a400000| Complete 
| 165|0x000000008a500000, 0x000000008a600000, 0x000000008a600000|100%| E|CS|TAMS 0x000000008a500000, 0x000000008a500000| Complete 
| 166|0x000000008a600000, 0x000000008a68c928, 0x000000008a700000| 54%| S|CS|TAMS 0x000000008a600000, 0x000000008a600000| Complete 
| 167|0x000000008a700000, 0x000000008a800000, 0x000000008a800000|100%| E|CS|TAMS 0x000000008a700000, 0x000000008a700000| Complete 
| 168|0x000000008a800000, 0x000000008a900000, 0x000000008a900000|100%| E|CS|TAMS 0x000000008a800000, 0x000000008a800000| Complete 
| 169|0x000000008a900000, 0x000000008aa00000, 0x000000008aa00000|100%| E|CS|TAMS 0x000000008a900000, 0x000000008a900000| Complete 
| 170|0x000000008aa00000, 0x000000008ab00000, 0x000000008ab00000|100%| E|CS|TAMS 0x000000008aa00000, 0x000000008aa00000| Complete 
| 171|0x000000008ab00000, 0x000000008ac00000, 0x000000008ac00000|100%| E|CS|TAMS 0x000000008ab00000, 0x000000008ab00000| Complete 
| 172|0x000000008ac00000, 0x000000008ad00000, 0x000000008ad00000|100%| E|CS|TAMS 0x000000008ac00000, 0x000000008ac00000| Complete 
| 173|0x000000008ad00000, 0x000000008ae00000, 0x000000008ae00000|100%| E|CS|TAMS 0x000000008ad00000, 0x000000008ad00000| Complete 
| 174|0x000000008ae00000, 0x000000008af00000, 0x000000008af00000|100%| E|CS|TAMS 0x000000008ae00000, 0x000000008ae00000| Complete 
| 175|0x000000008af00000, 0x000000008b000000, 0x000000008b000000|100%| E|CS|TAMS 0x000000008af00000, 0x000000008af00000| Complete 
| 176|0x000000008b000000, 0x000000008b100000, 0x000000008b100000|100%| E|CS|TAMS 0x000000008b000000, 0x000000008b000000| Complete 
| 177|0x000000008b100000, 0x000000008b200000, 0x000000008b200000|100%| E|CS|TAMS 0x000000008b100000, 0x000000008b100000| Complete 
| 178|0x000000008b200000, 0x000000008b300000, 0x000000008b300000|100%| E|CS|TAMS 0x000000008b200000, 0x000000008b200000| Complete 
| 179|0x000000008b300000, 0x000000008b400000, 0x000000008b400000|100%| E|CS|TAMS 0x000000008b300000, 0x000000008b300000| Complete 
| 180|0x000000008b400000, 0x000000008b500000, 0x000000008b500000|100%| E|CS|TAMS 0x000000008b400000, 0x000000008b400000| Complete 
| 181|0x000000008b500000, 0x000000008b600000, 0x000000008b600000|100%| E|CS|TAMS 0x000000008b500000, 0x000000008b500000| Complete 
| 182|0x000000008b600000, 0x000000008b700000, 0x000000008b700000|100%| E|CS|TAMS 0x000000008b600000, 0x000000008b600000| Complete 
| 183|0x000000008b700000, 0x000000008b800000, 0x000000008b800000|100%| E|CS|TAMS 0x000000008b700000, 0x000000008b700000| Complete 
| 184|0x000000008b800000, 0x000000008b900000, 0x000000008b900000|100%| E|CS|TAMS 0x000000008b800000, 0x000000008b800000| Complete 
| 185|0x000000008b900000, 0x000000008ba00000, 0x000000008ba00000|100%| E|CS|TAMS 0x000000008b900000, 0x000000008b900000| Complete 
| 186|0x000000008ba00000, 0x000000008bb00000, 0x000000008bb00000|100%| E|CS|TAMS 0x000000008ba00000, 0x000000008ba00000| Complete 
| 187|0x000000008bb00000, 0x000000008bc00000, 0x000000008bc00000|100%| E|  |TAMS 0x000000008bb00000, 0x000000008bb00000| Complete 
| 188|0x000000008bc00000, 0x000000008bd00000, 0x000000008bd00000|100%| E|CS|TAMS 0x000000008bc00000, 0x000000008bc00000| Complete 
| 189|0x000000008bd00000, 0x000000008be00000, 0x000000008be00000|100%| E|CS|TAMS 0x000000008bd00000, 0x000000008bd00000| Complete 
| 190|0x000000008be00000, 0x000000008bf00000, 0x000000008bf00000|100%| E|CS|TAMS 0x000000008be00000, 0x000000008be00000| Complete 
| 191|0x000000008bf00000, 0x000000008c000000, 0x000000008c000000|100%| E|CS|TAMS 0x000000008bf00000, 0x000000008bf00000| Complete 

Card table byte_map: [0x000001deded90000,0x000001dedf190000] _byte_map_base: 0x000001dede990000

Marking Bits (Prev, Next): (CMBitMap*) 0x000001dec5ca9f80, (CMBitMap*) 0x000001dec5ca9fc0
 Prev Bits: [0x000001dedf590000, 0x000001dee1590000)
 Next Bits: [0x000001dee1590000, 0x000001dee3590000)

Polling page: 0x000001dec5de0000

Metaspace:

Usage:
  Non-class:     15.28 MB used.
      Class:      2.61 MB used.
       Both:     17.89 MB used.

Virtual space:
  Non-class space:       64.00 MB reserved,      15.44 MB ( 24%) committed,  1 nodes.
      Class space:      416.00 MB reserved,       2.75 MB ( <1%) committed,  1 nodes.
             Both:      480.00 MB reserved,      18.19 MB (  4%) committed. 

Chunk freelists:
   Non-Class:  480.00 KB
       Class:  13.17 MB
        Both:  13.64 MB

MaxMetaspaceSize: 512.00 MB
CompressedClassSpaceSize: 416.00 MB
Initial GC threshold: 21.00 MB
Current GC threshold: 21.00 MB
CDS: on
MetaspaceReclaimPolicy: balanced
 - commit_granule_bytes: 65536.
 - commit_granule_words: 8192.
 - virtual_space_node_default_size: 8388608.
 - enlarge_chunks_in_place: 1.
 - new_chunks_are_fully_committed: 0.
 - uncommit_free_chunks: 1.
 - use_allocation_guard: 0.
 - handle_deallocations: 1.


Internal statistics:

num_allocs_failed_limit: 0.
num_arena_births: 228.
num_arena_deaths: 0.
num_vsnodes_births: 2.
num_vsnodes_deaths: 0.
num_space_committed: 291.
num_space_uncommitted: 0.
num_chunks_returned_to_freelist: 0.
num_chunks_taken_from_freelist: 844.
num_chunk_merges: 0.
num_chunk_splits: 563.
num_chunks_enlarged: 413.
num_inconsistent_stats: 0.

CodeHeap 'non-profiled nmethods': size=120000Kb used=1280Kb max_used=1280Kb free=118719Kb
 bounds [0x000001ded7460000, 0x000001ded76d0000, 0x000001dede990000]
CodeHeap 'profiled nmethods': size=120000Kb used=5081Kb max_used=5081Kb free=114919Kb
 bounds [0x000001decf990000, 0x000001decfe90000, 0x000001ded6ec0000]
CodeHeap 'non-nmethods': size=5760Kb used=1232Kb max_used=1273Kb free=4527Kb
 bounds [0x000001ded6ec0000, 0x000001ded7130000, 0x000001ded7460000]
 total_blobs=2979 nmethods=2440 adapters=451
 compilation: enabled
              stopped_count=0, restarted_count=0
 full_count=0

Compilation events (20 events):
Event: 7.103 Thread 0x000001dee5a86ad0 2436       3       org.gradle.internal.instantiation.generator.AbstractClassGenerator$PropertyMetadata::getType (34 bytes)
Event: 7.103 Thread 0x000001dee5a86ad0 nmethod 2436 0x000001decfe83510 code [0x000001decfe83700, 0x000001decfe83d38]
Event: 7.117 Thread 0x000001dee5a86ad0 2437       3       sun.reflect.generics.parser.SignatureParser::make (8 bytes)
Event: 7.117 Thread 0x000001dee5a86ad0 nmethod 2437 0x000001decfe83f90 code [0x000001decfe84140, 0x000001decfe84338]
Event: 7.117 Thread 0x000001dee5a86ad0 2438       3       sun.reflect.generics.parser.SignatureParser::<init> (5 bytes)
Event: 7.117 Thread 0x000001dee5a86ad0 nmethod 2438 0x000001decfe84410 code [0x000001decfe845a0, 0x000001decfe846f8]
Event: 7.117 Thread 0x000001dee5a86ad0 2439       3       sun.reflect.generics.parser.SignatureParser::init (16 bytes)
Event: 7.117 Thread 0x000001dee5a86ad0 nmethod 2439 0x000001decfe84790 code [0x000001decfe84920, 0x000001decfe84a78]
Event: 7.118 Thread 0x000001dee5a86ad0 2440       3       sun.reflect.generics.repository.AbstractRepository::getReifier (8 bytes)
Event: 7.118 Thread 0x000001dee5a86ad0 nmethod 2440 0x000001decfe84b10 code [0x000001decfe84cc0, 0x000001decfe84fb8]
Event: 7.178 Thread 0x000001dee5a86ad0 2442       3       java.lang.Class::getDeclaredConstructors (27 bytes)
Event: 7.178 Thread 0x000001dee5a86ad0 nmethod 2442 0x000001decfe85110 code [0x000001decfe85300, 0x000001decfe85618]
Event: 7.182 Thread 0x000001dee5a86ad0 2443       3       jdk.internal.perf.PerfCounter::getParentDelegationTime (4 bytes)
Event: 7.182 Thread 0x000001dee5a86ad0 nmethod 2443 0x000001decfe85790 code [0x000001decfe85920, 0x000001decfe85a18]
Event: 7.182 Thread 0x000001dee5a86ad0 2444       3       jdk.internal.perf.PerfCounter::addTime (6 bytes)
Event: 7.182 Thread 0x000001dee5a86ad0 nmethod 2444 0x000001decfe85a90 code [0x000001decfe85c20, 0x000001decfe85d68]
Event: 7.182 Thread 0x000001dee5a86ad0 2445       3       jdk.internal.perf.PerfCounter::getFindClassTime (4 bytes)
Event: 7.182 Thread 0x000001dee5a86ad0 nmethod 2445 0x000001decfe85e10 code [0x000001decfe85fa0, 0x000001decfe86098]
Event: 7.182 Thread 0x000001dee5a86ad0 2446       3       jdk.internal.perf.PerfCounter::getFindClasses (4 bytes)
Event: 7.182 Thread 0x000001dee5a86ad0 nmethod 2446 0x000001decfe86110 code [0x000001decfe862a0, 0x000001decfe86398]

GC Heap History (6 events):
Event: 1.082 GC heap before
{Heap before GC invocations=0 (full 0):
 garbage-first heap   total 196608K, used 13312K [0x0000000080000000, 0x0000000100000000)
  region size 1024K, 13 young (13312K), 0 survivors (0K)
 Metaspace       used 1016K, committed 1152K, reserved 491520K
  class space    used 76K, committed 128K, reserved 425984K
}
Event: 1.118 GC heap after
{Heap after GC invocations=1 (full 0):
 garbage-first heap   total 196608K, used 3253K [0x0000000080000000, 0x0000000100000000)
  region size 1024K, 2 young (2048K), 2 survivors (2048K)
 Metaspace       used 1016K, committed 1152K, reserved 491520K
  class space    used 76K, committed 128K, reserved 425984K
}
Event: 2.106 GC heap before
{Heap before GC invocations=1 (full 0):
 garbage-first heap   total 196608K, used 22709K [0x0000000080000000, 0x0000000100000000)
  region size 1024K, 17 young (17408K), 2 survivors (2048K)
 Metaspace       used 3828K, committed 4032K, reserved 491520K
  class space    used 482K, committed 576K, reserved 425984K
}
Event: 2.110 GC heap after
{Heap after GC invocations=2 (full 0):
 garbage-first heap   total 196608K, used 10900K [0x0000000080000000, 0x0000000100000000)
  region size 1024K, 3 young (3072K), 3 survivors (3072K)
 Metaspace       used 3828K, committed 4032K, reserved 491520K
  class space    used 482K, committed 576K, reserved 425984K
}
Event: 2.911 GC heap before
{Heap before GC invocations=2 (full 0):
 garbage-first heap   total 196608K, used 32404K [0x0000000080000000, 0x0000000100000000)
  region size 1024K, 25 young (25600K), 3 survivors (3072K)
 Metaspace       used 4016K, committed 4160K, reserved 491520K
  class space    used 493K, committed 576K, reserved 425984K
}
Event: 2.914 GC heap after
{Heap after GC invocations=3 (full 0):
 garbage-first heap   total 196608K, used 11538K [0x0000000080000000, 0x0000000100000000)
  region size 1024K, 1 young (1024K), 1 survivors (1024K)
 Metaspace       used 4016K, committed 4160K, reserved 491520K
  class space    used 493K, committed 576K, reserved 425984K
}

Dll operation events (15 events):
Event: 0.012 Loaded shared library C:\Program Files\Microsoft\jdk-17.0.10.7-hotspot\bin\java.dll
Event: 0.048 Loaded shared library C:\Program Files\Microsoft\jdk-17.0.10.7-hotspot\bin\jsvml.dll
Event: 0.162 Loaded shared library C:\Program Files\Microsoft\jdk-17.0.10.7-hotspot\bin\zip.dll
Event: 0.166 Loaded shared library C:\Program Files\Microsoft\jdk-17.0.10.7-hotspot\bin\instrument.dll
Event: 0.174 Loaded shared library C:\Program Files\Microsoft\jdk-17.0.10.7-hotspot\bin\net.dll
Event: 0.176 Loaded shared library C:\Program Files\Microsoft\jdk-17.0.10.7-hotspot\bin\nio.dll
Event: 0.184 Loaded shared library C:\Program Files\Microsoft\jdk-17.0.10.7-hotspot\bin\zip.dll
Event: 0.885 Loaded shared library C:\Program Files\Microsoft\jdk-17.0.10.7-hotspot\bin\jimage.dll
Event: 1.126 Loaded shared library C:\Program Files\Microsoft\jdk-17.0.10.7-hotspot\bin\verify.dll
Event: 1.515 Loaded shared library C:\Users\hammad\.gradle\native\c067742578af261105cb4f569cf0c3c89f3d7b1fecec35dd04571415982c5e48\windows-amd64\native-platform.dll
Event: 1.526 Loaded shared library C:\Users\hammad\.gradle\native\38dada09dfb8b06ba9b0570ebf7e218e3eb74d4ef43ca46872605cf95ebc2f47\windows-amd64\native-platform-file-events.dll
Event: 3.697 Loaded shared library C:\Program Files\Microsoft\jdk-17.0.10.7-hotspot\bin\management.dll
Event: 3.701 Loaded shared library C:\Program Files\Microsoft\jdk-17.0.10.7-hotspot\bin\management_ext.dll
Event: 4.184 Loaded shared library C:\Program Files\Microsoft\jdk-17.0.10.7-hotspot\bin\extnet.dll
Event: 4.881 Loaded shared library C:\Program Files\Microsoft\jdk-17.0.10.7-hotspot\bin\sunmscapi.dll

Deoptimization events (20 events):
Event: 5.882 Thread 0x000001deeb51b650 Uncommon trap: trap_request=0xffffff45 fr.pc=0x000001ded747e938 relative=0x0000000000000198
Event: 5.882 Thread 0x000001deeb51b650 Uncommon trap: reason=unstable_if action=reinterpret pc=0x000001ded747e938 method=java.util.regex.Matcher.reset()Ljava/util/regex/Matcher; @ 47 c2
Event: 5.882 Thread 0x000001deeb51b650 DEOPT PACKING pc=0x000001ded747e938 sp=0x000000cff25faff0
Event: 5.882 Thread 0x000001deeb51b650 DEOPT UNPACKING pc=0x000001ded6f169a3 sp=0x000000cff25faf80 mode 2
Event: 5.919 Thread 0x000001deeb51b650 Uncommon trap: trap_request=0xffffff45 fr.pc=0x000001ded74fabcc relative=0x000000000000072c
Event: 5.919 Thread 0x000001deeb51b650 Uncommon trap: reason=unstable_if action=reinterpret pc=0x000001ded74fabcc method=java.util.ArrayList.grow(I)[Ljava/lang/Object; @ 17 c2
Event: 5.919 Thread 0x000001deeb51b650 DEOPT PACKING pc=0x000001ded74fabcc sp=0x000000cff25fd0e0
Event: 5.919 Thread 0x000001deeb51b650 DEOPT UNPACKING pc=0x000001ded6f169a3 sp=0x000000cff25fcf78 mode 2
Event: 5.964 Thread 0x000001deeb51b650 Uncommon trap: trap_request=0xffffff45 fr.pc=0x000001ded748199c relative=0x0000000000000a9c
Event: 5.964 Thread 0x000001deeb51b650 Uncommon trap: reason=unstable_if action=reinterpret pc=0x000001ded748199c method=java.io.WinNTFileSystem.resolve(Ljava/lang/String;Ljava/lang/String;)Ljava/lang/String; @ 19 c2
Event: 5.964 Thread 0x000001deeb51b650 DEOPT PACKING pc=0x000001ded748199c sp=0x000000cff25fcfd0
Event: 5.964 Thread 0x000001deeb51b650 DEOPT UNPACKING pc=0x000001ded6f169a3 sp=0x000000cff25fcf78 mode 2
Event: 5.965 Thread 0x000001deeb51b650 Uncommon trap: trap_request=0xffffff45 fr.pc=0x000001ded74dfb80 relative=0x00000000000005c0
Event: 5.965 Thread 0x000001deeb51b650 Uncommon trap: reason=unstable_if action=reinterpret pc=0x000001ded74dfb80 method=java.io.File.getName()Ljava/lang/String; @ 16 c2
Event: 5.965 Thread 0x000001deeb51b650 DEOPT PACKING pc=0x000001ded74dfb80 sp=0x000000cff25fcf70
Event: 5.965 Thread 0x000001deeb51b650 DEOPT UNPACKING pc=0x000001ded6f169a3 sp=0x000000cff25fcf40 mode 2
Event: 6.994 Thread 0x000001deeb51b650 Uncommon trap: trap_request=0xffffff45 fr.pc=0x000001ded7570118 relative=0x00000000000003d8
Event: 6.994 Thread 0x000001deeb51b650 Uncommon trap: reason=unstable_if action=reinterpret pc=0x000001ded7570118 method=java.util.HashMap.getNode(Ljava/lang/Object;)Ljava/util/HashMap$Node; @ 131 c2
Event: 6.994 Thread 0x000001deeb51b650 DEOPT PACKING pc=0x000001ded7570118 sp=0x000000cff25faf40
Event: 6.995 Thread 0x000001deeb51b650 DEOPT UNPACKING pc=0x000001ded6f169a3 sp=0x000000cff25fae60 mode 2

Classes unloaded (0 events):
No events

Classes redefined (0 events):
No events

Internal exceptions (20 events):
Event: 5.603 Thread 0x000001deeb51b650 Exception <a 'java/lang/NoSuchMethodError'{0x0000000088969cd0}: 'java.lang.Object java.lang.invoke.DirectMethodHandle$Holder.invokeSpecial(java.lang.Object, java.lang.Object, java.lang.Object, java.lang.Object, java.lang.Object, java.lang.Object, java.lang.Object, java.lang.Object, java.lang.Object, java.lang.Object)'> (0x0000000088969cd0) 
thrown [s\src\hotspot\share\interpreter\linkResolver.cpp, line 759]
Event: 5.604 Thread 0x000001deeb51b650 Exception <a 'java/lang/NoSuchMethodError'{0x000000008896e5a0}: 'java.lang.Object java.lang.invoke.Invokers$Holder.invoker(java.lang.Object, java.lang.Object, java.lang.Object, java.lang.Object, java.lang.Object, java.lang.Object, java.lang.Object, java.lang.Object, java.lang.Object, java.lang.Object)'> (0x000000008896e5a0) 
thrown [s\src\hotspot\share\interpreter\linkResolver.cpp, line 759]
Event: 5.608 Thread 0x000001deeb51b650 Exception <a 'java/lang/NoSuchMethodError'{0x0000000088974128}: 'java.lang.Object java.lang.invoke.DirectMethodHandle$Holder.invokeSpecial(java.lang.Object, java.lang.Object, java.lang.Object, java.lang.Object, java.lang.Object, java.lang.Object, java.lang.Object, java.lang.Object, java.lang.Object, java.lang.Object, java.lang.Object)'> (0x0000000088974128) 
thrown [s\src\hotspot\share\interpreter\linkResolver.cpp, line 759]
Event: 5.830 Thread 0x000001deeb51b650 Exception <a 'java/lang/NoSuchMethodError'{0x0000000088361758}: 'void java.lang.invoke.DirectMethodHandle$Holder.invokeStaticInit(java.lang.Object)'> (0x0000000088361758) 
thrown [s\src\hotspot\share\interpreter\linkResolver.cpp, line 759]
Event: 5.856 Thread 0x000001deeb51b650 Exception <a 'java/lang/NoSuchMethodError'{0x0000000088212140}: 'java.lang.Object java.lang.invoke.DirectMethodHandle$Holder.newInvokeSpecial(java.lang.Object, java.lang.Object, java.lang.Object, int)'> (0x0000000088212140) 
thrown [s\src\hotspot\share\interpreter\linkResolver.cpp, line 759]
Event: 5.857 Thread 0x000001deeb51b650 Exception <a 'java/lang/NoSuchMethodError'{0x0000000088216a70}: 'java.lang.Object java.lang.invoke.DirectMethodHandle$Holder.invokeSpecial(java.lang.Object, java.lang.Object, java.lang.Object, java.lang.Object, int)'> (0x0000000088216a70) 
thrown [s\src\hotspot\share\interpreter\linkResolver.cpp, line 759]
Event: 5.857 Thread 0x000001deeb51b650 Exception <a 'java/lang/NoSuchMethodError'{0x000000008821ab88}: 'java.lang.Object java.lang.invoke.Invokers$Holder.linkToTargetMethod(java.lang.Object, java.lang.Object, int, java.lang.Object)'> (0x000000008821ab88) 
thrown [s\src\hotspot\share\interpreter\linkResolver.cpp, line 759]
Event: 6.144 Thread 0x000001deeb51ac30 Exception <a 'java/lang/NoSuchMethodError'{0x00000000896ba7b0}: static Lorg/gradle/internal/build/event/types/DefaultOperationStartedProgressEvent;.<clinit>()V> (0x00000000896ba7b0) 
thrown [s\src\hotspot\share\prims\jni.cpp, line 1107]
Event: 6.145 Thread 0x000001deeb51ac30 Exception <a 'java/lang/NoSuchMethodError'{0x00000000896bc878}: static Lorg/gradle/internal/build/event/types/AbstractProgressEvent;.<clinit>()V> (0x00000000896bc878) 
thrown [s\src\hotspot\share\prims\jni.cpp, line 1107]
Event: 6.147 Thread 0x000001deeb51ac30 Exception <a 'java/lang/NoSuchMethodError'{0x00000000896c5938}: static Lorg/gradle/internal/build/event/types/DefaultOperationDescriptor;.<clinit>()V> (0x00000000896c5938) 
thrown [s\src\hotspot\share\prims\jni.cpp, line 1107]
Event: 6.150 Thread 0x000001deeb51ac30 Exception <a 'java/lang/NoSuchMethodError'{0x00000000896dc3b0}: static Lorg/gradle/internal/operations/OperationIdentifier;.<clinit>()V> (0x00000000896dc3b0) 
thrown [s\src\hotspot\share\prims\jni.cpp, line 1107]
Event: 6.470 Thread 0x000001deeb51b650 Exception <a 'java/lang/NoSuchMethodError'{0x0000000087128420}: 'int java.lang.invoke.DirectMethodHandle$Holder.invokeSpecialIFC(java.lang.Object, java.lang.Object, java.lang.Object, java.lang.Object)'> (0x0000000087128420) 
thrown [s\src\hotspot\share\interpreter\linkResolver.cpp, line 759]
Event: 6.474 Thread 0x000001deeb51b650 Exception <a 'java/lang/NoSuchMethodError'{0x00000000871376a0}: 'java.lang.Object java.lang.invoke.DirectMethodHandle$Holder.invokeInterface(java.lang.Object, java.lang.Object, java.lang.Object)'> (0x00000000871376a0) 
thrown [s\src\hotspot\share\interpreter\linkResolver.cpp, line 759]
Event: 6.476 Thread 0x000001deeb51b650 Exception <a 'java/lang/IncompatibleClassChangeError'{0x000000008713b560}: Found class java.lang.Object, but interface was expected> (0x000000008713b560) 
thrown [s\src\hotspot\share\interpreter\linkResolver.cpp, line 826]
Event: 6.602 Thread 0x000001deeb51b650 Exception <a 'java/lang/NoSuchMethodError'{0x0000000086fa2ad8}: 'int java.lang.invoke.DirectMethodHandle$Holder.invokeStatic(java.lang.Object, java.lang.Object, java.lang.Object, java.lang.Object)'> (0x0000000086fa2ad8) 
thrown [s\src\hotspot\share\interpreter\linkResolver.cpp, line 759]
Event: 6.602 Thread 0x000001deeb51b650 Exception <a 'java/lang/NoSuchMethodError'{0x0000000086fa6700}: 'java.lang.Object java.lang.invoke.Invokers$Holder.invokeExact_MT(java.lang.Object, java.lang.Object, java.lang.Object, java.lang.Object, java.lang.Object, java.lang.Object)'> (0x0000000086fa6700) 
thrown [s\src\hotspot\share\interpreter\linkResolver.cpp, line 759]
Event: 6.914 Thread 0x000001deeb51b650 Exception <a 'java/lang/NoSuchMethodError'{0x0000000086693be0}: 'java.lang.Object java.lang.invoke.DirectMethodHandle$Holder.invokeVirtual(java.lang.Object, java.lang.Object, java.lang.Object, java.lang.Object)'> (0x0000000086693be0) 
thrown [s\src\hotspot\share\interpreter\linkResolver.cpp, line 759]
Event: 7.030 Thread 0x000001deeb51b650 Exception <a 'java/lang/NoSuchMethodError'{0x00000000865dbe60}: 'java.lang.Object java.lang.invoke.DirectMethodHandle$Holder.newInvokeSpecial(java.lang.Object, java.lang.Object, java.lang.Object, java.lang.Object, java.lang.Object, java.lang.Object, java.lang.Object)'> (0x00000000865dbe60) 
thrown [s\src\hotspot\share\interpreter\linkResolver.cpp, line 759]
Event: 7.030 Thread 0x000001deeb51b650 Exception <a 'java/lang/NoSuchMethodError'{0x00000000865e0b30}: 'java.lang.Object java.lang.invoke.Invokers$Holder.linkToTargetMethod(java.lang.Object, java.lang.Object, java.lang.Object, java.lang.Object, java.lang.Object, java.lang.Object, java.lang.Object)'> (0x00000000865e0b30) 
thrown [s\src\hotspot\share\interpreter\linkResolver.cpp, line 759]
Event: 7.134 Thread 0x000001deeb51b650 Exception <a 'java/lang/NoSuchMethodError'{0x0000000086338dd8}: 'java.lang.Object java.lang.invoke.DirectMethodHandle$Holder.invokeVirtual(java.lang.Object, java.lang.Object, java.lang.Object, java.lang.Object, java.lang.Object, java.lang.Object, java.lang.Object, java.lang.Object, java.lang.Object, java.lang.Object, java.lang.Object, java.lang.Object, java.lang.Object, java.lang.Object, java.lang.Object, java.lang.Object, java.lang.Object, java.lang.Object, java.lang.Object, java.lang.Object, java.lang.Ob

VM Operations (20 events):
Event: 4.006 Executing VM operation: HandshakeAllThreads
Event: 4.006 Executing VM operation: HandshakeAllThreads done
Event: 4.006 Executing VM operation: Cleanup
Event: 4.007 Executing VM operation: Cleanup done
Event: 4.151 Executing VM operation: HandshakeAllThreads
Event: 4.151 Executing VM operation: HandshakeAllThreads done
Event: 4.692 Executing VM operation: HandshakeAllThreads
Event: 4.692 Executing VM operation: HandshakeAllThreads done
Event: 4.818 Executing VM operation: HandshakeAllThreads
Event: 4.818 Executing VM operation: HandshakeAllThreads done
Event: 5.534 Executing VM operation: HandshakeAllThreads
Event: 5.534 Executing VM operation: HandshakeAllThreads done
Event: 5.534 Executing VM operation: Cleanup
Event: 5.534 Executing VM operation: Cleanup done
Event: 6.034 Executing VM operation: HandshakeAllThreads
Event: 6.034 Executing VM operation: HandshakeAllThreads done
Event: 6.034 Executing VM operation: HandshakeAllThreads
Event: 6.035 Executing VM operation: HandshakeAllThreads done
Event: 7.037 Executing VM operation: Cleanup
Event: 7.040 Executing VM operation: Cleanup done

Events (20 events):
Event: 6.458 loading class java/util/concurrent/Semaphore
Event: 6.458 loading class java/util/concurrent/Semaphore done
Event: 6.465 loading class java/nio/file/FileVisitOption
Event: 6.465 loading class java/nio/file/FileVisitOption done
Event: 6.476 loading class java/util/stream/ReduceOps$1
Event: 6.477 loading class java/util/stream/ReduceOps$1 done
Event: 6.477 loading class java/util/stream/ReduceOps$1ReducingSink
Event: 6.477 loading class java/util/stream/ReduceOps$1ReducingSink done
Event: 6.552 loading class java/lang/ThreadLocal$SuppliedThreadLocal
Event: 6.552 loading class java/lang/ThreadLocal$SuppliedThreadLocal done
Event: 6.844 loading class javax/xml/parsers/ParserConfigurationException
Event: 6.844 loading class javax/xml/parsers/ParserConfigurationException done
Event: 6.844 loading class org/xml/sax/SAXException
Event: 6.844 loading class org/xml/sax/SAXException done
Event: 6.844 loading class javax/xml/xpath/XPathExpressionException
Event: 6.844 loading class javax/xml/xpath/XPathException
Event: 6.844 loading class javax/xml/xpath/XPathException done
Event: 6.844 loading class javax/xml/xpath/XPathExpressionException done
Event: 6.844 loading class org/xml/sax/ErrorHandler
Event: 6.844 loading class org/xml/sax/ErrorHandler done


Dynamic libraries:
0x00007ff663040000 - 0x00007ff66304e000 	C:\Program Files\Microsoft\jdk-17.0.10.7-hotspot\bin\java.exe
0x00007ffdcd250000 - 0x00007ffdcd448000 	C:\WINDOWS\SYSTEM32\ntdll.dll
0x00007ffdcb340000 - 0x00007ffdcb3fd000 	C:\WINDOWS\System32\KERNEL32.DLL
0x00007ffdcab00000 - 0x00007ffdcadf6000 	C:\WINDOWS\System32\KERNELBASE.dll
0x00007ffdcaf30000 - 0x00007ffdcb030000 	C:\WINDOWS\System32\ucrtbase.dll
0x00007ffdc30f0000 - 0x00007ffdc3107000 	C:\Program Files\Microsoft\jdk-17.0.10.7-hotspot\bin\jli.dll
0x00007ffdc30d0000 - 0x00007ffdc30eb000 	C:\Program Files\Microsoft\jdk-17.0.10.7-hotspot\bin\VCRUNTIME140.dll
0x00007ffdcb650000 - 0x00007ffdcb7ef000 	C:\WINDOWS\System32\USER32.dll
0x00007ffdcaa60000 - 0x00007ffdcaa82000 	C:\WINDOWS\System32\win32u.dll
0x00007ffdcd1e0000 - 0x00007ffdcd20b000 	C:\WINDOWS\System32\GDI32.dll
0x00007ffdbb990000 - 0x00007ffdbbc2a000 	C:\WINDOWS\WinSxS\amd64_microsoft.windows.common-controls_6595b64144ccf1df_6.0.19041.4355_none_60b8b9eb71f62e16\COMCTL32.dll
0x00007ffdcb030000 - 0x00007ffdcb147000 	C:\WINDOWS\System32\gdi32full.dll
0x00007ffdcb440000 - 0x00007ffdcb4de000 	C:\WINDOWS\System32\msvcrt.dll
0x00007ffdcae90000 - 0x00007ffdcaf2d000 	C:\WINDOWS\System32\msvcp_win.dll
0x00007ffdcb400000 - 0x00007ffdcb432000 	C:\WINDOWS\System32\IMM32.DLL
0x00007ffdc5080000 - 0x00007ffdc508c000 	C:\Program Files\Microsoft\jdk-17.0.10.7-hotspot\bin\vcruntime140_1.dll
0x00007ffdafbc0000 - 0x00007ffdafc4d000 	C:\Program Files\Microsoft\jdk-17.0.10.7-hotspot\bin\msvcp140.dll
0x00007ffd87d00000 - 0x00007ffd88965000 	C:\Program Files\Microsoft\jdk-17.0.10.7-hotspot\bin\server\jvm.dll
0x00007ffdcb4e0000 - 0x00007ffdcb590000 	C:\WINDOWS\System32\ADVAPI32.dll
0x00007ffdcc550000 - 0x00007ffdcc5f0000 	C:\WINDOWS\System32\sechost.dll
0x00007ffdcb7f0000 - 0x00007ffdcb913000 	C:\WINDOWS\System32\RPCRT4.dll
0x00007ffdcb250000 - 0x00007ffdcb277000 	C:\WINDOWS\System32\bcrypt.dll
0x00007ffdc9e80000 - 0x00007ffdc9ecb000 	C:\WINDOWS\SYSTEM32\POWRPROF.dll
0x00007ffdc57f0000 - 0x00007ffdc57f9000 	C:\WINDOWS\SYSTEM32\WSOCK32.dll
0x00007ffdcc760000 - 0x00007ffdcc7cb000 	C:\WINDOWS\System32\WS2_32.dll
0x00007ffdbc3f0000 - 0x00007ffdbc417000 	C:\WINDOWS\SYSTEM32\WINMM.dll
0x00007ffdba110000 - 0x00007ffdba11a000 	C:\WINDOWS\SYSTEM32\VERSION.dll
0x00007ffdc9cf0000 - 0x00007ffdc9d02000 	C:\WINDOWS\SYSTEM32\UMPDC.dll
0x00007ffdc8780000 - 0x00007ffdc8792000 	C:\WINDOWS\SYSTEM32\kernel.appcore.dll
0x00007ffdc46d0000 - 0x00007ffdc46da000 	C:\Program Files\Microsoft\jdk-17.0.10.7-hotspot\bin\jimage.dll
0x00007ffdb8940000 - 0x00007ffdb8b24000 	C:\WINDOWS\SYSTEM32\DBGHELP.DLL
0x00007ffdb88d0000 - 0x00007ffdb8904000 	C:\WINDOWS\SYSTEM32\dbgcore.DLL
0x00007ffdcae00000 - 0x00007ffdcae82000 	C:\WINDOWS\System32\bcryptPrimitives.dll
0x00007ffdc55e0000 - 0x00007ffdc55ee000 	C:\Program Files\Microsoft\jdk-17.0.10.7-hotspot\bin\instrument.dll
0x00007ffdb0200000 - 0x00007ffdb0225000 	C:\Program Files\Microsoft\jdk-17.0.10.7-hotspot\bin\java.dll
0x00007ffdaf650000 - 0x00007ffdaf727000 	C:\Program Files\Microsoft\jdk-17.0.10.7-hotspot\bin\jsvml.dll
0x00007ffdcb920000 - 0x00007ffdcc08b000 	C:\WINDOWS\System32\SHELL32.dll
0x00007ffdc8980000 - 0x00007ffdc911d000 	C:\WINDOWS\SYSTEM32\windows.storage.dll
0x00007ffdcc090000 - 0x00007ffdcc3e3000 	C:\WINDOWS\System32\combase.dll
0x00007ffdca320000 - 0x00007ffdca34e000 	C:\WINDOWS\SYSTEM32\Wldp.dll
0x00007ffdcce80000 - 0x00007ffdccf4d000 	C:\WINDOWS\System32\OLEAUT32.dll
0x00007ffdcc830000 - 0x00007ffdcc8dd000 	C:\WINDOWS\System32\SHCORE.dll
0x00007ffdcb280000 - 0x00007ffdcb2d5000 	C:\WINDOWS\System32\shlwapi.dll
0x00007ffdca830000 - 0x00007ffdca854000 	C:\WINDOWS\SYSTEM32\profapi.dll
0x00007ffdb7410000 - 0x00007ffdb7428000 	C:\Program Files\Microsoft\jdk-17.0.10.7-hotspot\bin\zip.dll
0x00007ffdb8340000 - 0x00007ffdb8359000 	C:\Program Files\Microsoft\jdk-17.0.10.7-hotspot\bin\net.dll
0x00007ffdc0c50000 - 0x00007ffdc0d5a000 	C:\WINDOWS\SYSTEM32\WINHTTP.dll
0x00007ffdca080000 - 0x00007ffdca0ea000 	C:\WINDOWS\system32\mswsock.dll
0x00007ffdb7860000 - 0x00007ffdb7876000 	C:\Program Files\Microsoft\jdk-17.0.10.7-hotspot\bin\nio.dll
0x00007ffdc30c0000 - 0x00007ffdc30d0000 	C:\Program Files\Microsoft\jdk-17.0.10.7-hotspot\bin\verify.dll
0x00007ffdb3cd0000 - 0x00007ffdb3cf7000 	C:\Users\hammad\.gradle\native\c067742578af261105cb4f569cf0c3c89f3d7b1fecec35dd04571415982c5e48\windows-amd64\native-platform.dll
0x00007ffd60ea0000 - 0x00007ffd60fe4000 	C:\Users\hammad\.gradle\native\38dada09dfb8b06ba9b0570ebf7e218e3eb74d4ef43ca46872605cf95ebc2f47\windows-amd64\native-platform-file-events.dll
0x00007ffdc66a0000 - 0x00007ffdc66a9000 	C:\Program Files\Microsoft\jdk-17.0.10.7-hotspot\bin\management.dll
0x00007ffdc6690000 - 0x00007ffdc669b000 	C:\Program Files\Microsoft\jdk-17.0.10.7-hotspot\bin\management_ext.dll
0x00007ffdcc410000 - 0x00007ffdcc418000 	C:\WINDOWS\System32\PSAPI.DLL
0x00007ffdca270000 - 0x00007ffdca288000 	C:\WINDOWS\SYSTEM32\CRYPTSP.dll
0x00007ffdc9930000 - 0x00007ffdc9964000 	C:\WINDOWS\system32\rsaenh.dll
0x00007ffdca7a0000 - 0x00007ffdca7ce000 	C:\WINDOWS\SYSTEM32\USERENV.dll
0x00007ffdca290000 - 0x00007ffdca29c000 	C:\WINDOWS\SYSTEM32\CRYPTBASE.dll
0x00007ffdc9d10000 - 0x00007ffdc9d4b000 	C:\WINDOWS\SYSTEM32\IPHLPAPI.DLL
0x00007ffdcc420000 - 0x00007ffdcc428000 	C:\WINDOWS\System32\NSI.dll
0x00007ffdc1cc0000 - 0x00007ffdc1cd7000 	C:\WINDOWS\SYSTEM32\dhcpcsvc6.DLL
0x00007ffdc2910000 - 0x00007ffdc292d000 	C:\WINDOWS\SYSTEM32\dhcpcsvc.DLL
0x00007ffdc9d60000 - 0x00007ffdc9e2b000 	C:\WINDOWS\SYSTEM32\DNSAPI.dll
0x00007ffdc55f0000 - 0x00007ffdc55f9000 	C:\Program Files\Microsoft\jdk-17.0.10.7-hotspot\bin\extnet.dll
0x00007ffdc59e0000 - 0x00007ffdc59ee000 	C:\Program Files\Microsoft\jdk-17.0.10.7-hotspot\bin\sunmscapi.dll
0x00007ffdca900000 - 0x00007ffdcaa5e000 	C:\WINDOWS\System32\CRYPT32.dll
0x00007ffdca390000 - 0x00007ffdca3b9000 	C:\WINDOWS\SYSTEM32\ncrypt.dll
0x00007ffdca350000 - 0x00007ffdca38b000 	C:\WINDOWS\SYSTEM32\NTASN1.dll
0x00007ffdb58d0000 - 0x00007ffdb58d7000 	C:\WINDOWS\system32\wshunix.dll

dbghelp: loaded successfully - version: 4.0.5 - missing functions: none
symbol engine: initialized successfully - sym options: 0x614 - pdb path: .;C:\Program Files\Microsoft\jdk-17.0.10.7-hotspot\bin;C:\WINDOWS\SYSTEM32;C:\WINDOWS\WinSxS\amd64_microsoft.windows.common-controls_6595b64144ccf1df_6.0.19041.4355_none_60b8b9eb71f62e16;C:\Program Files\Microsoft\jdk-17.0.10.7-hotspot\bin\server;C:\Users\hammad\.gradle\native\c067742578af261105cb4f569cf0c3c89f3d7b1fecec35dd04571415982c5e48\windows-amd64;C:\Users\hammad\.gradle\native\38dada09dfb8b06ba9b0570ebf7e218e3eb74d4ef43ca46872605cf95ebc2f47\windows-amd64

VM Arguments:
jvm_args: -XX:MaxMetaspaceSize=512m --add-opens=java.base/java.util=ALL-UNNAMED --add-opens=java.base/java.lang=ALL-UNNAMED --add-opens=java.base/java.lang.invoke=ALL-UNNAMED --add-opens=java.prefs/java.util.prefs=ALL-UNNAMED --add-opens=java.base/java.nio.charset=ALL-UNNAMED --add-opens=java.base/java.net=ALL-UNNAMED --add-opens=java.base/java.util.concurrent.atomic=ALL-UNNAMED -Xmx2048m -Dfile.encoding=utf8 -Duser.country=US -Duser.language=en -Duser.variant -javaagent:C:\Users\hammad\.gradle\wrapper\dists\gradle-8.5-all\3zlzzgtsutfj0pbojr50n2l7z\gradle-8.5\lib\agents\gradle-instrumentation-agent-8.5.jar 
java_command: org.gradle.launcher.daemon.bootstrap.GradleDaemon 8.5
java_class_path (initial): C:\Users\hammad\.gradle\wrapper\dists\gradle-8.5-all\3zlzzgtsutfj0pbojr50n2l7z\gradle-8.5\lib\gradle-launcher-8.5.jar
Launcher Type: SUN_STANDARD

[Global flags]
     intx CICompilerCount                          = 3                                         {product} {ergonomic}
   size_t CompressedClassSpaceSize                 = 436207616                                 {product} {ergonomic}
     uint ConcGCThreads                            = 1                                         {product} {ergonomic}
     uint G1ConcRefinementThreads                  = 4                                         {product} {ergonomic}
   size_t G1HeapRegionSize                         = 1048576                                   {product} {ergonomic}
    uintx GCDrainStackTargetSize                   = 64                                        {product} {ergonomic}
   size_t InitialHeapSize                          = 201326592                                 {product} {ergonomic}
   size_t MarkStackSize                            = 4194304                                   {product} {ergonomic}
   size_t MaxHeapSize                              = 2147483648                                {product} {command line}
   size_t MaxMetaspaceSize                         = 536870912                                 {product} {command line}
   size_t MaxNewSize                               = 1287651328                                {product} {ergonomic}
   size_t MinHeapDeltaBytes                        = 1048576                                   {product} {ergonomic}
   size_t MinHeapSize                              = 8388608                                   {product} {ergonomic}
    uintx NonNMethodCodeHeapSize                   = 5832780                                {pd product} {ergonomic}
    uintx NonProfiledCodeHeapSize                  = 122912730                              {pd product} {ergonomic}
    uintx ProfiledCodeHeapSize                     = 122912730                              {pd product} {ergonomic}
    uintx ReservedCodeCacheSize                    = 251658240                              {pd product} {ergonomic}
     bool SegmentedCodeCache                       = true                                      {product} {ergonomic}
   size_t SoftMaxHeapSize                          = 2147483648                             {manageable} {ergonomic}
     bool UseCompressedClassPointers               = true                           {product lp64_product} {ergonomic}
     bool UseCompressedOops                        = true                           {product lp64_product} {ergonomic}
     bool UseG1GC                                  = true                                      {product} {ergonomic}
     bool UseLargePagesIndividualAllocation        = false                                  {pd product} {ergonomic}

Logging:
Log output configuration:
 #0: stdout all=warning uptime,level,tags
 #1: stderr all=off uptime,level,tags

Environment Variables:
JAVA_HOME=C:\Program Files\Microsoft\jdk-17.0.10.7-hotspot\
PATH=C:\Program Files\Microsoft\jdk-17.0.10.7-hotspot\bin;C:\Python312\Scripts\;C:\Python312\;C:\WINDOWS\system32;C:\WINDOWS;C:\WINDOWS\System32\Wbem;C:\WINDOWS\System32\WindowsPowerShell\v1.0\;C:\WINDOWS\System32\OpenSSH\;C:\Program Files\PuTTY\;C:\ProgramData\chocolatey\bin;C:\Program Files\Git\cmd;C:\Users\hammad\AppData\Roaming\nvm;C:\Program Files\nodejs;C:\Users\hammad\AppData\Local\Programs\Python\Python310\Scripts\;C:\Users\hammad\AppData\Local\Microsoft\WindowsApps;C:\Users\hammad\AppData\Local\Programs\Microsoft VS Code\bin;C:\Program Files\Git\bin;C:\Program Files\mingw64\mingw64\bin;C:\Users\hammad\AppData\Local\Android\Sdk\platform-tools;C:\Users\hammad\AppData\Roaming\Python\Python312\Scripts;C:\Users\hammad\AppData\Roaming\npm;C:\Users\hammad\AppData\Roaming\nvm;C:\Program Files\nodejs
USERNAME=hammad
OS=Windows_NT
PROCESSOR_IDENTIFIER=Intel64 Family 6 Model 69 Stepping 1, GenuineIntel
TMP=C:\Users\hammad\AppData\Local\Temp
TEMP=C:\Users\hammad\AppData\Local\Temp



Periodic native trim disabled


---------------  S Y S T E M  ---------------

OS:
 Windows 10 , 64 bit Build 19041 (10.0.19041.3636)
OS uptime: 6 days 3:25 hours

CPU: total 4 (initial active 4) (2 cores per cpu, 2 threads per core) family 6 model 69 stepping 1 microcode 0x25, cx8, cmov, fxsr, ht, mmx, sse, sse2, sse3, ssse3, sse4.1, sse4.2, popcnt, lzcnt, tsc, tscinvbit, avx, avx2, aes, erms, clmul, bmi1, bmi2, fma, vzeroupper, clflush
Processor Information for all 4 processors :
  Max Mhz: 2601, Current Mhz: 2601, Mhz Limit: 2601

Memory: 4k page, system-wide physical 12193M (2685M free)
TotalPageFile size 23728M (AvailPageFile size 4M)
current process WorkingSet (physical memory assigned to process): 215M, peak: 217M
current process commit charge ("private bytes"): 347M, peak: 350M

vm_info: OpenJDK 64-Bit Server VM (17.0.10+7-LTS) for windows-amd64 JRE (17.0.10+7-LTS), built on Jan 10 2024 19:47:12 by "MicrosoftCorporation" with MS VC++ 16.10 / 16.11 (VS2019)

END.
