#
# There is insufficient memory for the Java Runtime Environment to continue.
# Native memory allocation (malloc) failed to allocate 32744 bytes for ChunkPool::allocate
# Possible reasons:
#   The system is out of physical RAM or swap space
#   The process is running with CompressedOops enabled, and the Java Heap may be blocking the growth of the native heap
# Possible solutions:
#   Reduce memory load on the system
#   Increase physical memory or swap space
#   Check if swap backing store is full
#   Decrease Java heap size (-Xmx/-Xms)
#   Decrease number of Java threads
#   Decrease Java thread stack sizes (-Xss)
#   Set larger code cache with -XX:ReservedCodeCacheSize=
#   JVM is running with Unscaled Compressed Oops mode in which the Java heap is
#     placed in the first 4GB address space. The Java Heap base address is the
#     maximum limit for the native heap growth. Please use -XX:HeapBaseMinAddress
#     to set the Java Heap base and to place the Java Heap above 4GB virtual address.
# This output file may be truncated or incomplete.
#
#  Out of Memory Error (arena.cpp:79), pid=5028, tid=8684
#
# JRE version: OpenJDK Runtime Environment Microsoft-8902769 (17.0.10+7) (build 17.0.10+7-LTS)
# Java VM: OpenJDK 64-Bit Server VM Microsoft-8902769 (17.0.10+7-LTS, mixed mode, sharing, tiered, compressed oops, compressed class ptrs, g1 gc, windows-amd64)
# No core dump will be written. Minidumps are not enabled by default on client versions of Windows
#

---------------  S U M M A R Y ------------

Command Line: -Xmx64m -Xms64m -Dorg.gradle.appname=gradlew org.gradle.wrapper.GradleWrapperMain app:installDebug -PreactNativeDevServerPort=8081

Host: Intel(R) Core(TM) i5-4310U CPU @ 2.00GHz, 4 cores, 11G,  Windows 10 , 64 bit Build 19041 (10.0.19041.3636)
Time: Mon Jun 10 22:46:01 2024 Pakistan Standard Time elapsed time: 0.836414 seconds (0d 0h 0m 0s)

---------------  T H R E A D  ---------------

Current thread (0x000001daeb34c650):  JavaThread "C1 CompilerThread0" daemon [_thread_in_native, id=8684, stack(0x0000007d72c00000,0x0000007d72d00000)]


Current CompileTask:
C1:    836  640       3       java.util.zip.ZipFile$Source::initCEN (591 bytes)

Stack: [0x0000007d72c00000,0x0000007d72d00000]
Native frames: (J=compiled Java code, j=interpreted, Vv=VM code, C=native code)
V  [jvm.dll+0x67f829]
V  [jvm.dll+0x83750a]
V  [jvm.dll+0x838fce]
V  [jvm.dll+0x839633]
V  [jvm.dll+0x247cbf]
V  [jvm.dll+0xac721]
V  [jvm.dll+0xacb6c]
V  [jvm.dll+0xb81dd]
V  [jvm.dll+0x17894b]
V  [jvm.dll+0x18025f]
V  [jvm.dll+0x178180]
V  [jvm.dll+0x177597]
V  [jvm.dll+0x180d0b]
V  [jvm.dll+0x1787a8]
V  [jvm.dll+0x17becf]
V  [jvm.dll+0x136473]
V  [jvm.dll+0x135d7f]
V  [jvm.dll+0x135fb6]
V  [jvm.dll+0x13544a]
V  [jvm.dll+0x137101]
V  [jvm.dll+0x22957e]
V  [jvm.dll+0x22774c]
V  [jvm.dll+0x7ec5d7]
V  [jvm.dll+0x7e69da]
V  [jvm.dll+0x67e715]
C  [ucrtbase.dll+0x21bb2]
C  [KERNEL32.DLL+0x17344]
C  [ntdll.dll+0x526b1]


---------------  P R O C E S S  ---------------

Threads class SMR info:
_java_thread_list=0x000001daf57f9940, length=13, elements={
0x000001daeb294270, 0x000001daeb328890, 0x000001daeb329710, 0x000001daeb33dae0,
0x000001daeb342790, 0x000001daeb344160, 0x000001daeb345b30, 0x000001daeb34ad30,
0x000001daeb34c650, 0x000001daf54183b0, 0x000001daf5646f90, 0x000001daf564a140,
0x000001daf581ae60
}

Java Threads: ( => current thread )
  0x000001daeb294270 JavaThread "main" [_thread_in_vm, id=16312, stack(0x0000007d71e00000,0x0000007d71f00000)]
  0x000001daeb328890 JavaThread "Reference Handler" daemon [_thread_blocked, id=7360, stack(0x0000007d72500000,0x0000007d72600000)]
  0x000001daeb329710 JavaThread "Finalizer" daemon [_thread_blocked, id=13348, stack(0x0000007d72600000,0x0000007d72700000)]
  0x000001daeb33dae0 JavaThread "Signal Dispatcher" daemon [_thread_blocked, id=3336, stack(0x0000007d72700000,0x0000007d72800000)]
  0x000001daeb342790 JavaThread "Attach Listener" daemon [_thread_blocked, id=1868, stack(0x0000007d72800000,0x0000007d72900000)]
  0x000001daeb344160 JavaThread "Service Thread" daemon [_thread_blocked, id=13544, stack(0x0000007d72900000,0x0000007d72a00000)]
  0x000001daeb345b30 JavaThread "Monitor Deflation Thread" daemon [_thread_blocked, id=16008, stack(0x0000007d72a00000,0x0000007d72b00000)]
  0x000001daeb34ad30 JavaThread "C2 CompilerThread0" daemon [_thread_blocked, id=15556, stack(0x0000007d72b00000,0x0000007d72c00000)]
=>0x000001daeb34c650 JavaThread "C1 CompilerThread0" daemon [_thread_in_native, id=8684, stack(0x0000007d72c00000,0x0000007d72d00000)]
  0x000001daf54183b0 JavaThread "Sweeper thread" daemon [_thread_blocked, id=7960, stack(0x0000007d72d00000,0x0000007d72e00000)]
  0x000001daf5646f90 JavaThread "Notification Thread" daemon [_thread_blocked, id=15488, stack(0x0000007d72e00000,0x0000007d72f00000)]
  0x000001daf564a140 JavaThread "Common-Cleaner" daemon [_thread_blocked, id=1752, stack(0x0000007d73000000,0x0000007d73100000)]
  0x000001daf581ae60 JavaThread "C2 CompilerThread1" daemon [_thread_blocked, id=16464, stack(0x0000007d73100000,0x0000007d73200000)]

Other Threads:
  0x000001daeb3203b0 VMThread "VM Thread" [stack: 0x0000007d72400000,0x0000007d72500000] [id=12616]
  0x000001daf5647470 WatcherThread [stack: 0x0000007d72f00000,0x0000007d73000000] [id=15392]
  0x000001daeb2b2510 GCTaskThread "GC Thread#0" [stack: 0x0000007d71f00000,0x0000007d72000000] [id=10064]
  0x000001daf581cf10 GCTaskThread "GC Thread#1" [stack: 0x0000007d73200000,0x0000007d73300000] [id=4324]
  0x000001daf58fe160 GCTaskThread "GC Thread#2" [stack: 0x0000007d73300000,0x0000007d73400000] [id=6752]
  0x000001daf5921c70 GCTaskThread "GC Thread#3" [stack: 0x0000007d73400000,0x0000007d73500000] [id=14720]
  0x000001daeb2b3c60 ConcurrentGCThread "G1 Main Marker" [stack: 0x0000007d72000000,0x0000007d72100000] [id=17116]
  0x000001daeb2b5e30 ConcurrentGCThread "G1 Conc#0" [stack: 0x0000007d72100000,0x0000007d72200000] [id=5748]
  0x000001daeb305570 ConcurrentGCThread "G1 Refine#0" [stack: 0x0000007d72200000,0x0000007d72300000] [id=13184]
  0x000001daeb305fa0 ConcurrentGCThread "G1 Service" [stack: 0x0000007d72300000,0x0000007d72400000] [id=11184]

Threads with active compile tasks:
C1 CompilerThread0      887  640       3       java.util.zip.ZipFile$Source::initCEN (591 bytes)

VM state: not at safepoint (normal execution)

VM Mutex/Monitor currently owned by a thread: None

Heap address: 0x00000000fc000000, size: 64 MB, Compressed Oops mode: 32-bit

CDS archive(s) mapped at: [0x000001da8f000000-0x000001da8fbb0000-0x000001da8fbb0000), size 12255232, SharedBaseAddress: 0x000001da8f000000, ArchiveRelocationMode: 1.
Compressed class space mapped at: 0x000001da90000000-0x000001dad0000000, reserved size: 1073741824
Narrow klass base: 0x000001da8f000000, Narrow klass shift: 0, Narrow klass range: 0x100000000

GC Precious Log:
 CPUs: 4 total, 4 available
 Memory: 12193M
 Large Page Support: Disabled
 NUMA Support: Disabled
 Compressed Oops: Enabled (32-bit)
 Heap Region Size: 1M
 Heap Min Capacity: 64M
 Heap Initial Capacity: 64M
 Heap Max Capacity: 64M
 Pre-touch: Disabled
 Parallel Workers: 4
 Concurrent Workers: 1
 Concurrent Refinement Workers: 4
 Periodic GC: Disabled

Heap:
 garbage-first heap   total 65536K, used 9088K [0x00000000fc000000, 0x0000000100000000)
  region size 1024K, 6 young (6144K), 2 survivors (2048K)
 Metaspace       used 2102K, committed 2240K, reserved 1114112K
  class space    used 202K, committed 256K, reserved 1048576K

Heap Regions: E=young(eden), S=young(survivor), O=old, HS=humongous(starts), HC=humongous(continues), CS=collection set, F=free, OA=open archive, CA=closed archive, TAMS=top-at-mark-start (previous, next)
|   0|0x00000000fc000000, 0x00000000fc0e0200, 0x00000000fc100000| 87%| O|  |TAMS 0x00000000fc000000, 0x00000000fc000000| Untracked 
|   1|0x00000000fc100000, 0x00000000fc200000, 0x00000000fc200000|100%|HS|  |TAMS 0x00000000fc100000, 0x00000000fc100000| Complete 
|   2|0x00000000fc200000, 0x00000000fc300000, 0x00000000fc300000|100%|HC|  |TAMS 0x00000000fc200000, 0x00000000fc200000| Complete 
|   3|0x00000000fc300000, 0x00000000fc400000, 0x00000000fc400000|100%|HC|  |TAMS 0x00000000fc300000, 0x00000000fc300000| Complete 
|   4|0x00000000fc400000, 0x00000000fc500000, 0x00000000fc500000|100%|HC|  |TAMS 0x00000000fc400000, 0x00000000fc400000| Complete 
|   5|0x00000000fc500000, 0x00000000fc500000, 0x00000000fc600000|  0%| F|  |TAMS 0x00000000fc500000, 0x00000000fc500000| Untracked 
|   6|0x00000000fc600000, 0x00000000fc600000, 0x00000000fc700000|  0%| F|  |TAMS 0x00000000fc600000, 0x00000000fc600000| Untracked 
|   7|0x00000000fc700000, 0x00000000fc700000, 0x00000000fc800000|  0%| F|  |TAMS 0x00000000fc700000, 0x00000000fc700000| Untracked 
|   8|0x00000000fc800000, 0x00000000fc800000, 0x00000000fc900000|  0%| F|  |TAMS 0x00000000fc800000, 0x00000000fc800000| Untracked 
|   9|0x00000000fc900000, 0x00000000fc900000, 0x00000000fca00000|  0%| F|  |TAMS 0x00000000fc900000, 0x00000000fc900000| Untracked 
|  10|0x00000000fca00000, 0x00000000fca00000, 0x00000000fcb00000|  0%| F|  |TAMS 0x00000000fca00000, 0x00000000fca00000| Untracked 
|  11|0x00000000fcb00000, 0x00000000fcb00000, 0x00000000fcc00000|  0%| F|  |TAMS 0x00000000fcb00000, 0x00000000fcb00000| Untracked 
|  12|0x00000000fcc00000, 0x00000000fcc00000, 0x00000000fcd00000|  0%| F|  |TAMS 0x00000000fcc00000, 0x00000000fcc00000| Untracked 
|  13|0x00000000fcd00000, 0x00000000fcd00000, 0x00000000fce00000|  0%| F|  |TAMS 0x00000000fcd00000, 0x00000000fcd00000| Untracked 
|  14|0x00000000fce00000, 0x00000000fce00000, 0x00000000fcf00000|  0%| F|  |TAMS 0x00000000fce00000, 0x00000000fce00000| Untracked 
|  15|0x00000000fcf00000, 0x00000000fcf00000, 0x00000000fd000000|  0%| F|  |TAMS 0x00000000fcf00000, 0x00000000fcf00000| Untracked 
|  16|0x00000000fd000000, 0x00000000fd000000, 0x00000000fd100000|  0%| F|  |TAMS 0x00000000fd000000, 0x00000000fd000000| Untracked 
|  17|0x00000000fd100000, 0x00000000fd100000, 0x00000000fd200000|  0%| F|  |TAMS 0x00000000fd100000, 0x00000000fd100000| Untracked 
|  18|0x00000000fd200000, 0x00000000fd200000, 0x00000000fd300000|  0%| F|  |TAMS 0x00000000fd200000, 0x00000000fd200000| Untracked 
|  19|0x00000000fd300000, 0x00000000fd300000, 0x00000000fd400000|  0%| F|  |TAMS 0x00000000fd300000, 0x00000000fd300000| Untracked 
|  20|0x00000000fd400000, 0x00000000fd400000, 0x00000000fd500000|  0%| F|  |TAMS 0x00000000fd400000, 0x00000000fd400000| Untracked 
|  21|0x00000000fd500000, 0x00000000fd500000, 0x00000000fd600000|  0%| F|  |TAMS 0x00000000fd500000, 0x00000000fd500000| Untracked 
|  22|0x00000000fd600000, 0x00000000fd600000, 0x00000000fd700000|  0%| F|  |TAMS 0x00000000fd600000, 0x00000000fd600000| Untracked 
|  23|0x00000000fd700000, 0x00000000fd700000, 0x00000000fd800000|  0%| F|  |TAMS 0x00000000fd700000, 0x00000000fd700000| Untracked 
|  24|0x00000000fd800000, 0x00000000fd800000, 0x00000000fd900000|  0%| F|  |TAMS 0x00000000fd800000, 0x00000000fd800000| Untracked 
|  25|0x00000000fd900000, 0x00000000fd900000, 0x00000000fda00000|  0%| F|  |TAMS 0x00000000fd900000, 0x00000000fd900000| Untracked 
|  26|0x00000000fda00000, 0x00000000fda00000, 0x00000000fdb00000|  0%| F|  |TAMS 0x00000000fda00000, 0x00000000fda00000| Untracked 
|  27|0x00000000fdb00000, 0x00000000fdb00000, 0x00000000fdc00000|  0%| F|  |TAMS 0x00000000fdb00000, 0x00000000fdb00000| Untracked 
|  28|0x00000000fdc00000, 0x00000000fdc00000, 0x00000000fdd00000|  0%| F|  |TAMS 0x00000000fdc00000, 0x00000000fdc00000| Untracked 
|  29|0x00000000fdd00000, 0x00000000fdd00000, 0x00000000fde00000|  0%| F|  |TAMS 0x00000000fdd00000, 0x00000000fdd00000| Untracked 
|  30|0x00000000fde00000, 0x00000000fde00000, 0x00000000fdf00000|  0%| F|  |TAMS 0x00000000fde00000, 0x00000000fde00000| Untracked 
|  31|0x00000000fdf00000, 0x00000000fdf00000, 0x00000000fe000000|  0%| F|  |TAMS 0x00000000fdf00000, 0x00000000fdf00000| Untracked 
|  32|0x00000000fe000000, 0x00000000fe000000, 0x00000000fe100000|  0%| F|  |TAMS 0x00000000fe000000, 0x00000000fe000000| Untracked 
|  33|0x00000000fe100000, 0x00000000fe100000, 0x00000000fe200000|  0%| F|  |TAMS 0x00000000fe100000, 0x00000000fe100000| Untracked 
|  34|0x00000000fe200000, 0x00000000fe200000, 0x00000000fe300000|  0%| F|  |TAMS 0x00000000fe200000, 0x00000000fe200000| Untracked 
|  35|0x00000000fe300000, 0x00000000fe300000, 0x00000000fe400000|  0%| F|  |TAMS 0x00000000fe300000, 0x00000000fe300000| Untracked 
|  36|0x00000000fe400000, 0x00000000fe400000, 0x00000000fe500000|  0%| F|  |TAMS 0x00000000fe400000, 0x00000000fe400000| Untracked 
|  37|0x00000000fe500000, 0x00000000fe500000, 0x00000000fe600000|  0%| F|  |TAMS 0x00000000fe500000, 0x00000000fe500000| Untracked 
|  38|0x00000000fe600000, 0x00000000fe600000, 0x00000000fe700000|  0%| F|  |TAMS 0x00000000fe600000, 0x00000000fe600000| Untracked 
|  39|0x00000000fe700000, 0x00000000fe700000, 0x00000000fe800000|  0%| F|  |TAMS 0x00000000fe700000, 0x00000000fe700000| Untracked 
|  40|0x00000000fe800000, 0x00000000fe800000, 0x00000000fe900000|  0%| F|  |TAMS 0x00000000fe800000, 0x00000000fe800000| Untracked 
|  41|0x00000000fe900000, 0x00000000fe900000, 0x00000000fea00000|  0%| F|  |TAMS 0x00000000fe900000, 0x00000000fe900000| Untracked 
|  42|0x00000000fea00000, 0x00000000fea00000, 0x00000000feb00000|  0%| F|  |TAMS 0x00000000fea00000, 0x00000000fea00000| Untracked 
|  43|0x00000000feb00000, 0x00000000feb00000, 0x00000000fec00000|  0%| F|  |TAMS 0x00000000feb00000, 0x00000000feb00000| Untracked 
|  44|0x00000000fec00000, 0x00000000fec00000, 0x00000000fed00000|  0%| F|  |TAMS 0x00000000fec00000, 0x00000000fec00000| Untracked 
|  45|0x00000000fed00000, 0x00000000fed00000, 0x00000000fee00000|  0%| F|  |TAMS 0x00000000fed00000, 0x00000000fed00000| Untracked 
|  46|0x00000000fee00000, 0x00000000fee00000, 0x00000000fef00000|  0%| F|  |TAMS 0x00000000fee00000, 0x00000000fee00000| Untracked 
|  47|0x00000000fef00000, 0x00000000fef00000, 0x00000000ff000000|  0%| F|  |TAMS 0x00000000fef00000, 0x00000000fef00000| Untracked 
|  48|0x00000000ff000000, 0x00000000ff000000, 0x00000000ff100000|  0%| F|  |TAMS 0x00000000ff000000, 0x00000000ff000000| Untracked 
|  49|0x00000000ff100000, 0x00000000ff200000, 0x00000000ff200000|100%| S|CS|TAMS 0x00000000ff100000, 0x00000000ff100000| Complete 
|  50|0x00000000ff200000, 0x00000000ff300000, 0x00000000ff300000|100%| S|CS|TAMS 0x00000000ff200000, 0x00000000ff200000| Complete 
|  51|0x00000000ff300000, 0x00000000ff300000, 0x00000000ff400000|  0%| F|  |TAMS 0x00000000ff300000, 0x00000000ff300000| Untracked 
|  52|0x00000000ff400000, 0x00000000ff400000, 0x00000000ff500000|  0%| F|  |TAMS 0x00000000ff400000, 0x00000000ff400000| Untracked 
|  53|0x00000000ff500000, 0x00000000ff500000, 0x00000000ff600000|  0%| F|  |TAMS 0x00000000ff500000, 0x00000000ff500000| Untracked 
|  54|0x00000000ff600000, 0x00000000ff600000, 0x00000000ff700000|  0%| F|  |TAMS 0x00000000ff600000, 0x00000000ff600000| Untracked 
|  55|0x00000000ff700000, 0x00000000ff700000, 0x00000000ff800000|  0%| F|  |TAMS 0x00000000ff700000, 0x00000000ff700000| Untracked 
|  56|0x00000000ff800000, 0x00000000ff800000, 0x00000000ff900000|  0%| F|  |TAMS 0x00000000ff800000, 0x00000000ff800000| Untracked 
|  57|0x00000000ff900000, 0x00000000ff900000, 0x00000000ffa00000|  0%| F|  |TAMS 0x00000000ff900000, 0x00000000ff900000| Untracked 
|  58|0x00000000ffa00000, 0x00000000ffa00000, 0x00000000ffb00000|  0%| F|  |TAMS 0x00000000ffa00000, 0x00000000ffa00000| Untracked 
|  59|0x00000000ffb00000, 0x00000000ffb00000, 0x00000000ffc00000|  0%| F|  |TAMS 0x00000000ffb00000, 0x00000000ffb00000| Untracked 
|  60|0x00000000ffc00000, 0x00000000ffc86dc0, 0x00000000ffd00000| 52%| E|  |TAMS 0x00000000ffc00000, 0x00000000ffc00000| Complete 
|  61|0x00000000ffd00000, 0x00000000ffe00000, 0x00000000ffe00000|100%| E|  |TAMS 0x00000000ffd00000, 0x00000000ffd00000| Complete 
|  62|0x00000000ffe00000, 0x00000000fff00000, 0x00000000fff00000|100%| E|CS|TAMS 0x00000000ffe00000, 0x00000000ffe00000| Complete 
|  63|0x00000000fff00000, 0x0000000100000000, 0x0000000100000000|100%| E|CS|TAMS 0x00000000fff00000, 0x00000000fff00000| Complete 

Card table byte_map: [0x000001dae9270000,0x000001dae9290000] _byte_map_base: 0x000001dae8a90000

Marking Bits (Prev, Next): (CMBitMap*) 0x000001daeb2b2b30, (CMBitMap*) 0x000001daeb2b2b70
 Prev Bits: [0x000001daeb0a0000, 0x000001daeb1a0000)
 Next Bits: [0x000001daf2db0000, 0x000001daf2eb0000)

Polling page: 0x000001dae9220000

Metaspace:

Usage:
  Non-class:      1.86 MB used.
      Class:    202.87 KB used.
       Both:      2.05 MB used.

Virtual space:
  Non-class space:       64.00 MB reserved,       1.94 MB (  3%) committed,  1 nodes.
      Class space:        1.00 GB reserved,     256.00 KB ( <1%) committed,  1 nodes.
             Both:        1.06 GB reserved,       2.19 MB ( <1%) committed. 

Chunk freelists:
   Non-Class:  11.55 MB
       Class:  15.66 MB
        Both:  27.20 MB

MaxMetaspaceSize: unlimited
CompressedClassSpaceSize: 1.00 GB
Initial GC threshold: 21.00 MB
Current GC threshold: 21.00 MB
CDS: on
MetaspaceReclaimPolicy: balanced
 - commit_granule_bytes: 65536.
 - commit_granule_words: 8192.
 - virtual_space_node_default_size: 8388608.
 - enlarge_chunks_in_place: 1.
 - new_chunks_are_fully_committed: 0.
 - uncommit_free_chunks: 1.
 - use_allocation_guard: 0.
 - handle_deallocations: 1.


Internal statistics:

num_allocs_failed_limit: 0.
num_arena_births: 14.
num_arena_deaths: 0.
num_vsnodes_births: 2.
num_vsnodes_deaths: 0.
num_space_committed: 35.
num_space_uncommitted: 0.
num_chunks_returned_to_freelist: 0.
num_chunks_taken_from_freelist: 54.
num_chunk_merges: 0.
num_chunk_splits: 31.
num_chunks_enlarged: 26.
num_inconsistent_stats: 0.

CodeHeap 'non-profiled nmethods': size=120000Kb used=220Kb max_used=220Kb free=119779Kb
 bounds [0x000001da87ad0000, 0x000001da87d40000, 0x000001da8f000000]
CodeHeap 'profiled nmethods': size=120000Kb used=1105Kb max_used=1105Kb free=118894Kb
 bounds [0x000001da80000000, 0x000001da80270000, 0x000001da87530000]
CodeHeap 'non-nmethods': size=5760Kb used=1121Kb max_used=1141Kb free=4638Kb
 bounds [0x000001da87530000, 0x000001da877a0000, 0x000001da87ad0000]
 total_blobs=1047 nmethods=643 adapters=317
 compilation: enabled
              stopped_count=0, restarted_count=0
 full_count=0

Compilation events (20 events):
Event: 0.818 Thread 0x000001daeb34c650  630       3       java.lang.Runtime$Version::feature (17 bytes)
Event: 0.818 Thread 0x000001daeb34c650 nmethod 630 0x000001da80110390 code [0x000001da80110540, 0x000001da80110828]
Event: 0.818 Thread 0x000001daeb34ad30  631       4       java.util.zip.ZipUtils::LG (22 bytes)
Event: 0.818 Thread 0x000001daeb34c650  632       3       java.util.zip.ZipFile$Source$Key::hashCode (46 bytes)
Event: 0.819 Thread 0x000001daeb34c650 nmethod 632 0x000001da80110910 code [0x000001da80110b00, 0x000001da80110f38]
Event: 0.819 Thread 0x000001daeb34c650  633       3       java.nio.file.attribute.FileTime::toMillis (98 bytes)
Event: 0.820 Thread 0x000001daeb34c650 nmethod 633 0x000001da80111190 code [0x000001da80111380, 0x000001da80111848]
Event: 0.820 Thread 0x000001daeb34c650  634       3       java.util.concurrent.TimeUnit::toMillis (69 bytes)
Event: 0.820 Thread 0x000001daeb34ad30 nmethod 631 0x000001da87b03890 code [0x000001da87b03a00, 0x000001da87b03af8]
Event: 0.820 Thread 0x000001daeb34c650 nmethod 634 0x000001da80111a10 code [0x000001da80111bc0, 0x000001da80111ed8]
Event: 0.820 Thread 0x000001daeb34c650  635       3       java.util.zip.ZipCoder$UTF8ZipCoder::toString (12 bytes)
Event: 0.821 Thread 0x000001daeb34c650 nmethod 635 0x000001da80111f90 code [0x000001da80112140, 0x000001da801122e8]
Event: 0.823 Thread 0x000001daeb34c650  636       3       sun.net.util.IPAddressUtil::scan (92 bytes)
Event: 0.825 Thread 0x000001daeb34c650 nmethod 636 0x000001da80112410 code [0x000001da80112680, 0x000001da801131b8]
Event: 0.825 Thread 0x000001daeb34c650  637       3       java.security.AccessController::checkContext (49 bytes)
Event: 0.825 Thread 0x000001daeb34ad30  638       4       java.lang.StringLatin1::replace (198 bytes)
Event: 0.826 Thread 0x000001daeb34c650 nmethod 637 0x000001da80113710 code [0x000001da80113920, 0x000001da80113f78]
Event: 0.828 Thread 0x000001daeb34c650  639       3       java.util.Arrays::fill (21 bytes)
Event: 0.829 Thread 0x000001daeb34c650 nmethod 639 0x000001da80114190 code [0x000001da80114320, 0x000001da801144d8]
Event: 0.829 Thread 0x000001daeb34c650  640       3       java.util.zip.ZipFile$Source::initCEN (591 bytes)

GC Heap History (2 events):
Event: 0.734 GC heap before
{Heap before GC invocations=0 (full 0):
 garbage-first heap   total 65536K, used 13312K [0x00000000fc000000, 0x0000000100000000)
  region size 1024K, 13 young (13312K), 0 survivors (0K)
 Metaspace       used 1811K, committed 1920K, reserved 1114112K
  class space    used 166K, committed 192K, reserved 1048576K
}
Event: 0.741 GC heap after
{Heap after GC invocations=1 (full 0):
 garbage-first heap   total 65536K, used 2944K [0x00000000fc000000, 0x0000000100000000)
  region size 1024K, 2 young (2048K), 2 survivors (2048K)
 Metaspace       used 1811K, committed 1920K, reserved 1114112K
  class space    used 166K, committed 192K, reserved 1048576K
}

Dll operation events (7 events):
Event: 0.010 Loaded shared library C:\Program Files\Microsoft\jdk-17.0.10.7-hotspot\bin\java.dll
Event: 0.042 Loaded shared library C:\Program Files\Microsoft\jdk-17.0.10.7-hotspot\bin\jsvml.dll
Event: 0.094 Loaded shared library C:\Program Files\Microsoft\jdk-17.0.10.7-hotspot\bin\net.dll
Event: 0.097 Loaded shared library C:\Program Files\Microsoft\jdk-17.0.10.7-hotspot\bin\nio.dll
Event: 0.103 Loaded shared library C:\Program Files\Microsoft\jdk-17.0.10.7-hotspot\bin\zip.dll
Event: 0.662 Loaded shared library C:\Program Files\Microsoft\jdk-17.0.10.7-hotspot\bin\jimage.dll
Event: 0.796 Loaded shared library C:\Program Files\Microsoft\jdk-17.0.10.7-hotspot\bin\verify.dll

Deoptimization events (20 events):
Event: 0.714 Thread 0x000001daeb294270 DEOPT PACKING pc=0x000001da87af0794 sp=0x0000007d71ef90e0
Event: 0.715 Thread 0x000001daeb294270 DEOPT UNPACKING pc=0x000001da875869a3 sp=0x0000007d71ef9088 mode 2
Event: 0.724 Thread 0x000001daeb294270 Uncommon trap: trap_request=0xffffffde fr.pc=0x000001da87af7c68 relative=0x0000000000000e68
Event: 0.724 Thread 0x000001daeb294270 Uncommon trap: reason=class_check action=maybe_recompile pc=0x000001da87af7c68 method=java.util.HashMap.putVal(ILjava/lang/Object;Ljava/lang/Object;ZZ)Ljava/lang/Object; @ 91 c2
Event: 0.724 Thread 0x000001daeb294270 DEOPT PACKING pc=0x000001da87af7c68 sp=0x0000007d71ef9a10
Event: 0.724 Thread 0x000001daeb294270 DEOPT UNPACKING pc=0x000001da875869a3 sp=0x0000007d71ef99a0 mode 2
Event: 0.757 Thread 0x000001daeb294270 Uncommon trap: trap_request=0xffffffde fr.pc=0x000001da87af7d10 relative=0x0000000000000f10
Event: 0.757 Thread 0x000001daeb294270 Uncommon trap: reason=class_check action=maybe_recompile pc=0x000001da87af7d10 method=java.util.HashMap.putVal(ILjava/lang/Object;Ljava/lang/Object;ZZ)Ljava/lang/Object; @ 203 c2
Event: 0.757 Thread 0x000001daeb294270 DEOPT PACKING pc=0x000001da87af7d10 sp=0x0000007d71ef9a10
Event: 0.757 Thread 0x000001daeb294270 DEOPT UNPACKING pc=0x000001da875869a3 sp=0x0000007d71ef99a0 mode 2
Event: 0.760 Thread 0x000001daeb294270 Uncommon trap: trap_request=0xffffffde fr.pc=0x000001da87af7c68 relative=0x0000000000000e68
Event: 0.760 Thread 0x000001daeb294270 Uncommon trap: reason=class_check action=maybe_recompile pc=0x000001da87af7c68 method=java.util.HashMap.putVal(ILjava/lang/Object;Ljava/lang/Object;ZZ)Ljava/lang/Object; @ 91 c2
Event: 0.760 Thread 0x000001daeb294270 DEOPT PACKING pc=0x000001da87af7c68 sp=0x0000007d71ef9a10
Event: 0.760 Thread 0x000001daeb294270 DEOPT UNPACKING pc=0x000001da875869a3 sp=0x0000007d71ef99a0 mode 2
Event: 0.762 Thread 0x000001daeb294270 Uncommon trap: trap_request=0xffffffde fr.pc=0x000001da87af7c68 relative=0x0000000000000e68
Event: 0.762 Thread 0x000001daeb294270 Uncommon trap: reason=class_check action=maybe_recompile pc=0x000001da87af7c68 method=java.util.HashMap.putVal(ILjava/lang/Object;Ljava/lang/Object;ZZ)Ljava/lang/Object; @ 91 c2
Event: 0.762 Thread 0x000001daeb294270 DEOPT PACKING pc=0x000001da87af7c68 sp=0x0000007d71ef9a10
Event: 0.762 Thread 0x000001daeb294270 DEOPT UNPACKING pc=0x000001da875869a3 sp=0x0000007d71ef99a0 mode 2
Event: 0.825 Thread 0x000001daeb294270 DEOPT PACKING pc=0x000001da8003c248 sp=0x0000007d71efb920
Event: 0.826 Thread 0x000001daeb294270 DEOPT UNPACKING pc=0x000001da87587143 sp=0x0000007d71efade0 mode 0

Classes unloaded (0 events):
No events

Classes redefined (0 events):
No events

Internal exceptions (1 events):
Event: 0.259 Thread 0x000001daeb294270 Exception <a 'java/lang/NoSuchMethodError'{0x00000000ffc64970}: 'int java.lang.invoke.DirectMethodHandle$Holder.invokeStaticInit(java.lang.Object, java.lang.Object)'> (0x00000000ffc64970) 
thrown [s\src\hotspot\share\interpreter\linkResolver.cpp, line 759]

VM Operations (4 events):
Event: 0.104 Executing VM operation: HandshakeAllThreads
Event: 0.104 Executing VM operation: HandshakeAllThreads done
Event: 0.734 Executing VM operation: G1CollectForAllocation
Event: 0.741 Executing VM operation: G1CollectForAllocation done

Events (20 events):
Event: 0.797 loading class java/lang/NoSuchFieldError
Event: 0.797 loading class java/lang/NoSuchFieldError done
Event: 0.799 loading class java/util/concurrent/LinkedBlockingQueue
Event: 0.799 loading class java/util/concurrent/BlockingQueue
Event: 0.800 loading class java/util/concurrent/BlockingQueue done
Event: 0.800 loading class java/util/AbstractQueue
Event: 0.800 loading class java/util/AbstractQueue done
Event: 0.800 loading class java/util/concurrent/LinkedBlockingQueue done
Event: 0.800 loading class java/util/concurrent/locks/AbstractQueuedSynchronizer$ConditionObject
Event: 0.800 loading class java/util/concurrent/locks/Condition
Event: 0.800 loading class java/util/concurrent/locks/Condition done
Event: 0.801 loading class java/util/concurrent/locks/AbstractQueuedSynchronizer$ConditionObject done
Event: 0.801 loading class java/util/concurrent/LinkedBlockingQueue$Node
Event: 0.801 loading class java/util/concurrent/LinkedBlockingQueue$Node done
Event: 0.802 loading class java/lang/SecurityException
Event: 0.803 loading class java/lang/SecurityException done
Event: 0.806 loading class java/net/URLClassLoader$3
Event: 0.806 loading class java/net/URLClassLoader$3 done
Event: 0.806 loading class java/net/URLClassLoader$3$1
Event: 0.806 loading class java/net/URLClassLoader$3$1 done


Dynamic libraries:
0x00007ff663040000 - 0x00007ff66304e000 	C:\Program Files\Microsoft\jdk-17.0.10.7-hotspot\bin\java.exe
0x00007ffdcd250000 - 0x00007ffdcd448000 	C:\WINDOWS\SYSTEM32\ntdll.dll
0x00007ffdcb340000 - 0x00007ffdcb3fd000 	C:\WINDOWS\System32\KERNEL32.DLL
0x00007ffdcab00000 - 0x00007ffdcadf6000 	C:\WINDOWS\System32\KERNELBASE.dll
0x00007ffdcaf30000 - 0x00007ffdcb030000 	C:\WINDOWS\System32\ucrtbase.dll
0x00007ffdb83c0000 - 0x00007ffdb83d7000 	C:\Program Files\Microsoft\jdk-17.0.10.7-hotspot\bin\jli.dll
0x00007ffdb8340000 - 0x00007ffdb835b000 	C:\Program Files\Microsoft\jdk-17.0.10.7-hotspot\bin\VCRUNTIME140.dll
0x00007ffdcb650000 - 0x00007ffdcb7ef000 	C:\WINDOWS\System32\USER32.dll
0x00007ffdcaa60000 - 0x00007ffdcaa82000 	C:\WINDOWS\System32\win32u.dll
0x00007ffdbb990000 - 0x00007ffdbbc2a000 	C:\WINDOWS\WinSxS\amd64_microsoft.windows.common-controls_6595b64144ccf1df_6.0.19041.4355_none_60b8b9eb71f62e16\COMCTL32.dll
0x00007ffdcd1e0000 - 0x00007ffdcd20b000 	C:\WINDOWS\System32\GDI32.dll
0x00007ffdcb030000 - 0x00007ffdcb147000 	C:\WINDOWS\System32\gdi32full.dll
0x00007ffdcb440000 - 0x00007ffdcb4de000 	C:\WINDOWS\System32\msvcrt.dll
0x00007ffdcae90000 - 0x00007ffdcaf2d000 	C:\WINDOWS\System32\msvcp_win.dll
0x00007ffdcb400000 - 0x00007ffdcb432000 	C:\WINDOWS\System32\IMM32.DLL
0x00007ffdc59e0000 - 0x00007ffdc59ec000 	C:\Program Files\Microsoft\jdk-17.0.10.7-hotspot\bin\vcruntime140_1.dll
0x00007ffdaf940000 - 0x00007ffdaf9cd000 	C:\Program Files\Microsoft\jdk-17.0.10.7-hotspot\bin\msvcp140.dll
0x00007ffd87d00000 - 0x00007ffd88965000 	C:\Program Files\Microsoft\jdk-17.0.10.7-hotspot\bin\server\jvm.dll
0x00007ffdcb4e0000 - 0x00007ffdcb590000 	C:\WINDOWS\System32\ADVAPI32.dll
0x00007ffdcc550000 - 0x00007ffdcc5f0000 	C:\WINDOWS\System32\sechost.dll
0x00007ffdcb7f0000 - 0x00007ffdcb913000 	C:\WINDOWS\System32\RPCRT4.dll
0x00007ffdcb250000 - 0x00007ffdcb277000 	C:\WINDOWS\System32\bcrypt.dll
0x00007ffdc9e80000 - 0x00007ffdc9ecb000 	C:\WINDOWS\SYSTEM32\POWRPROF.dll
0x00007ffdc57f0000 - 0x00007ffdc57f9000 	C:\WINDOWS\SYSTEM32\WSOCK32.dll
0x00007ffdba110000 - 0x00007ffdba11a000 	C:\WINDOWS\SYSTEM32\VERSION.dll
0x00007ffdcc760000 - 0x00007ffdcc7cb000 	C:\WINDOWS\System32\WS2_32.dll
0x00007ffdbc3f0000 - 0x00007ffdbc417000 	C:\WINDOWS\SYSTEM32\WINMM.dll
0x00007ffdc9cf0000 - 0x00007ffdc9d02000 	C:\WINDOWS\SYSTEM32\UMPDC.dll
0x00007ffdc8780000 - 0x00007ffdc8792000 	C:\WINDOWS\SYSTEM32\kernel.appcore.dll
0x00007ffdc46d0000 - 0x00007ffdc46da000 	C:\Program Files\Microsoft\jdk-17.0.10.7-hotspot\bin\jimage.dll
0x00007ffdb8940000 - 0x00007ffdb8b24000 	C:\WINDOWS\SYSTEM32\DBGHELP.DLL
0x00007ffdb88d0000 - 0x00007ffdb8904000 	C:\WINDOWS\SYSTEM32\dbgcore.DLL
0x00007ffdcae00000 - 0x00007ffdcae82000 	C:\WINDOWS\System32\bcryptPrimitives.dll
0x00007ffdb58e0000 - 0x00007ffdb5905000 	C:\Program Files\Microsoft\jdk-17.0.10.7-hotspot\bin\java.dll
0x00007ffdaf650000 - 0x00007ffdaf727000 	C:\Program Files\Microsoft\jdk-17.0.10.7-hotspot\bin\jsvml.dll
0x00007ffdcb920000 - 0x00007ffdcc08b000 	C:\WINDOWS\System32\SHELL32.dll
0x00007ffdc8980000 - 0x00007ffdc911d000 	C:\WINDOWS\SYSTEM32\windows.storage.dll
0x00007ffdcc090000 - 0x00007ffdcc3e3000 	C:\WINDOWS\System32\combase.dll
0x00007ffdca320000 - 0x00007ffdca34e000 	C:\WINDOWS\SYSTEM32\Wldp.dll
0x00007ffdcce80000 - 0x00007ffdccf4d000 	C:\WINDOWS\System32\OLEAUT32.dll
0x00007ffdcc830000 - 0x00007ffdcc8dd000 	C:\WINDOWS\System32\SHCORE.dll
0x00007ffdcb280000 - 0x00007ffdcb2d5000 	C:\WINDOWS\System32\shlwapi.dll
0x00007ffdca830000 - 0x00007ffdca854000 	C:\WINDOWS\SYSTEM32\profapi.dll
0x00007ffdb7860000 - 0x00007ffdb7879000 	C:\Program Files\Microsoft\jdk-17.0.10.7-hotspot\bin\net.dll
0x00007ffdc0c50000 - 0x00007ffdc0d5a000 	C:\WINDOWS\SYSTEM32\WINHTTP.dll
0x00007ffdca080000 - 0x00007ffdca0ea000 	C:\WINDOWS\system32\mswsock.dll
0x00007ffdb7410000 - 0x00007ffdb7426000 	C:\Program Files\Microsoft\jdk-17.0.10.7-hotspot\bin\nio.dll
0x00007ffdb6a90000 - 0x00007ffdb6aa8000 	C:\Program Files\Microsoft\jdk-17.0.10.7-hotspot\bin\zip.dll
0x00007ffdc12d0000 - 0x00007ffdc12e0000 	C:\Program Files\Microsoft\jdk-17.0.10.7-hotspot\bin\verify.dll

dbghelp: loaded successfully - version: 4.0.5 - missing functions: none
symbol engine: initialized successfully - sym options: 0x614 - pdb path: .;C:\Program Files\Microsoft\jdk-17.0.10.7-hotspot\bin;C:\WINDOWS\SYSTEM32;C:\WINDOWS\WinSxS\amd64_microsoft.windows.common-controls_6595b64144ccf1df_6.0.19041.4355_none_60b8b9eb71f62e16;C:\Program Files\Microsoft\jdk-17.0.10.7-hotspot\bin\server

VM Arguments:
jvm_args: -Xmx64m -Xms64m -Dorg.gradle.appname=gradlew 
java_command: org.gradle.wrapper.GradleWrapperMain app:installDebug -PreactNativeDevServerPort=8081
java_class_path (initial): C:\Users\hammad\Desktop\ReactNative\practice\adazakat\android\\gradle\wrapper\gradle-wrapper.jar
Launcher Type: SUN_STANDARD

[Global flags]
     intx CICompilerCount                          = 3                                         {product} {ergonomic}
     uint ConcGCThreads                            = 1                                         {product} {ergonomic}
     uint G1ConcRefinementThreads                  = 4                                         {product} {ergonomic}
   size_t G1HeapRegionSize                         = 1048576                                   {product} {ergonomic}
    uintx GCDrainStackTargetSize                   = 64                                        {product} {ergonomic}
   size_t InitialHeapSize                          = 67108864                                  {product} {command line}
   size_t MarkStackSize                            = 4194304                                   {product} {ergonomic}
   size_t MaxHeapSize                              = 67108864                                  {product} {command line}
   size_t MaxNewSize                               = 39845888                                  {product} {ergonomic}
   size_t MinHeapDeltaBytes                        = 1048576                                   {product} {ergonomic}
   size_t MinHeapSize                              = 67108864                                  {product} {command line}
    uintx NonNMethodCodeHeapSize                   = 5832780                                {pd product} {ergonomic}
    uintx NonProfiledCodeHeapSize                  = 122912730                              {pd product} {ergonomic}
    uintx ProfiledCodeHeapSize                     = 122912730                              {pd product} {ergonomic}
    uintx ReservedCodeCacheSize                    = 251658240                              {pd product} {ergonomic}
     bool SegmentedCodeCache                       = true                                      {product} {ergonomic}
   size_t SoftMaxHeapSize                          = 67108864                               {manageable} {ergonomic}
     bool UseCompressedClassPointers               = true                           {product lp64_product} {ergonomic}
     bool UseCompressedOops                        = true                           {product lp64_product} {ergonomic}
     bool UseG1GC                                  = true                                      {product} {ergonomic}
     bool UseLargePagesIndividualAllocation        = false                                  {pd product} {ergonomic}

Logging:
Log output configuration:
 #0: stdout all=warning uptime,level,tags
 #1: stderr all=off uptime,level,tags

Environment Variables:
JAVA_HOME=C:\Program Files\Microsoft\jdk-17.0.10.7-hotspot\
CLASSPATH=C:\Users\hammad\Desktop\ReactNative\practice\adazakat\android\\gradle\wrapper\gradle-wrapper.jar
PATH=C:\Users\hammad\Desktop\ReactNative\practice\adazakat\node_modules\.bin;C:\Users\hammad\Desktop\ReactNative\practice\adazakat\node_modules\.bin;C:\Users\hammad\Desktop\ReactNative\practice\node_modules\.bin;C:\Users\hammad\Desktop\ReactNative\node_modules\.bin;C:\Users\hammad\Desktop\node_modules\.bin;C:\Users\hammad\node_modules\.bin;C:\Users\node_modules\.bin;C:\node_modules\.bin;C:\Users\hammad\AppData\Roaming\nvm\v20.12.2\node_modules\npm\node_modules\@npmcli\run-script\lib\node-gyp-bin;C:\Users\hammad\Desktop\ReactNative\practice\adazakat\node_modules\.bin;C:\Users\hammad\Desktop\ReactNative\practice\node_modules\.bin;C:\Users\hammad\Desktop\ReactNative\node_modules\.bin;C:\Users\hammad\Desktop\node_modules\.bin;C:\Users\hammad\node_modules\.bin;C:\Users\node_modules\.bin;C:\node_modules\.bin;C:\Users\hammad\AppData\Roaming\nvm\v20.12.2\node_modules\npm\node_modules\@npmcli\run-script\lib\node-gyp-bin;C:\Program Files\Microsoft\jdk-17.0.10.7-hotspot\bin;C:\Python312\Scripts\;C:\Python312\;C:\WINDOWS\system32;C:\WINDOWS;C:\WINDOWS\System32\Wbem;C:\WINDOWS\System32\WindowsPowerShell\v1.0\;C:\WINDOWS\System32\OpenSSH\;C:\Program Files\PuTTY\;C:\ProgramData\chocolatey\bin;C:\Program Files\Git\cmd;C:\Users\hammad\AppData\Roaming\nvm;C:\Program Files\nodejs;C:\Users\hammad\AppData\Local\Programs\Python\Python310\Scripts\;C:\Users\hammad\AppData\Local\Microsoft\WindowsApps;C:\Users\hammad\AppData\Local\Programs\Microsoft VS Code\bin;C:\Program Files\Git\bin;C:\Program Files\mingw64\mingw64\bin;C:\Users\hammad\AppData\Local\Android\Sdk\platform-tools;C:\Users\hammad\AppData\Roaming\Python\Python312\Scripts;C:\Users\hammad\AppData\Roaming\npm;C:\Users\hammad\AppData\Roaming\nvm;C:\Program Files\nodejs
USERNAME=hammad
LANG=en_US.UTF-8
OS=Windows_NT
PROCESSOR_IDENTIFIER=Intel64 Family 6 Model 69 Stepping 1, GenuineIntel
TMP=C:\Users\hammad\AppData\Local\Temp
TEMP=C:\Users\hammad\AppData\Local\Temp



Periodic native trim disabled


---------------  S Y S T E M  ---------------

OS:
 Windows 10 , 64 bit Build 19041 (10.0.19041.3636)
OS uptime: 6 days 3:22 hours

CPU: total 4 (initial active 4) (2 cores per cpu, 2 threads per core) family 6 model 69 stepping 1 microcode 0x25, cx8, cmov, fxsr, ht, mmx, sse, sse2, sse3, ssse3, sse4.1, sse4.2, popcnt, lzcnt, tsc, tscinvbit, avx, avx2, aes, erms, clmul, bmi1, bmi2, fma, vzeroupper, clflush
Processor Information for all 4 processors :
  Max Mhz: 2601, Current Mhz: 2601, Mhz Limit: 2601

Memory: 4k page, system-wide physical 12193M (614M free)
TotalPageFile size 23728M (AvailPageFile size 0M)
current process WorkingSet (physical memory assigned to process): 63M, peak: 63M
current process commit charge ("private bytes"): 145M, peak: 145M

vm_info: OpenJDK 64-Bit Server VM (17.0.10+7-LTS) for windows-amd64 JRE (17.0.10+7-LTS), built on Jan 10 2024 19:47:12 by "MicrosoftCorporation" with MS VC++ 16.10 / 16.11 (VS2019)

END.
