#
# There is insufficient memory for the Java Runtime Environment to continue.
# Native memory allocation (mmap) failed to map 96468992 bytes for G1 virtual space
# Possible reasons:
#   The system is out of physical RAM or swap space
#   The process is running with CompressedOops enabled, and the Java Heap may be blocking the growth of the native heap
# Possible solutions:
#   Reduce memory load on the system
#   Increase physical memory or swap space
#   Check if swap backing store is full
#   Decrease Java heap size (-Xmx/-Xms)
#   Decrease number of Java threads
#   Decrease Java thread stack sizes (-Xss)
#   Set larger code cache with -XX:ReservedCodeCacheSize=
#   JVM is running with Unscaled Compressed Oops mode in which the Java heap is
#     placed in the first 4GB address space. The Java Heap base address is the
#     maximum limit for the native heap growth. Please use -XX:HeapBaseMinAddress
#     to set the Java Heap base and to place the Java Heap above 4GB virtual address.
# This output file may be truncated or incomplete.
#
#  Out of Memory Error (os_windows.cpp:3613), pid=8704, tid=9400
#
# JRE version: OpenJDK Runtime Environment Microsoft-8902769 (17.0.10+7) (build 17.0.10+7-LTS)
# Java VM: OpenJDK 64-Bit Server VM Microsoft-8902769 (17.0.10+7-LTS, mixed mode, sharing, tiered, compressed oops, compressed class ptrs, g1 gc, windows-amd64)
# No core dump will be written. Minidumps are not enabled by default on client versions of Windows
#

---------------  S U M M A R Y ------------

Command Line: -XX:MaxMetaspaceSize=512m --add-opens=java.base/java.util=ALL-UNNAMED --add-opens=java.base/java.lang=ALL-UNNAMED --add-opens=java.base/java.lang.invoke=ALL-UNNAMED --add-opens=java.prefs/java.util.prefs=ALL-UNNAMED --add-opens=java.base/java.nio.charset=ALL-UNNAMED --add-opens=java.base/java.net=ALL-UNNAMED --add-opens=java.base/java.util.concurrent.atomic=ALL-UNNAMED -Xmx2048m -Dfile.encoding=windows-1252 -Duser.country=US -Duser.language=en -Duser.variant -javaagent:C:\Users\hammad\.gradle\wrapper\dists\gradle-8.5-all\3zlzzgtsutfj0pbojr50n2l7z\gradle-8.5\lib\agents\gradle-instrumentation-agent-8.5.jar org.gradle.launcher.daemon.bootstrap.GradleDaemon 8.5

Host: Intel(R) Core(TM) i5-4310U CPU @ 2.00GHz, 4 cores, 11G,  Windows 10 , 64 bit Build 19041 (10.0.19041.3636)
Time: Mon Jun 10 22:43:57 2024 Pakistan Standard Time elapsed time: 44.248274 seconds (0d 0h 0m 44s)

---------------  T H R E A D  ---------------

Current thread (0x0000028b1f159a00):  VMThread "VM Thread" [stack: 0x000000a236300000,0x000000a236400000] [id=9400]

Stack: [0x000000a236300000,0x000000a236400000]
Native frames: (J=compiled Java code, j=interpreted, Vv=VM code, C=native code)
V  [jvm.dll+0x67f829]
V  [jvm.dll+0x83750a]
V  [jvm.dll+0x838fce]
V  [jvm.dll+0x839633]
V  [jvm.dll+0x247cbf]
V  [jvm.dll+0x67c669]
V  [jvm.dll+0x6710da]
V  [jvm.dll+0x309b8b]
V  [jvm.dll+0x311036]
V  [jvm.dll+0x360d5e]
V  [jvm.dll+0x360f8f]
V  [jvm.dll+0x2e0798]
V  [jvm.dll+0x2de974]
V  [jvm.dll+0x2ddf7c]
V  [jvm.dll+0x32200b]
V  [jvm.dll+0x83db2b]
V  [jvm.dll+0x83e871]
V  [jvm.dll+0x83ed8d]
V  [jvm.dll+0x83f164]
V  [jvm.dll+0x83f230]
V  [jvm.dll+0x7e69da]
V  [jvm.dll+0x67e715]
C  [ucrtbase.dll+0x21bb2]
C  [KERNEL32.DLL+0x17344]
C  [ntdll.dll+0x526b1]

VM_Operation (0x000000a237af10e0): G1CollectForAllocation, mode: safepoint, requested by thread 0x0000028b405ceb60


---------------  P R O C E S S  ---------------

Threads class SMR info:
_java_thread_list=0x0000028b41e6d180, length=71, elements={
0x0000028b7f9727a0, 0x0000028b1f161530, 0x0000028b1f1622c0, 0x0000028b1f17dc60,
0x0000028b1f17ec00, 0x0000028b1f1804e0, 0x0000028b1f180db0, 0x0000028b1f18a690,
0x0000028b1f18e550, 0x0000028b1f19fa30, 0x0000028b1f142e80, 0x0000028b1f4dd950,
0x0000028b403ef670, 0x0000028b4024f270, 0x0000028b4051f9b0, 0x0000028b406870f0,
0x0000028b3ffa68d0, 0x0000028b405cf580, 0x0000028b405ceb60, 0x0000028b405cf070,
0x0000028b405cfa90, 0x0000028b405cffa0, 0x0000028b405ce140, 0x0000028b405d0ed0,
0x0000028b405d09c0, 0x0000028b405ce650, 0x0000028b405d13e0, 0x0000028b405d18f0,
0x0000028b40e3f3d0, 0x0000028b40e40d20, 0x0000028b40e42670, 0x0000028b40e41c50,
0x0000028b40e3fdf0, 0x0000028b40e3e4a0, 0x0000028b40e43fc0, 0x0000028b40e40300,
0x0000028b40e42b80, 0x0000028b40e3d060, 0x0000028b40e43090, 0x0000028b40e449e0,
0x0000028b40e435a0, 0x0000028b40e42160, 0x0000028b40e41230, 0x0000028b40e444d0,
0x0000028b40e3d570, 0x0000028b40e3da80, 0x0000028b40e3df90, 0x0000028b40e3e9b0,
0x0000028b40e3eec0, 0x0000028b1f2ee0d0, 0x0000028b1f2ea410, 0x0000028b1f2ef510,
0x0000028b1f2ea920, 0x0000028b1f2ed1a0, 0x0000028b1f2ed6b0, 0x0000028b1f2e80a0,
0x0000028b1f2eb850, 0x0000028b1f2eb340, 0x0000028b1f2ebd60, 0x0000028b1f2ec270,
0x0000028b1f2ec780, 0x0000028b1f2ecc90, 0x0000028b1f2edbc0, 0x0000028b1f2ee5e0,
0x0000028b1f2eeaf0, 0x0000028b1f2e94e0, 0x0000028b1f2e85b0, 0x0000028b1f2e8fd0,
0x0000028b1f2ef000, 0x0000028b1f2e99f0, 0x0000028b3fe377b0
}

Java Threads: ( => current thread )
  0x0000028b7f9727a0 JavaThread "main" [_thread_blocked, id=13704, stack(0x000000a235c00000,0x000000a235d00000)]
  0x0000028b1f161530 JavaThread "Reference Handler" daemon [_thread_blocked, id=16092, stack(0x000000a236400000,0x000000a236500000)]
  0x0000028b1f1622c0 JavaThread "Finalizer" daemon [_thread_blocked, id=7356, stack(0x000000a236500000,0x000000a236600000)]
  0x0000028b1f17dc60 JavaThread "Signal Dispatcher" daemon [_thread_blocked, id=16604, stack(0x000000a236700000,0x000000a236800000)]
  0x0000028b1f17ec00 JavaThread "Attach Listener" daemon [_thread_blocked, id=16956, stack(0x000000a236800000,0x000000a236900000)]
  0x0000028b1f1804e0 JavaThread "Service Thread" daemon [_thread_blocked, id=10336, stack(0x000000a236900000,0x000000a236a00000)]
  0x0000028b1f180db0 JavaThread "Monitor Deflation Thread" daemon [_thread_blocked, id=12236, stack(0x000000a236a00000,0x000000a236b00000)]
  0x0000028b1f18a690 JavaThread "C2 CompilerThread0" daemon [_thread_in_native, id=16132, stack(0x000000a236b00000,0x000000a236c00000)]
  0x0000028b1f18e550 JavaThread "C1 CompilerThread0" daemon [_thread_blocked, id=15200, stack(0x000000a236c00000,0x000000a236d00000)]
  0x0000028b1f19fa30 JavaThread "Sweeper thread" daemon [_thread_blocked, id=7088, stack(0x000000a236d00000,0x000000a236e00000)]
  0x0000028b1f142e80 JavaThread "Common-Cleaner" daemon [_thread_blocked, id=13888, stack(0x000000a236e00000,0x000000a236f00000)]
  0x0000028b1f4dd950 JavaThread "Notification Thread" daemon [_thread_blocked, id=5800, stack(0x000000a236f00000,0x000000a237000000)]
  0x0000028b403ef670 JavaThread "Daemon health stats" [_thread_blocked, id=11792, stack(0x000000a237100000,0x000000a237200000)]
  0x0000028b4024f270 JavaThread "Incoming local TCP Connector on port 60360" [_thread_in_native, id=2152, stack(0x000000a237500000,0x000000a237600000)]
  0x0000028b4051f9b0 JavaThread "Daemon periodic checks" [_thread_blocked, id=4752, stack(0x000000a237600000,0x000000a237700000)]
  0x0000028b406870f0 JavaThread "Daemon" [_thread_blocked, id=15796, stack(0x000000a237700000,0x000000a237800000)]
  0x0000028b3ffa68d0 JavaThread "Handler for socket connection from /127.0.0.1:60360 to /127.0.0.1:60361" [_thread_in_native, id=6488, stack(0x000000a237800000,0x000000a237900000)]
  0x0000028b405cf580 JavaThread "Cancel handler" [_thread_blocked, id=12600, stack(0x000000a237900000,0x000000a237a00000)]
  0x0000028b405ceb60 JavaThread "Daemon worker" [_thread_blocked, id=15716, stack(0x000000a237a00000,0x000000a237b00000)]
  0x0000028b405cf070 JavaThread "Asynchronous log dispatcher for DefaultDaemonConnection: socket connection from /127.0.0.1:60360 to /127.0.0.1:60361" [_thread_blocked, id=3788, stack(0x000000a237b00000,0x000000a237c00000)]
  0x0000028b405cfa90 JavaThread "Stdin handler" [_thread_blocked, id=8584, stack(0x000000a237c00000,0x000000a237d00000)]
  0x0000028b405cffa0 JavaThread "Daemon client event forwarder" [_thread_blocked, id=8284, stack(0x000000a237d00000,0x000000a237e00000)]
  0x0000028b405ce140 JavaThread "Cache worker for journal cache (C:\Users\hammad\.gradle\caches\journal-1)" [_thread_blocked, id=17208, stack(0x000000a237e00000,0x000000a237f00000)]
  0x0000028b405d0ed0 JavaThread "File lock request listener" [_thread_in_native, id=15816, stack(0x000000a237f00000,0x000000a238000000)]
  0x0000028b405d09c0 JavaThread "Cache worker for file hash cache (C:\Users\hammad\.gradle\caches\8.5\fileHashes)" [_thread_blocked, id=10844, stack(0x000000a238000000,0x000000a238100000)]
  0x0000028b405ce650 JavaThread "File watcher server" daemon [_thread_blocked, id=9124, stack(0x000000a238100000,0x000000a238200000)]
  0x0000028b405d13e0 JavaThread "File watcher consumer" daemon [_thread_blocked, id=16832, stack(0x000000a238200000,0x000000a238300000)]
  0x0000028b405d18f0 JavaThread "Cache worker for checksums cache (C:\Users\hammad\Desktop\ReactNative\practice\adazakat\android\.gradle\8.5\checksums)" [_thread_blocked, id=10532, stack(0x000000a238300000,0x000000a238400000)]
  0x0000028b40e3f3d0 JavaThread "Cache worker for file hash cache (C:\Users\hammad\Desktop\ReactNative\practice\adazakat\android\.gradle\8.5\fileHashes)" [_thread_blocked, id=12100, stack(0x000000a238400000,0x000000a238500000)]
  0x0000028b40e40d20 JavaThread "Cache worker for cache directory md-supplier (C:\Users\hammad\.gradle\caches\8.5\md-supplier)" [_thread_blocked, id=14184, stack(0x000000a238500000,0x000000a238600000)]
  0x0000028b40e42670 JavaThread "Cache worker for cache directory md-rule (C:\Users\hammad\.gradle\caches\8.5\md-rule)" [_thread_blocked, id=15784, stack(0x000000a238600000,0x000000a238700000)]
  0x0000028b40e41c50 JavaThread "Cache worker for file content cache (C:\Users\hammad\.gradle\caches\8.5\fileContent)" [_thread_blocked, id=15296, stack(0x000000a238700000,0x000000a238800000)]
  0x0000028b40e3fdf0 JavaThread "Cache worker for execution history cache (C:\Users\hammad\.gradle\caches\8.5\executionHistory)" [_thread_blocked, id=7284, stack(0x000000a238800000,0x000000a238900000)]
  0x0000028b40e3e4a0 JavaThread "jar transforms" [_thread_blocked, id=4224, stack(0x000000a238a00000,0x000000a238b00000)]
  0x0000028b40e43fc0 JavaThread "jar transforms Thread 2" [_thread_blocked, id=12196, stack(0x000000a238b00000,0x000000a238c00000)]
  0x0000028b40e40300 JavaThread "jar transforms Thread 3" [_thread_blocked, id=3036, stack(0x000000a238c00000,0x000000a238d00000)]
  0x0000028b40e42b80 JavaThread "jar transforms Thread 4" [_thread_blocked, id=9160, stack(0x000000a238d00000,0x000000a238e00000)]
  0x0000028b40e3d060 JavaThread "Exec process" [_thread_blocked, id=12072, stack(0x000000a238e00000,0x000000a238f00000)]
  0x0000028b40e43090 JavaThread "Exec process Thread 2" [_thread_blocked, id=7020, stack(0x000000a238f00000,0x000000a239000000)]
  0x0000028b40e449e0 JavaThread "Exec process Thread 3" [_thread_blocked, id=17036, stack(0x000000a239000000,0x000000a239100000)]
  0x0000028b40e435a0 JavaThread "Cache worker for kotlin-dsl (C:\Users\hammad\.gradle\caches\8.5\kotlin-dsl)" [_thread_blocked, id=5532, stack(0x000000a239100000,0x000000a239200000)]
  0x0000028b40e42160 JavaThread "Unconstrained build operations" [_thread_blocked, id=15192, stack(0x000000a239200000,0x000000a239300000)]
  0x0000028b40e41230 JavaThread "Unconstrained build operations Thread 2" [_thread_blocked, id=6464, stack(0x000000a239300000,0x000000a239400000)]
  0x0000028b40e444d0 JavaThread "Cache worker for dependencies-accessors (C:\Users\hammad\Desktop\ReactNative\practice\adazakat\android\.gradle\8.5\dependencies-accessors)" [_thread_blocked, id=14160, stack(0x000000a239400000,0x000000a239500000)]
  0x0000028b40e3d570 JavaThread "Cache worker for Build Output Cleanup Cache (C:\Users\hammad\Desktop\ReactNative\practice\adazakat\node_modules\@react-native\gradle-plugin\.gradle\buildOutputCleanup)" [_thread_blocked, id=1344, stack(0x000000a239500000,0x000000a239600000)]
  0x0000028b40e3da80 JavaThread "Unconstrained build operations Thread 3" [_thread_blocked, id=11132, stack(0x000000a239600000,0x000000a239700000)]
  0x0000028b40e3df90 JavaThread "Unconstrained build operations Thread 4" [_thread_blocked, id=8088, stack(0x000000a239700000,0x000000a239800000)]
  0x0000028b40e3e9b0 JavaThread "Unconstrained build operations Thread 5" [_thread_blocked, id=7804, stack(0x000000a239800000,0x000000a239900000)]
  0x0000028b40e3eec0 JavaThread "build event listener" [_thread_blocked, id=4296, stack(0x000000a239900000,0x000000a239a00000)]
  0x0000028b1f2ee0d0 JavaThread "Memory manager" [_thread_blocked, id=7120, stack(0x000000a239a00000,0x000000a239b00000)]
  0x0000028b1f2ea410 JavaThread "Cache worker for Build Output Cleanup Cache (C:\Users\hammad\Desktop\ReactNative\practice\adazakat\android\.gradle\buildOutputCleanup)" [_thread_blocked, id=16680, stack(0x000000a239b00000,0x000000a239c00000)]
  0x0000028b1f2ef510 JavaThread "ForkJoinPool.commonPool-worker-1" daemon [_thread_blocked, id=12436, stack(0x000000a239e00000,0x000000a239f00000)]
  0x0000028b1f2ea920 JavaThread "ForkJoinPool.commonPool-worker-2" daemon [_thread_blocked, id=11300, stack(0x000000a239f00000,0x000000a23a000000)]
  0x0000028b1f2ed1a0 JavaThread "ForkJoinPool.commonPool-worker-3" daemon [_thread_blocked, id=2392, stack(0x000000a23a000000,0x000000a23a100000)]
  0x0000028b1f2ed6b0 JavaThread "included builds" [_thread_blocked, id=12428, stack(0x000000a23a100000,0x000000a23a200000)]
  0x0000028b1f2e80a0 JavaThread "Execution worker" [_thread_blocked, id=9660, stack(0x000000a23a200000,0x000000a23a300000)]
  0x0000028b1f2eb850 JavaThread "Execution worker Thread 2" [_thread_blocked, id=11360, stack(0x000000a23a300000,0x000000a23a400000)]
  0x0000028b1f2eb340 JavaThread "Execution worker Thread 3" [_thread_blocked, id=11376, stack(0x000000a23a400000,0x000000a23a500000)]
  0x0000028b1f2ebd60 JavaThread "Cache worker for execution history cache (C:\Users\hammad\Desktop\ReactNative\practice\adazakat\node_modules\@react-native\gradle-plugin\.gradle\8.5\executionHistory)" [_thread_blocked, id=6316, stack(0x000000a23a500000,0x000000a23a600000)]
  0x0000028b1f2ec270 JavaThread "Unconstrained build operations Thread 6" [_thread_blocked, id=12056, stack(0x000000a23a600000,0x000000a23a700000)]
  0x0000028b1f2ec780 JavaThread "Unconstrained build operations Thread 7" [_thread_blocked, id=5804, stack(0x000000a23a700000,0x000000a23a800000)]
  0x0000028b1f2ecc90 JavaThread "Unconstrained build operations Thread 8" [_thread_blocked, id=6724, stack(0x000000a23a800000,0x000000a23a900000)]
  0x0000028b1f2edbc0 JavaThread "Unconstrained build operations Thread 9" [_thread_blocked, id=10156, stack(0x000000a23a900000,0x000000a23aa00000)]
  0x0000028b1f2ee5e0 JavaThread "Unconstrained build operations Thread 10" [_thread_blocked, id=10972, stack(0x000000a23aa00000,0x000000a23ab00000)]
  0x0000028b1f2eeaf0 JavaThread "Unconstrained build operations Thread 11" [_thread_blocked, id=13136, stack(0x000000a23ab00000,0x000000a23ac00000)]
  0x0000028b1f2e94e0 JavaThread "Unconstrained build operations Thread 12" [_thread_blocked, id=15380, stack(0x000000a23ac00000,0x000000a23ad00000)]
  0x0000028b1f2e85b0 JavaThread "Unconstrained build operations Thread 13" [_thread_blocked, id=16180, stack(0x000000a23ad00000,0x000000a23ae00000)]
  0x0000028b1f2e8fd0 JavaThread "Unconstrained build operations Thread 14" [_thread_blocked, id=16016, stack(0x000000a23ae00000,0x000000a23af00000)]
  0x0000028b1f2ef000 JavaThread "Unconstrained build operations Thread 15" [_thread_blocked, id=13248, stack(0x000000a23af00000,0x000000a23b000000)]
  0x0000028b1f2e99f0 JavaThread "Unconstrained build operations Thread 16" [_thread_blocked, id=15124, stack(0x000000a23b000000,0x000000a23b100000)]
  0x0000028b3fe377b0 JavaThread "C2 CompilerThread1" daemon [_thread_blocked, id=7384, stack(0x000000a238900000,0x000000a238a00000)]

Other Threads:
=>0x0000028b1f159a00 VMThread "VM Thread" [stack: 0x000000a236300000,0x000000a236400000] [id=9400]
  0x0000028b1f4552c0 WatcherThread [stack: 0x000000a237000000,0x000000a237100000] [id=13416]
  0x0000028b7f9cdcd0 GCTaskThread "GC Thread#0" [stack: 0x000000a235e00000,0x000000a235f00000] [id=10920]
  0x0000028b1f5b9490 GCTaskThread "GC Thread#1" [stack: 0x000000a237200000,0x000000a237300000] [id=1108]
  0x0000028b1f6cec60 GCTaskThread "GC Thread#2" [stack: 0x000000a237300000,0x000000a237400000] [id=15588]
  0x0000028b1f54c890 GCTaskThread "GC Thread#3" [stack: 0x000000a237400000,0x000000a237500000] [id=4900]
  0x0000028b7f9dfb40 ConcurrentGCThread "G1 Main Marker" [stack: 0x000000a235f00000,0x000000a236000000] [id=12172]
  0x0000028b7f9e0470 ConcurrentGCThread "G1 Conc#0" [stack: 0x000000a236000000,0x000000a236100000] [id=14808]
  0x0000028b7fa2e490 ConcurrentGCThread "G1 Refine#0" [stack: 0x000000a236100000,0x000000a236200000] [id=4544]
  0x0000028b1f010140 ConcurrentGCThread "G1 Service" [stack: 0x000000a236200000,0x000000a236300000] [id=12228]

Threads with active compile tasks:
C2 CompilerThread0    44307 9548       4       org.gradle.internal.instantiation.generator.AbstractClassGenerator::inspectType (560 bytes)
C2 CompilerThread1    44307 9546       4       sun.reflect.generics.visitor.Reifier::visitClassTypeSignature (381 bytes)

VM state: at safepoint (normal execution)

VM Mutex/Monitor currently owned by a thread:  ([mutex/lock_event])
[0x0000028b7f96e710] Threads_lock - owner thread: 0x0000028b1f159a00
[0x0000028b7f96f760] Heap_lock - owner thread: 0x0000028b405ceb60

Heap address: 0x0000000080000000, size: 2048 MB, Compressed Oops mode: 32-bit

CDS archive(s) mapped at: [0x0000028b20000000-0x0000028b20bb0000-0x0000028b20bb0000), size 12255232, SharedBaseAddress: 0x0000028b20000000, ArchiveRelocationMode: 1.
Compressed class space mapped at: 0x0000028b21000000-0x0000028b3b000000, reserved size: 436207616
Narrow klass base: 0x0000028b20000000, Narrow klass shift: 0, Narrow klass range: 0x100000000

GC Precious Log:
 CPUs: 4 total, 4 available
 Memory: 12193M
 Large Page Support: Disabled
 NUMA Support: Disabled
 Compressed Oops: Enabled (32-bit)
 Heap Region Size: 1M
 Heap Min Capacity: 8M
 Heap Initial Capacity: 192M
 Heap Max Capacity: 2G
 Pre-touch: Disabled
 Parallel Workers: 4
 Concurrent Workers: 1
 Concurrent Refinement Workers: 4
 Periodic GC: Disabled

Heap:
 garbage-first heap   total 196608K, used 87842K [0x0000000080000000, 0x0000000100000000)
  region size 1024K, 1 young (1024K), 1 survivors (1024K)
 Metaspace       used 76554K, committed 77248K, reserved 557056K
  class space    used 10672K, committed 11008K, reserved 425984K

Heap Regions: E=young(eden), S=young(survivor), O=old, HS=humongous(starts), HC=humongous(continues), CS=collection set, F=free, OA=open archive, CA=closed archive, TAMS=top-at-mark-start (previous, next)
|   0|0x0000000080000000, 0x0000000080100000, 0x0000000080100000|100%| O|  |TAMS 0x0000000080100000, 0x0000000080000000| Untracked 
|   1|0x0000000080100000, 0x0000000080200000, 0x0000000080200000|100%| O|  |TAMS 0x0000000080200000, 0x0000000080100000| Untracked 
|   2|0x0000000080200000, 0x0000000080300000, 0x0000000080300000|100%|HS|  |TAMS 0x0000000080300000, 0x0000000080200000| Complete 
|   3|0x0000000080300000, 0x0000000080400000, 0x0000000080400000|100%|HC|  |TAMS 0x0000000080400000, 0x0000000080300000| Complete 
|   4|0x0000000080400000, 0x0000000080500000, 0x0000000080500000|100%|HC|  |TAMS 0x0000000080500000, 0x0000000080400000| Complete 
|   5|0x0000000080500000, 0x0000000080600000, 0x0000000080600000|100%|HC|  |TAMS 0x0000000080600000, 0x0000000080500000| Complete 
|   6|0x0000000080600000, 0x0000000080700000, 0x0000000080700000|100%| O|  |TAMS 0x0000000080700000, 0x0000000080600000| Untracked 
|   7|0x0000000080700000, 0x0000000080800000, 0x0000000080800000|100%| O|  |TAMS 0x0000000080800000, 0x0000000080700000| Untracked 
|   8|0x0000000080800000, 0x0000000080900000, 0x0000000080900000|100%| O|  |TAMS 0x0000000080900000, 0x0000000080800000| Untracked 
|   9|0x0000000080900000, 0x0000000080a00000, 0x0000000080a00000|100%| O|  |TAMS 0x0000000080a00000, 0x0000000080900000| Untracked 
|  10|0x0000000080a00000, 0x0000000080b00000, 0x0000000080b00000|100%| O|  |TAMS 0x0000000080b00000, 0x0000000080a00000| Untracked 
|  11|0x0000000080b00000, 0x0000000080c00000, 0x0000000080c00000|100%| O|  |TAMS 0x0000000080c00000, 0x0000000080b00000| Untracked 
|  12|0x0000000080c00000, 0x0000000080d00000, 0x0000000080d00000|100%| O|  |TAMS 0x0000000080d00000, 0x0000000080c00000| Untracked 
|  13|0x0000000080d00000, 0x0000000080e00000, 0x0000000080e00000|100%| O|  |TAMS 0x0000000080e00000, 0x0000000080d00000| Untracked 
|  14|0x0000000080e00000, 0x0000000080f00000, 0x0000000080f00000|100%| O|  |TAMS 0x0000000080f00000, 0x0000000080e00000| Untracked 
|  15|0x0000000080f00000, 0x0000000081000000, 0x0000000081000000|100%| O|  |TAMS 0x0000000081000000, 0x0000000080f00000| Untracked 
|  16|0x0000000081000000, 0x0000000081100000, 0x0000000081100000|100%| O|  |TAMS 0x0000000081100000, 0x0000000081000000| Untracked 
|  17|0x0000000081100000, 0x0000000081200000, 0x0000000081200000|100%| O|  |TAMS 0x0000000081200000, 0x0000000081100000| Untracked 
|  18|0x0000000081200000, 0x0000000081300000, 0x0000000081300000|100%| O|  |TAMS 0x0000000081300000, 0x0000000081200000| Untracked 
|  19|0x0000000081300000, 0x0000000081400000, 0x0000000081400000|100%| O|  |TAMS 0x0000000081400000, 0x0000000081300000| Untracked 
|  20|0x0000000081400000, 0x0000000081500000, 0x0000000081500000|100%| O|  |TAMS 0x0000000081500000, 0x0000000081400000| Untracked 
|  21|0x0000000081500000, 0x0000000081600000, 0x0000000081600000|100%| O|  |TAMS 0x0000000081600000, 0x0000000081500000| Untracked 
|  22|0x0000000081600000, 0x0000000081700000, 0x0000000081700000|100%| O|  |TAMS 0x0000000081700000, 0x0000000081600000| Untracked 
|  23|0x0000000081700000, 0x0000000081800000, 0x0000000081800000|100%| O|  |TAMS 0x0000000081800000, 0x0000000081700000| Untracked 
|  24|0x0000000081800000, 0x0000000081800000, 0x0000000081900000|  0%| F|  |TAMS 0x0000000081800000, 0x0000000081800000| Untracked 
|  25|0x0000000081900000, 0x0000000081a00000, 0x0000000081a00000|100%| O|  |TAMS 0x0000000081a00000, 0x0000000081900000| Untracked 
|  26|0x0000000081a00000, 0x0000000081b00000, 0x0000000081b00000|100%| O|  |TAMS 0x0000000081b00000, 0x0000000081a00000| Untracked 
|  27|0x0000000081b00000, 0x0000000081c00000, 0x0000000081c00000|100%| O|  |TAMS 0x0000000081c00000, 0x0000000081b00000| Untracked 
|  28|0x0000000081c00000, 0x0000000081d00000, 0x0000000081d00000|100%| O|  |TAMS 0x0000000081d00000, 0x0000000081c00000| Untracked 
|  29|0x0000000081d00000, 0x0000000081e00000, 0x0000000081e00000|100%| O|  |TAMS 0x0000000081e00000, 0x0000000081d00000| Untracked 
|  30|0x0000000081e00000, 0x0000000081f00000, 0x0000000081f00000|100%| O|  |TAMS 0x0000000081f00000, 0x0000000081e00000| Untracked 
|  31|0x0000000081f00000, 0x0000000082000000, 0x0000000082000000|100%| O|  |TAMS 0x0000000082000000, 0x0000000081f00000| Untracked 
|  32|0x0000000082000000, 0x0000000082100000, 0x0000000082100000|100%| O|  |TAMS 0x0000000082100000, 0x0000000082000000| Untracked 
|  33|0x0000000082100000, 0x0000000082200000, 0x0000000082200000|100%| O|  |TAMS 0x0000000082200000, 0x0000000082100000| Untracked 
|  34|0x0000000082200000, 0x0000000082300000, 0x0000000082300000|100%| O|  |TAMS 0x0000000082300000, 0x0000000082200000| Untracked 
|  35|0x0000000082300000, 0x0000000082400000, 0x0000000082400000|100%| O|  |TAMS 0x0000000082400000, 0x0000000082300000| Untracked 
|  36|0x0000000082400000, 0x0000000082500000, 0x0000000082500000|100%|HS|  |TAMS 0x0000000082500000, 0x0000000082400000| Complete 
|  37|0x0000000082500000, 0x0000000082600000, 0x0000000082600000|100%|HC|  |TAMS 0x0000000082600000, 0x0000000082500000| Complete 
|  38|0x0000000082600000, 0x0000000082700000, 0x0000000082700000|100%|HS|  |TAMS 0x0000000082700000, 0x0000000082600000| Complete 
|  39|0x0000000082700000, 0x0000000082800000, 0x0000000082800000|100%|HC|  |TAMS 0x0000000082800000, 0x0000000082700000| Complete 
|  40|0x0000000082800000, 0x0000000082900000, 0x0000000082900000|100%| O|  |TAMS 0x0000000082900000, 0x0000000082800000| Untracked 
|  41|0x0000000082900000, 0x0000000082a00000, 0x0000000082a00000|100%| O|  |TAMS 0x0000000082a00000, 0x0000000082900000| Untracked 
|  42|0x0000000082a00000, 0x0000000082b00000, 0x0000000082b00000|100%| O|  |TAMS 0x0000000082b00000, 0x0000000082a00000| Untracked 
|  43|0x0000000082b00000, 0x0000000082c00000, 0x0000000082c00000|100%| O|  |TAMS 0x0000000082c00000, 0x0000000082b00000| Untracked 
|  44|0x0000000082c00000, 0x0000000082d00000, 0x0000000082d00000|100%| O|  |TAMS 0x0000000082d00000, 0x0000000082c00000| Untracked 
|  45|0x0000000082d00000, 0x0000000082e00000, 0x0000000082e00000|100%| O|  |TAMS 0x0000000082e00000, 0x0000000082d00000| Untracked 
|  46|0x0000000082e00000, 0x0000000082f00000, 0x0000000082f00000|100%|HS|  |TAMS 0x0000000082f00000, 0x0000000082e00000| Complete 
|  47|0x0000000082f00000, 0x0000000083000000, 0x0000000083000000|100%|HC|  |TAMS 0x0000000083000000, 0x0000000082f00000| Complete 
|  48|0x0000000083000000, 0x0000000083100000, 0x0000000083100000|100%|HC|  |TAMS 0x0000000083100000, 0x0000000083000000| Complete 
|  49|0x0000000083100000, 0x0000000083200000, 0x0000000083200000|100%|HC|  |TAMS 0x0000000083200000, 0x0000000083100000| Complete 
|  50|0x0000000083200000, 0x0000000083300000, 0x0000000083300000|100%|HS|  |TAMS 0x0000000083300000, 0x0000000083200000| Complete 
|  51|0x0000000083300000, 0x0000000083400000, 0x0000000083400000|100%|HC|  |TAMS 0x0000000083400000, 0x0000000083300000| Complete 
|  52|0x0000000083400000, 0x0000000083500000, 0x0000000083500000|100%|HC|  |TAMS 0x0000000083500000, 0x0000000083400000| Complete 
|  53|0x0000000083500000, 0x0000000083600000, 0x0000000083600000|100%|HC|  |TAMS 0x0000000083600000, 0x0000000083500000| Complete 
|  54|0x0000000083600000, 0x0000000083700000, 0x0000000083700000|100%| O|  |TAMS 0x0000000083700000, 0x0000000083600000| Untracked 
|  55|0x0000000083700000, 0x0000000083800000, 0x0000000083800000|100%| O|  |TAMS 0x0000000083800000, 0x0000000083700000| Untracked 
|  56|0x0000000083800000, 0x0000000083900000, 0x0000000083900000|100%| O|  |TAMS 0x0000000083900000, 0x0000000083800000| Untracked 
|  57|0x0000000083900000, 0x0000000083a00000, 0x0000000083a00000|100%| O|  |TAMS 0x0000000083a00000, 0x0000000083900000| Untracked 
|  58|0x0000000083a00000, 0x0000000083b00000, 0x0000000083b00000|100%| O|  |TAMS 0x0000000083b00000, 0x0000000083a00000| Untracked 
|  59|0x0000000083b00000, 0x0000000083c00000, 0x0000000083c00000|100%| O|  |TAMS 0x0000000083c00000, 0x0000000083b00000| Untracked 
|  60|0x0000000083c00000, 0x0000000083d00000, 0x0000000083d00000|100%| O|  |TAMS 0x0000000083d00000, 0x0000000083c00000| Untracked 
|  61|0x0000000083d00000, 0x0000000083e00000, 0x0000000083e00000|100%| O|  |TAMS 0x0000000083e00000, 0x0000000083d00000| Untracked 
|  62|0x0000000083e00000, 0x0000000083f00000, 0x0000000083f00000|100%| O|  |TAMS 0x0000000083f00000, 0x0000000083e00000| Untracked 
|  63|0x0000000083f00000, 0x0000000084000000, 0x0000000084000000|100%| O|  |TAMS 0x0000000084000000, 0x0000000083f00000| Untracked 
|  64|0x0000000084000000, 0x0000000084100000, 0x0000000084100000|100%|HS|  |TAMS 0x0000000084100000, 0x0000000084000000| Complete 
|  65|0x0000000084100000, 0x0000000084200000, 0x0000000084200000|100%|HS|  |TAMS 0x0000000084200000, 0x0000000084100000| Complete 
|  66|0x0000000084200000, 0x0000000084300000, 0x0000000084300000|100%|HS|  |TAMS 0x0000000084300000, 0x0000000084200000| Complete 
|  67|0x0000000084300000, 0x0000000084400000, 0x0000000084400000|100%|HS|  |TAMS 0x0000000084400000, 0x0000000084300000| Complete 
|  68|0x0000000084400000, 0x0000000084500000, 0x0000000084500000|100%|HS|  |TAMS 0x0000000084500000, 0x0000000084400000| Complete 
|  69|0x0000000084500000, 0x0000000084600000, 0x0000000084600000|100%| O|  |TAMS 0x0000000084600000, 0x0000000084500000| Untracked 
|  70|0x0000000084600000, 0x0000000084700000, 0x0000000084700000|100%| O|  |TAMS 0x0000000084700000, 0x0000000084600000| Untracked 
|  71|0x0000000084700000, 0x0000000084800000, 0x0000000084800000|100%| O|  |TAMS 0x0000000084800000, 0x0000000084700000| Untracked 
|  72|0x0000000084800000, 0x0000000084900000, 0x0000000084900000|100%| O|  |TAMS 0x0000000084900000, 0x0000000084800000| Untracked 
|  73|0x0000000084900000, 0x0000000084a00000, 0x0000000084a00000|100%| O|  |TAMS 0x0000000084a00000, 0x0000000084900000| Untracked 
|  74|0x0000000084a00000, 0x0000000084b00000, 0x0000000084b00000|100%| O|  |TAMS 0x0000000084b00000, 0x0000000084a00000| Untracked 
|  75|0x0000000084b00000, 0x0000000084c00000, 0x0000000084c00000|100%| O|  |TAMS 0x0000000084c00000, 0x0000000084b00000| Untracked 
|  76|0x0000000084c00000, 0x0000000084d00000, 0x0000000084d00000|100%| O|  |TAMS 0x0000000084d00000, 0x0000000084c00000| Untracked 
|  77|0x0000000084d00000, 0x0000000084e00000, 0x0000000084e00000|100%| O|  |TAMS 0x0000000084e00000, 0x0000000084d00000| Untracked 
|  78|0x0000000084e00000, 0x0000000084f00000, 0x0000000084f00000|100%| O|  |TAMS 0x0000000084f00000, 0x0000000084e00000| Untracked 
|  79|0x0000000084f00000, 0x0000000085000000, 0x0000000085000000|100%| O|  |TAMS 0x0000000084f60e00, 0x0000000084f00000| Untracked 
|  80|0x0000000085000000, 0x0000000085100000, 0x0000000085100000|100%| O|  |TAMS 0x0000000085000000, 0x0000000085000000| Untracked 
|  81|0x0000000085100000, 0x0000000085200000, 0x0000000085200000|100%| O|  |TAMS 0x0000000085100000, 0x0000000085100000| Untracked 
|  82|0x0000000085200000, 0x0000000085300000, 0x0000000085300000|100%| O|  |TAMS 0x0000000085200000, 0x0000000085200000| Untracked 
|  83|0x0000000085300000, 0x0000000085400000, 0x0000000085400000|100%| O|  |TAMS 0x0000000085300000, 0x0000000085300000| Untracked 
|  84|0x0000000085400000, 0x0000000085500000, 0x0000000085500000|100%| O|  |TAMS 0x0000000085400000, 0x0000000085400000| Untracked 
|  85|0x0000000085500000, 0x000000008550b000, 0x0000000085600000|  4%| O|  |TAMS 0x0000000085500000, 0x0000000085500000| Untracked 
|  86|0x0000000085600000, 0x0000000085700000, 0x0000000085700000|100%| O|  |TAMS 0x0000000085600000, 0x0000000085600000| Untracked 
|  87|0x0000000085700000, 0x0000000085700000, 0x0000000085800000|  0%| F|  |TAMS 0x0000000085700000, 0x0000000085700000| Untracked 
|  88|0x0000000085800000, 0x0000000085800000, 0x0000000085900000|  0%| F|  |TAMS 0x0000000085800000, 0x0000000085800000| Untracked 
|  89|0x0000000085900000, 0x0000000085900000, 0x0000000085a00000|  0%| F|  |TAMS 0x0000000085900000, 0x0000000085900000| Untracked 
|  90|0x0000000085a00000, 0x0000000085a00000, 0x0000000085b00000|  0%| F|  |TAMS 0x0000000085a00000, 0x0000000085a00000| Untracked 
|  91|0x0000000085b00000, 0x0000000085b00000, 0x0000000085c00000|  0%| F|  |TAMS 0x0000000085b00000, 0x0000000085b00000| Untracked 
|  92|0x0000000085c00000, 0x0000000085c00000, 0x0000000085d00000|  0%| F|  |TAMS 0x0000000085c00000, 0x0000000085c00000| Untracked 
|  93|0x0000000085d00000, 0x0000000085d00000, 0x0000000085e00000|  0%| F|  |TAMS 0x0000000085d00000, 0x0000000085d00000| Untracked 
|  94|0x0000000085e00000, 0x0000000085e00000, 0x0000000085f00000|  0%| F|  |TAMS 0x0000000085e00000, 0x0000000085e00000| Untracked 
|  95|0x0000000085f00000, 0x0000000085f00000, 0x0000000086000000|  0%| F|  |TAMS 0x0000000085f00000, 0x0000000085f00000| Untracked 
|  96|0x0000000086000000, 0x0000000086000000, 0x0000000086100000|  0%| F|  |TAMS 0x0000000086000000, 0x0000000086000000| Untracked 
|  97|0x0000000086100000, 0x0000000086100000, 0x0000000086200000|  0%| F|  |TAMS 0x0000000086100000, 0x0000000086100000| Untracked 
|  98|0x0000000086200000, 0x0000000086200000, 0x0000000086300000|  0%| F|  |TAMS 0x0000000086200000, 0x0000000086200000| Untracked 
|  99|0x0000000086300000, 0x0000000086300000, 0x0000000086400000|  0%| F|  |TAMS 0x0000000086300000, 0x0000000086300000| Untracked 
| 100|0x0000000086400000, 0x0000000086400000, 0x0000000086500000|  0%| F|  |TAMS 0x0000000086400000, 0x0000000086400000| Untracked 
| 101|0x0000000086500000, 0x0000000086500000, 0x0000000086600000|  0%| F|  |TAMS 0x0000000086500000, 0x0000000086500000| Untracked 
| 102|0x0000000086600000, 0x0000000086600000, 0x0000000086700000|  0%| F|  |TAMS 0x0000000086600000, 0x0000000086600000| Untracked 
| 103|0x0000000086700000, 0x0000000086700000, 0x0000000086800000|  0%| F|  |TAMS 0x0000000086700000, 0x0000000086700000| Untracked 
| 104|0x0000000086800000, 0x0000000086800000, 0x0000000086900000|  0%| F|  |TAMS 0x0000000086800000, 0x0000000086800000| Untracked 
| 105|0x0000000086900000, 0x0000000086900000, 0x0000000086a00000|  0%| F|  |TAMS 0x0000000086900000, 0x0000000086900000| Untracked 
| 106|0x0000000086a00000, 0x0000000086a00000, 0x0000000086b00000|  0%| F|  |TAMS 0x0000000086a00000, 0x0000000086a00000| Untracked 
| 107|0x0000000086b00000, 0x0000000086b00000, 0x0000000086c00000|  0%| F|  |TAMS 0x0000000086b00000, 0x0000000086b00000| Untracked 
| 108|0x0000000086c00000, 0x0000000086c00000, 0x0000000086d00000|  0%| F|  |TAMS 0x0000000086c00000, 0x0000000086c00000| Untracked 
| 109|0x0000000086d00000, 0x0000000086d00000, 0x0000000086e00000|  0%| F|  |TAMS 0x0000000086d00000, 0x0000000086d00000| Untracked 
| 110|0x0000000086e00000, 0x0000000086e00000, 0x0000000086f00000|  0%| F|  |TAMS 0x0000000086e00000, 0x0000000086e00000| Untracked 
| 111|0x0000000086f00000, 0x0000000086f00000, 0x0000000087000000|  0%| F|  |TAMS 0x0000000086f00000, 0x0000000086f00000| Untracked 
| 112|0x0000000087000000, 0x0000000087000000, 0x0000000087100000|  0%| F|  |TAMS 0x0000000087000000, 0x0000000087000000| Untracked 
| 113|0x0000000087100000, 0x0000000087100000, 0x0000000087200000|  0%| F|  |TAMS 0x0000000087100000, 0x0000000087100000| Untracked 
| 114|0x0000000087200000, 0x0000000087200000, 0x0000000087300000|  0%| F|  |TAMS 0x0000000087200000, 0x0000000087200000| Untracked 
| 115|0x0000000087300000, 0x0000000087300000, 0x0000000087400000|  0%| F|  |TAMS 0x0000000087300000, 0x0000000087300000| Untracked 
| 116|0x0000000087400000, 0x0000000087400000, 0x0000000087500000|  0%| F|  |TAMS 0x0000000087400000, 0x0000000087400000| Untracked 
| 117|0x0000000087500000, 0x0000000087500000, 0x0000000087600000|  0%| F|  |TAMS 0x0000000087500000, 0x0000000087500000| Untracked 
| 118|0x0000000087600000, 0x0000000087600000, 0x0000000087700000|  0%| F|  |TAMS 0x0000000087600000, 0x0000000087600000| Untracked 
| 119|0x0000000087700000, 0x0000000087700000, 0x0000000087800000|  0%| F|  |TAMS 0x0000000087700000, 0x0000000087700000| Untracked 
| 120|0x0000000087800000, 0x0000000087800000, 0x0000000087900000|  0%| F|  |TAMS 0x0000000087800000, 0x0000000087800000| Untracked 
| 121|0x0000000087900000, 0x0000000087900000, 0x0000000087a00000|  0%| F|  |TAMS 0x0000000087900000, 0x0000000087900000| Untracked 
| 122|0x0000000087a00000, 0x0000000087a00000, 0x0000000087b00000|  0%| F|  |TAMS 0x0000000087a00000, 0x0000000087a00000| Untracked 
| 123|0x0000000087b00000, 0x0000000087b00000, 0x0000000087c00000|  0%| F|  |TAMS 0x0000000087b00000, 0x0000000087b00000| Untracked 
| 124|0x0000000087c00000, 0x0000000087c00000, 0x0000000087d00000|  0%| F|  |TAMS 0x0000000087c00000, 0x0000000087c00000| Untracked 
| 125|0x0000000087d00000, 0x0000000087d00000, 0x0000000087e00000|  0%| F|  |TAMS 0x0000000087d00000, 0x0000000087d00000| Untracked 
| 126|0x0000000087e00000, 0x0000000087e00000, 0x0000000087f00000|  0%| F|  |TAMS 0x0000000087e00000, 0x0000000087e00000| Untracked 
| 127|0x0000000087f00000, 0x0000000087f00000, 0x0000000088000000|  0%| F|  |TAMS 0x0000000087f00000, 0x0000000087f00000| Untracked 
| 128|0x0000000088000000, 0x0000000088000000, 0x0000000088100000|  0%| F|  |TAMS 0x0000000088000000, 0x0000000088000000| Untracked 
| 129|0x0000000088100000, 0x0000000088100000, 0x0000000088200000|  0%| F|  |TAMS 0x0000000088100000, 0x0000000088100000| Untracked 
| 130|0x0000000088200000, 0x0000000088200000, 0x0000000088300000|  0%| F|  |TAMS 0x0000000088200000, 0x0000000088200000| Untracked 
| 131|0x0000000088300000, 0x0000000088300000, 0x0000000088400000|  0%| F|  |TAMS 0x0000000088300000, 0x0000000088300000| Untracked 
| 132|0x0000000088400000, 0x0000000088400000, 0x0000000088500000|  0%| F|  |TAMS 0x0000000088400000, 0x0000000088400000| Untracked 
| 133|0x0000000088500000, 0x0000000088500000, 0x0000000088600000|  0%| F|  |TAMS 0x0000000088500000, 0x0000000088500000| Untracked 
| 134|0x0000000088600000, 0x0000000088600000, 0x0000000088700000|  0%| F|  |TAMS 0x0000000088600000, 0x0000000088600000| Untracked 
| 135|0x0000000088700000, 0x0000000088700000, 0x0000000088800000|  0%| F|  |TAMS 0x0000000088700000, 0x0000000088700000| Untracked 
| 136|0x0000000088800000, 0x0000000088800000, 0x0000000088900000|  0%| F|  |TAMS 0x0000000088800000, 0x0000000088800000| Untracked 
| 137|0x0000000088900000, 0x0000000088900000, 0x0000000088a00000|  0%| F|  |TAMS 0x0000000088900000, 0x0000000088900000| Untracked 
| 138|0x0000000088a00000, 0x0000000088a00000, 0x0000000088b00000|  0%| F|  |TAMS 0x0000000088a00000, 0x0000000088a00000| Untracked 
| 139|0x0000000088b00000, 0x0000000088b00000, 0x0000000088c00000|  0%| F|  |TAMS 0x0000000088b00000, 0x0000000088b00000| Untracked 
| 140|0x0000000088c00000, 0x0000000088c00000, 0x0000000088d00000|  0%| F|  |TAMS 0x0000000088c00000, 0x0000000088c00000| Untracked 
| 141|0x0000000088d00000, 0x0000000088d00000, 0x0000000088e00000|  0%| F|  |TAMS 0x0000000088d00000, 0x0000000088d00000| Untracked 
| 142|0x0000000088e00000, 0x0000000088e00000, 0x0000000088f00000|  0%| F|  |TAMS 0x0000000088e00000, 0x0000000088e00000| Untracked 
| 143|0x0000000088f00000, 0x0000000088f00000, 0x0000000089000000|  0%| F|  |TAMS 0x0000000088f00000, 0x0000000088f00000| Untracked 
| 144|0x0000000089000000, 0x0000000089000000, 0x0000000089100000|  0%| F|  |TAMS 0x0000000089000000, 0x0000000089000000| Untracked 
| 145|0x0000000089100000, 0x0000000089100000, 0x0000000089200000|  0%| F|  |TAMS 0x0000000089100000, 0x0000000089100000| Untracked 
| 146|0x0000000089200000, 0x0000000089200000, 0x0000000089300000|  0%| F|  |TAMS 0x0000000089200000, 0x0000000089200000| Untracked 
| 147|0x0000000089300000, 0x0000000089300000, 0x0000000089400000|  0%| F|  |TAMS 0x0000000089300000, 0x0000000089300000| Untracked 
| 148|0x0000000089400000, 0x0000000089400000, 0x0000000089500000|  0%| F|  |TAMS 0x0000000089400000, 0x0000000089400000| Untracked 
| 149|0x0000000089500000, 0x0000000089500000, 0x0000000089600000|  0%| F|  |TAMS 0x0000000089500000, 0x0000000089500000| Untracked 
| 150|0x0000000089600000, 0x0000000089600000, 0x0000000089700000|  0%| F|  |TAMS 0x0000000089600000, 0x0000000089600000| Untracked 
| 151|0x0000000089700000, 0x0000000089700000, 0x0000000089800000|  0%| F|  |TAMS 0x0000000089700000, 0x0000000089700000| Untracked 
| 152|0x0000000089800000, 0x0000000089800000, 0x0000000089900000|  0%| F|  |TAMS 0x0000000089800000, 0x0000000089800000| Untracked 
| 153|0x0000000089900000, 0x0000000089900000, 0x0000000089a00000|  0%| F|  |TAMS 0x0000000089900000, 0x0000000089900000| Untracked 
| 154|0x0000000089a00000, 0x0000000089a00000, 0x0000000089b00000|  0%| F|  |TAMS 0x0000000089a00000, 0x0000000089a00000| Untracked 
| 155|0x0000000089b00000, 0x0000000089b00000, 0x0000000089c00000|  0%| F|  |TAMS 0x0000000089b00000, 0x0000000089b00000| Untracked 
| 156|0x0000000089c00000, 0x0000000089c00000, 0x0000000089d00000|  0%| F|  |TAMS 0x0000000089c00000, 0x0000000089c00000| Untracked 
| 157|0x0000000089d00000, 0x0000000089d00000, 0x0000000089e00000|  0%| F|  |TAMS 0x0000000089d00000, 0x0000000089d00000| Untracked 
| 158|0x0000000089e00000, 0x0000000089e00000, 0x0000000089f00000|  0%| F|  |TAMS 0x0000000089e00000, 0x0000000089e00000| Untracked 
| 159|0x0000000089f00000, 0x0000000089f00000, 0x000000008a000000|  0%| F|  |TAMS 0x0000000089f00000, 0x0000000089f00000| Untracked 
| 160|0x000000008a000000, 0x000000008a000000, 0x000000008a100000|  0%| F|  |TAMS 0x000000008a000000, 0x000000008a000000| Untracked 
| 161|0x000000008a100000, 0x000000008a100000, 0x000000008a200000|  0%| F|  |TAMS 0x000000008a100000, 0x000000008a100000| Untracked 
| 162|0x000000008a200000, 0x000000008a200000, 0x000000008a300000|  0%| F|  |TAMS 0x000000008a200000, 0x000000008a200000| Untracked 
| 163|0x000000008a300000, 0x000000008a300000, 0x000000008a400000|  0%| F|  |TAMS 0x000000008a300000, 0x000000008a300000| Untracked 
| 164|0x000000008a400000, 0x000000008a400000, 0x000000008a500000|  0%| F|  |TAMS 0x000000008a400000, 0x000000008a400000| Untracked 
| 165|0x000000008a500000, 0x000000008a500000, 0x000000008a600000|  0%| F|  |TAMS 0x000000008a500000, 0x000000008a500000| Untracked 
| 166|0x000000008a600000, 0x000000008a600000, 0x000000008a700000|  0%| F|  |TAMS 0x000000008a600000, 0x000000008a600000| Untracked 
| 167|0x000000008a700000, 0x000000008a700000, 0x000000008a800000|  0%| F|  |TAMS 0x000000008a700000, 0x000000008a700000| Untracked 
| 168|0x000000008a800000, 0x000000008a800000, 0x000000008a900000|  0%| F|  |TAMS 0x000000008a800000, 0x000000008a800000| Untracked 
| 169|0x000000008a900000, 0x000000008a900000, 0x000000008aa00000|  0%| F|  |TAMS 0x000000008a900000, 0x000000008a900000| Untracked 
| 170|0x000000008aa00000, 0x000000008aa00000, 0x000000008ab00000|  0%| F|  |TAMS 0x000000008aa00000, 0x000000008aa00000| Untracked 
| 171|0x000000008ab00000, 0x000000008ab00000, 0x000000008ac00000|  0%| F|  |TAMS 0x000000008ab00000, 0x000000008ab00000| Untracked 
| 172|0x000000008ac00000, 0x000000008ac00000, 0x000000008ad00000|  0%| F|  |TAMS 0x000000008ac00000, 0x000000008ac00000| Untracked 
| 173|0x000000008ad00000, 0x000000008ad00000, 0x000000008ae00000|  0%| F|  |TAMS 0x000000008ad00000, 0x000000008ad00000| Untracked 
| 174|0x000000008ae00000, 0x000000008ae00000, 0x000000008af00000|  0%| F|  |TAMS 0x000000008ae00000, 0x000000008ae00000| Untracked 
| 175|0x000000008af00000, 0x000000008af00000, 0x000000008b000000|  0%| F|  |TAMS 0x000000008af00000, 0x000000008af00000| Untracked 
| 176|0x000000008b000000, 0x000000008b000000, 0x000000008b100000|  0%| F|  |TAMS 0x000000008b000000, 0x000000008b000000| Untracked 
| 177|0x000000008b100000, 0x000000008b100000, 0x000000008b200000|  0%| F|  |TAMS 0x000000008b100000, 0x000000008b100000| Untracked 
| 178|0x000000008b200000, 0x000000008b200000, 0x000000008b300000|  0%| F|  |TAMS 0x000000008b200000, 0x000000008b200000| Untracked 
| 179|0x000000008b300000, 0x000000008b300000, 0x000000008b400000|  0%| F|  |TAMS 0x000000008b300000, 0x000000008b300000| Untracked 
| 180|0x000000008b400000, 0x000000008b400000, 0x000000008b500000|  0%| F|  |TAMS 0x000000008b400000, 0x000000008b400000| Untracked 
| 181|0x000000008b500000, 0x000000008b500000, 0x000000008b600000|  0%| F|  |TAMS 0x000000008b500000, 0x000000008b500000| Untracked 
| 182|0x000000008b600000, 0x000000008b600000, 0x000000008b700000|  0%| F|  |TAMS 0x000000008b600000, 0x000000008b600000| Untracked 
| 183|0x000000008b700000, 0x000000008b700000, 0x000000008b800000|  0%| F|  |TAMS 0x000000008b700000, 0x000000008b700000| Untracked 
| 184|0x000000008b800000, 0x000000008b800000, 0x000000008b900000|  0%| F|  |TAMS 0x000000008b800000, 0x000000008b800000| Untracked 
| 185|0x000000008b900000, 0x000000008b900000, 0x000000008ba00000|  0%| F|  |TAMS 0x000000008b900000, 0x000000008b900000| Untracked 
| 186|0x000000008ba00000, 0x000000008ba00000, 0x000000008bb00000|  0%| F|  |TAMS 0x000000008ba00000, 0x000000008ba00000| Untracked 
| 187|0x000000008bb00000, 0x000000008bb00000, 0x000000008bc00000|  0%| F|  |TAMS 0x000000008bb00000, 0x000000008bb00000| Untracked 
| 188|0x000000008bc00000, 0x000000008bc00000, 0x000000008bd00000|  0%| F|  |TAMS 0x000000008bc00000, 0x000000008bc00000| Untracked 
| 189|0x000000008bd00000, 0x000000008bdbd940, 0x000000008be00000| 74%| S|CS|TAMS 0x000000008bd00000, 0x000000008bd00000| Complete 
| 190|0x000000008be00000, 0x000000008be00000, 0x000000008bf00000|  0%| F|  |TAMS 0x000000008be00000, 0x000000008be00000| Untracked 
| 191|0x000000008bf00000, 0x000000008bf00000, 0x000000008c000000|  0%| F|  |TAMS 0x000000008bf00000, 0x000000008bf00000| Untracked 

Card table byte_map: [0x0000028b18380000,0x0000028b18780000] _byte_map_base: 0x0000028b17f80000

Marking Bits (Prev, Next): (CMBitMap*) 0x0000028b7f9cf250, (CMBitMap*) 0x0000028b7f9cf210
 Prev Bits: [0x0000028b1ab80000, 0x0000028b1cb80000)
 Next Bits: [0x0000028b18b80000, 0x0000028b1ab80000)

Polling page: 0x0000028b7f3f0000

Metaspace:

Usage:
  Non-class:     64.34 MB used.
      Class:     10.42 MB used.
       Both:     74.76 MB used.

Virtual space:
  Non-class space:      128.00 MB reserved,      64.69 MB ( 51%) committed,  2 nodes.
      Class space:      416.00 MB reserved,      10.75 MB (  3%) committed,  1 nodes.
             Both:      544.00 MB reserved,      75.44 MB ( 14%) committed. 

Chunk freelists:
   Non-Class:  14.88 MB
       Class:  5.19 MB
        Both:  20.07 MB

MaxMetaspaceSize: 512.00 MB
CompressedClassSpaceSize: 416.00 MB
Initial GC threshold: 21.00 MB
Current GC threshold: 123.12 MB
CDS: on
MetaspaceReclaimPolicy: balanced
 - commit_granule_bytes: 65536.
 - commit_granule_words: 8192.
 - virtual_space_node_default_size: 8388608.
 - enlarge_chunks_in_place: 1.
 - new_chunks_are_fully_committed: 0.
 - uncommit_free_chunks: 1.
 - use_allocation_guard: 0.
 - handle_deallocations: 1.


Internal statistics:

num_allocs_failed_limit: 6.
num_arena_births: 904.
num_arena_deaths: 0.
num_vsnodes_births: 3.
num_vsnodes_deaths: 0.
num_space_committed: 1207.
num_space_uncommitted: 0.
num_chunks_returned_to_freelist: 6.
num_chunks_taken_from_freelist: 4050.
num_chunk_merges: 6.
num_chunk_splits: 2696.
num_chunks_enlarged: 1802.
num_inconsistent_stats: 0.

CodeHeap 'non-profiled nmethods': size=120000Kb used=5080Kb max_used=5080Kb free=114919Kb
 bounds [0x0000028b10940000, 0x0000028b10e40000, 0x0000028b17e70000]
CodeHeap 'profiled nmethods': size=120000Kb used=17342Kb max_used=17342Kb free=102657Kb
 bounds [0x0000028b08e70000, 0x0000028b09f60000, 0x0000028b103a0000]
CodeHeap 'non-nmethods': size=5760Kb used=2389Kb max_used=2441Kb free=3370Kb
 bounds [0x0000028b103a0000, 0x0000028b10610000, 0x0000028b10940000]
 total_blobs=9791 nmethods=8875 adapters=828
 compilation: enabled
              stopped_count=0, restarted_count=0
 full_count=0

Compilation events (20 events):
Event: 44.142 Thread 0x0000028b1f18e550 9625       3       org.objectweb.asm.Handler::getExceptionTableLength (21 bytes)
Event: 44.142 Thread 0x0000028b1f18e550 nmethod 9625 0x0000028b09f56e10 code [0x0000028b09f56fa0, 0x0000028b09f57138]
Event: 44.142 Thread 0x0000028b1f18e550 9624       3       org.objectweb.asm.Handler::getExceptionTableSize (10 bytes)
Event: 44.142 Thread 0x0000028b1f18e550 nmethod 9624 0x0000028b09f57210 code [0x0000028b09f573c0, 0x0000028b09f575b8]
Event: 44.142 Thread 0x0000028b1f18e550 9626       1       org.objectweb.asm.MethodWriter::hasAsmInstructions (5 bytes)
Event: 44.142 Thread 0x0000028b1f18e550 nmethod 9626 0x0000028b10e35d90 code [0x0000028b10e35f20, 0x0000028b10e35ff8]
Event: 44.212 Thread 0x0000028b1f18e550 9627       3       org.objectweb.asm.MethodWriter::visitAbstractType (8 bytes)
Event: 44.212 Thread 0x0000028b1f18e550 nmethod 9627 0x0000028b09f57710 code [0x0000028b09f578a0, 0x0000028b09f579d8]
Event: 44.213 Thread 0x0000028b1f18e550 9628       1       org.objectweb.asm.SymbolTable::getClassName (5 bytes)
Event: 44.213 Thread 0x0000028b1f18e550 nmethod 9628 0x0000028b10e36090 code [0x0000028b10e36220, 0x0000028b10e362f8]
Event: 44.214 Thread 0x0000028b1f18e550 9629   !   3       jdk.internal.reflect.GeneratedConstructorAccessor3::newInstance (53 bytes)
Event: 44.215 Thread 0x0000028b1f18e550 nmethod 9629 0x0000028b09f57b10 code [0x0000028b09f57d40, 0x0000028b09f585e8]
Event: 44.217 Thread 0x0000028b1f18e550 9630       3       org.objectweb.asm.AnnotationVisitor::<init> (94 bytes)
Event: 44.218 Thread 0x0000028b1f18e550 nmethod 9630 0x0000028b09f58a10 code [0x0000028b09f58c60, 0x0000028b09f59588]
Event: 44.224 Thread 0x0000028b1f18e550 9632       3       java.lang.reflect.ProxyGenerator::generateClassFile (281 bytes)
Event: 44.225 Thread 0x0000028b1f18e550 nmethod 9632 0x0000028b09f59890 code [0x0000028b09f59c80, 0x0000028b09f5b688]
Event: 44.226 Thread 0x0000028b1f18e550 9633       3       org.objectweb.asm.Type::getOpcode (284 bytes)
Event: 44.227 Thread 0x0000028b1f18e550 nmethod 9633 0x0000028b09f5be10 code [0x0000028b09f5c0a0, 0x0000028b09f5cd98]
Event: 44.228 Thread 0x0000028b1f18e550 9634       3       org.objectweb.asm.Frame::getAbstractTypeFromDescriptor (415 bytes)
Event: 44.230 Thread 0x0000028b1f18e550 nmethod 9634 0x0000028b09f5d090 code [0x0000028b09f5d440, 0x0000028b09f5f098]

GC Heap History (20 events):
Event: 36.872 GC heap after
{Heap after GC invocations=22 (full 0):
 garbage-first heap   total 132096K, used 59611K [0x0000000080000000, 0x0000000100000000)
  region size 1024K, 3 young (3072K), 3 survivors (3072K)
 Metaspace       used 58941K, committed 59584K, reserved 491520K
  class space    used 8365K, committed 8640K, reserved 425984K
}
Event: 37.886 GC heap before
{Heap before GC invocations=23 (full 0):
 garbage-first heap   total 132096K, used 99547K [0x0000000080000000, 0x0000000100000000)
  region size 1024K, 43 young (44032K), 3 survivors (3072K)
 Metaspace       used 61250K, committed 61888K, reserved 491520K
  class space    used 8674K, committed 8960K, reserved 425984K
}
Event: 37.894 GC heap after
{Heap after GC invocations=24 (full 0):
 garbage-first heap   total 132096K, used 61526K [0x0000000080000000, 0x0000000100000000)
  region size 1024K, 5 young (5120K), 5 survivors (5120K)
 Metaspace       used 61250K, committed 61888K, reserved 491520K
  class space    used 8674K, committed 8960K, reserved 425984K
}
Event: 37.912 GC heap before
{Heap before GC invocations=24 (full 0):
 garbage-first heap   total 132096K, used 62550K [0x0000000080000000, 0x0000000100000000)
  region size 1024K, 6 young (6144K), 5 survivors (5120K)
 Metaspace       used 61322K, committed 61952K, reserved 491520K
  class space    used 8686K, committed 8960K, reserved 425984K
}
Event: 37.918 GC heap after
{Heap after GC invocations=25 (full 0):
 garbage-first heap   total 132096K, used 61926K [0x0000000080000000, 0x0000000100000000)
  region size 1024K, 1 young (1024K), 1 survivors (1024K)
 Metaspace       used 61322K, committed 61952K, reserved 491520K
  class space    used 8686K, committed 8960K, reserved 425984K
}
Event: 39.208 GC heap before
{Heap before GC invocations=25 (full 0):
 garbage-first heap   total 132096K, used 103910K [0x0000000080000000, 0x0000000100000000)
  region size 1024K, 42 young (43008K), 1 survivors (1024K)
 Metaspace       used 63695K, committed 64320K, reserved 491520K
  class space    used 9021K, committed 9344K, reserved 425984K
}
Event: 39.219 GC heap after
{Heap after GC invocations=26 (full 0):
 garbage-first heap   total 132096K, used 65638K [0x0000000080000000, 0x0000000100000000)
  region size 1024K, 5 young (5120K), 5 survivors (5120K)
 Metaspace       used 63695K, committed 64320K, reserved 491520K
  class space    used 9021K, committed 9344K, reserved 425984K
}
Event: 40.484 GC heap before
{Heap before GC invocations=27 (full 0):
 garbage-first heap   total 132096K, used 104550K [0x0000000080000000, 0x0000000100000000)
  region size 1024K, 43 young (44032K), 5 survivors (5120K)
 Metaspace       used 66441K, committed 67136K, reserved 491520K
  class space    used 9477K, committed 9792K, reserved 425984K
}
Event: 40.497 GC heap after
{Heap after GC invocations=28 (full 0):
 garbage-first heap   total 132096K, used 68347K [0x0000000080000000, 0x0000000100000000)
  region size 1024K, 3 young (3072K), 3 survivors (3072K)
 Metaspace       used 66441K, committed 67136K, reserved 491520K
  class space    used 9477K, committed 9792K, reserved 425984K
}
Event: 41.663 GC heap before
{Heap before GC invocations=28 (full 0):
 garbage-first heap   total 132096K, used 97019K [0x0000000080000000, 0x0000000100000000)
  region size 1024K, 33 young (33792K), 3 survivors (3072K)
 Metaspace       used 67904K, committed 68608K, reserved 491520K
  class space    used 9666K, committed 9984K, reserved 425984K
}
Event: 41.671 GC heap after
{Heap after GC invocations=29 (full 0):
 garbage-first heap   total 132096K, used 70094K [0x0000000080000000, 0x0000000100000000)
  region size 1024K, 5 young (5120K), 5 survivors (5120K)
 Metaspace       used 67904K, committed 68608K, reserved 491520K
  class space    used 9666K, committed 9984K, reserved 425984K
}
Event: 42.128 GC heap before
{Heap before GC invocations=30 (full 0):
 garbage-first heap   total 138240K, used 94670K [0x0000000080000000, 0x0000000100000000)
  region size 1024K, 26 young (26624K), 5 survivors (5120K)
 Metaspace       used 68796K, committed 69504K, reserved 491520K
  class space    used 9772K, committed 10112K, reserved 425984K
}
Event: 42.139 GC heap after
{Heap after GC invocations=31 (full 0):
 garbage-first heap   total 138240K, used 79955K [0x0000000080000000, 0x0000000100000000)
  region size 1024K, 6 young (6144K), 6 survivors (6144K)
 Metaspace       used 68796K, committed 69504K, reserved 491520K
  class space    used 9772K, committed 10112K, reserved 425984K
}
Event: 42.626 GC heap before
{Heap before GC invocations=32 (full 0):
 garbage-first heap   total 153600K, used 106579K [0x0000000080000000, 0x0000000100000000)
  region size 1024K, 32 young (32768K), 6 survivors (6144K)
 Metaspace       used 71096K, committed 71808K, reserved 491520K
  class space    used 10024K, committed 10368K, reserved 425984K
}
Event: 42.630 GC heap after
{Heap after GC invocations=33 (full 0):
 garbage-first heap   total 153600K, used 82138K [0x0000000080000000, 0x0000000100000000)
  region size 1024K, 1 young (1024K), 1 survivors (1024K)
 Metaspace       used 71096K, committed 71808K, reserved 491520K
  class space    used 10024K, committed 10368K, reserved 425984K
}
Event: 43.290 GC heap before
{Heap before GC invocations=33 (full 0):
 garbage-first heap   total 153600K, used 116954K [0x0000000080000000, 0x0000000100000000)
  region size 1024K, 35 young (35840K), 1 survivors (1024K)
 Metaspace       used 74834K, committed 75584K, reserved 491520K
  class space    used 10439K, committed 10816K, reserved 425984K
}
Event: 43.295 GC heap after
{Heap after GC invocations=34 (full 0):
 garbage-first heap   total 153600K, used 84604K [0x0000000080000000, 0x0000000100000000)
  region size 1024K, 4 young (4096K), 4 survivors (4096K)
 Metaspace       used 74834K, committed 75584K, reserved 491520K
  class space    used 10439K, committed 10816K, reserved 425984K
}
Event: 44.143 GC heap before
{Heap before GC invocations=35 (full 0):
 garbage-first heap   total 153600K, used 125564K [0x0000000080000000, 0x0000000100000000)
  region size 1024K, 38 young (38912K), 4 survivors (4096K)
 Metaspace       used 76420K, committed 77184K, reserved 557056K
  class space    used 10658K, committed 11008K, reserved 425984K
}
Event: 44.156 GC heap after
{Heap after GC invocations=36 (full 0):
 garbage-first heap   total 153600K, used 87523K [0x0000000080000000, 0x0000000100000000)
  region size 1024K, 5 young (5120K), 5 survivors (5120K)
 Metaspace       used 76420K, committed 77184K, reserved 557056K
  class space    used 10658K, committed 11008K, reserved 425984K
}
Event: 44.236 GC heap before
{Heap before GC invocations=36 (full 0):
 garbage-first heap   total 153600K, used 89571K [0x0000000080000000, 0x0000000100000000)
  region size 1024K, 7 young (7168K), 5 survivors (5120K)
 Metaspace       used 76554K, committed 77248K, reserved 557056K
  class space    used 10672K, committed 11008K, reserved 425984K
}

Dll operation events (15 events):
Event: 0.035 Loaded shared library C:\Program Files\Microsoft\jdk-17.0.10.7-hotspot\bin\java.dll
Event: 0.106 Loaded shared library C:\Program Files\Microsoft\jdk-17.0.10.7-hotspot\bin\jsvml.dll
Event: 0.277 Loaded shared library C:\Program Files\Microsoft\jdk-17.0.10.7-hotspot\bin\zip.dll
Event: 0.282 Loaded shared library C:\Program Files\Microsoft\jdk-17.0.10.7-hotspot\bin\instrument.dll
Event: 0.291 Loaded shared library C:\Program Files\Microsoft\jdk-17.0.10.7-hotspot\bin\net.dll
Event: 0.294 Loaded shared library C:\Program Files\Microsoft\jdk-17.0.10.7-hotspot\bin\nio.dll
Event: 0.301 Loaded shared library C:\Program Files\Microsoft\jdk-17.0.10.7-hotspot\bin\zip.dll
Event: 1.143 Loaded shared library C:\Program Files\Microsoft\jdk-17.0.10.7-hotspot\bin\jimage.dll
Event: 1.339 Loaded shared library C:\Program Files\Microsoft\jdk-17.0.10.7-hotspot\bin\verify.dll
Event: 2.152 Loaded shared library C:\Users\hammad\.gradle\native\c067742578af261105cb4f569cf0c3c89f3d7b1fecec35dd04571415982c5e48\windows-amd64\native-platform.dll
Event: 2.310 Loaded shared library C:\Users\hammad\.gradle\native\38dada09dfb8b06ba9b0570ebf7e218e3eb74d4ef43ca46872605cf95ebc2f47\windows-amd64\native-platform-file-events.dll
Event: 8.856 Loaded shared library C:\Program Files\Microsoft\jdk-17.0.10.7-hotspot\bin\management.dll
Event: 8.869 Loaded shared library C:\Program Files\Microsoft\jdk-17.0.10.7-hotspot\bin\management_ext.dll
Event: 9.724 Loaded shared library C:\Program Files\Microsoft\jdk-17.0.10.7-hotspot\bin\extnet.dll
Event: 10.424 Loaded shared library C:\Program Files\Microsoft\jdk-17.0.10.7-hotspot\bin\sunmscapi.dll

Deoptimization events (20 events):
Event: 43.870 Thread 0x0000028b405ceb60 Uncommon trap: trap_request=0xffffff45 fr.pc=0x0000028b109d4358 relative=0x0000000000002ef8
Event: 43.870 Thread 0x0000028b405ceb60 Uncommon trap: reason=unstable_if action=reinterpret pc=0x0000028b109d4358 method=java.util.regex.Pattern.has(I)Z @ 6 c2
Event: 43.870 Thread 0x0000028b405ceb60 DEOPT PACKING pc=0x0000028b109d4358 sp=0x000000a237af2790
Event: 43.870 Thread 0x0000028b405ceb60 DEOPT UNPACKING pc=0x0000028b103f69a3 sp=0x000000a237af2710 mode 2
Event: 43.870 Thread 0x0000028b405ceb60 Uncommon trap: trap_request=0xffffff45 fr.pc=0x0000028b109b8358 relative=0x0000000000000058
Event: 43.870 Thread 0x0000028b405ceb60 Uncommon trap: reason=unstable_if action=reinterpret pc=0x0000028b109b8358 method=java.util.regex.Pattern.has(I)Z @ 6 c2
Event: 43.870 Thread 0x0000028b405ceb60 DEOPT PACKING pc=0x0000028b109b8358 sp=0x000000a237af2770
Event: 43.870 Thread 0x0000028b405ceb60 DEOPT UNPACKING pc=0x0000028b103f69a3 sp=0x000000a237af2700 mode 2
Event: 43.928 Thread 0x0000028b405ceb60 DEOPT PACKING pc=0x0000028b098f689e sp=0x000000a237af3400
Event: 43.928 Thread 0x0000028b405ceb60 DEOPT UNPACKING pc=0x0000028b103f7143 sp=0x000000a237af29a0 mode 0
Event: 43.940 Thread 0x0000028b405ceb60 Uncommon trap: trap_request=0xffffff45 fr.pc=0x0000028b10d23278 relative=0x0000000000004f58
Event: 43.940 Thread 0x0000028b405ceb60 Uncommon trap: reason=unstable_if action=reinterpret pc=0x0000028b10d23278 method=java.lang.CharacterDataLatin1.isUpperCase(I)Z @ 7 c2
Event: 43.940 Thread 0x0000028b405ceb60 DEOPT PACKING pc=0x0000028b10d23278 sp=0x000000a237af2490
Event: 43.940 Thread 0x0000028b405ceb60 DEOPT UNPACKING pc=0x0000028b103f69a3 sp=0x000000a237af2228 mode 2
Event: 43.940 Thread 0x0000028b405ceb60 Uncommon trap: trap_request=0xffffff45 fr.pc=0x0000028b10d15400 relative=0x0000000000000080
Event: 43.940 Thread 0x0000028b405ceb60 Uncommon trap: reason=unstable_if action=reinterpret pc=0x0000028b10d15400 method=java.lang.CharacterDataLatin1.isUpperCase(I)Z @ 7 c2
Event: 43.940 Thread 0x0000028b405ceb60 DEOPT PACKING pc=0x0000028b10d15400 sp=0x000000a237af2310
Event: 43.940 Thread 0x0000028b405ceb60 DEOPT UNPACKING pc=0x0000028b103f69a3 sp=0x000000a237af2290 mode 2
Event: 44.200 Thread 0x0000028b405ceb60 DEOPT PACKING pc=0x0000028b098f689e sp=0x000000a237af3790
Event: 44.200 Thread 0x0000028b405ceb60 DEOPT UNPACKING pc=0x0000028b103f7143 sp=0x000000a237af2d30 mode 0

Classes unloaded (0 events):
No events

Classes redefined (0 events):
No events

Internal exceptions (20 events):
Event: 39.763 Thread 0x0000028b405ceb60 Exception <a 'java/lang/NoSuchMethodError'{0x0000000087222020}: 'java.lang.Object java.lang.invoke.Invokers$Holder.linkToTargetMethod(java.lang.Object, java.lang.Object, java.lang.Object, java.lang.Object, java.lang.Object, int, java.lang.Object)'> (0x0000000087222020) 
thrown [s\src\hotspot\share\interpreter\linkResolver.cpp, line 759]
Event: 39.787 Thread 0x0000028b1f2ef510 Implicit null exception at 0x0000028b10a75d83 to 0x0000028b10a75f74
Event: 39.789 Thread 0x0000028b405ceb60 Implicit null exception at 0x0000028b10b36d4b to 0x0000028b10b36d70
Event: 40.160 Thread 0x0000028b1f2e80a0 Exception <a 'java/lang/NoSuchMethodError'{0x000000008651f118}: 'void java.lang.invoke.DirectMethodHandle$Holder.invokeVirtual(java.lang.Object, java.lang.Object)'> (0x000000008651f118) 
thrown [s\src\hotspot\share\interpreter\linkResolver.cpp, line 759]
Event: 40.202 Thread 0x0000028b1f2e80a0 Exception <a 'java/lang/NoSuchMethodError'{0x00000000864db680}: 'java.lang.Object java.lang.invoke.DirectMethodHandle$Holder.newInvokeSpecial(java.lang.Object, java.lang.Object, java.lang.Object, java.lang.Object, int, java.lang.Object)'> (0x00000000864db680) 
thrown [s\src\hotspot\share\interpreter\linkResolver.cpp, line 759]
Event: 40.202 Thread 0x0000028b1f2e80a0 Exception <a 'java/lang/NoSuchMethodError'{0x00000000864df9a0}: 'java.lang.Object java.lang.invoke.Invokers$Holder.linkToTargetMethod(java.lang.Object, java.lang.Object, java.lang.Object, int, java.lang.Object, java.lang.Object)'> (0x00000000864df9a0) 
thrown [s\src\hotspot\share\interpreter\linkResolver.cpp, line 759]
Event: 40.213 Thread 0x0000028b1f2ed6b0 Exception <a 'java/lang/NoSuchMethodError'{0x0000000086332878}: 'void java.lang.invoke.DirectMethodHandle$Holder.invokeInterface(java.lang.Object, java.lang.Object, java.lang.Object, java.lang.Object)'> (0x0000000086332878) 
thrown [s\src\hotspot\share\interpreter\linkResolver.cpp, line 759]
Event: 40.248 Thread 0x0000028b1f2ed6b0 Exception <a 'java/lang/NoSuchMethodError'{0x000000008622f338}: 'int java.lang.invoke.DirectMethodHandle$Holder.invokeSpecial(java.lang.Object, java.lang.Object, java.lang.Object, java.lang.Object, java.lang.Object)'> (0x000000008622f338) 
thrown [s\src\hotspot\share\interpreter\linkResolver.cpp, line 759]
Event: 40.409 Thread 0x0000028b1f2ed6b0 Exception <a 'java/lang/NoSuchMethodError'{0x0000000085d70270}: 'void java.lang.invoke.DirectMethodHandle$Holder.invokeStatic(java.lang.Object, java.lang.Object, java.lang.Object, java.lang.Object, int, java.lang.Object, java.lang.Object)'> (0x0000000085d70270) 
thrown [s\src\hotspot\share\interpreter\linkResolver.cpp, line 759]
Event: 40.721 Thread 0x0000028b1f2e80a0 Exception <a 'sun/nio/fs/WindowsException'{0x0000000087bda840}> (0x0000000087bda840) 
thrown [s\src\hotspot\share\prims\jni.cpp, line 516]
Event: 40.723 Thread 0x0000028b1f2e80a0 Exception <a 'sun/nio/fs/WindowsException'{0x0000000087964fb0}> (0x0000000087964fb0) 
thrown [s\src\hotspot\share\prims\jni.cpp, line 516]
Event: 40.723 Thread 0x0000028b1f2e80a0 Exception <a 'sun/nio/fs/WindowsException'{0x0000000087967728}> (0x0000000087967728) 
thrown [s\src\hotspot\share\prims\jni.cpp, line 516]
Event: 40.724 Thread 0x0000028b1f2e80a0 Exception <a 'sun/nio/fs/WindowsException'{0x0000000087969a28}> (0x0000000087969a28) 
thrown [s\src\hotspot\share\prims\jni.cpp, line 516]
Event: 41.415 Thread 0x0000028b40e42b80 Exception <a 'sun/nio/fs/WindowsException'{0x0000000086c26660}> (0x0000000086c26660) 
thrown [s\src\hotspot\share\prims\jni.cpp, line 516]
Event: 41.590 Thread 0x0000028b405ceb60 Exception <a 'java/lang/ClassNotFoundException'{0x00000000865f4a98}: build_2op4zaepc5fi51j6k4itxx0i3BeanInfo> (0x00000000865f4a98) 
thrown [s\src\hotspot\share\classfile\systemDictionary.cpp, line 256]
Event: 41.591 Thread 0x0000028b405ceb60 Exception <a 'java/lang/ClassNotFoundException'{0x00000000865fb398}: build_2op4zaepc5fi51j6k4itxx0i3Customizer> (0x00000000865fb398) 
thrown [s\src\hotspot\share\classfile\systemDictionary.cpp, line 256]
Event: 41.875 Thread 0x0000028b405ceb60 Exception <a 'java/lang/ClassNotFoundException'{0x000000008793b498}: build_8vge3isxkhdhoixhjcqa3j3e0BeanInfo> (0x000000008793b498) 
thrown [s\src\hotspot\share\classfile\systemDictionary.cpp, line 256]
Event: 41.876 Thread 0x0000028b405ceb60 Exception <a 'java/lang/ClassNotFoundException'{0x0000000087946b78}: build_8vge3isxkhdhoixhjcqa3j3e0Customizer> (0x0000000087946b78) 
thrown [s\src\hotspot\share\classfile\systemDictionary.cpp, line 256]
Event: 43.232 Thread 0x0000028b405ceb60 Implicit null exception at 0x0000028b10b1868c to 0x0000028b10b187c2
Event: 43.701 Thread 0x0000028b405ceb60 Exception <a 'sun/nio/fs/WindowsException'{0x00000000889dc3c0}> (0x00000000889dc3c0) 
thrown [s\src\hotspot\share\prims\jni.cpp, line 516]

VM Operations (20 events):
Event: 41.946 Executing VM operation: G1PauseCleanup done
Event: 42.128 Executing VM operation: G1TryInitiateConcMark
Event: 42.139 Executing VM operation: G1TryInitiateConcMark done
Event: 42.316 Executing VM operation: G1PauseRemark
Event: 42.321 Executing VM operation: G1PauseRemark done
Event: 42.402 Executing VM operation: G1PauseCleanup
Event: 42.402 Executing VM operation: G1PauseCleanup done
Event: 42.626 Executing VM operation: G1CollectForAllocation
Event: 42.630 Executing VM operation: G1CollectForAllocation done
Event: 43.191 Executing VM operation: HandshakeAllThreads
Event: 43.191 Executing VM operation: HandshakeAllThreads done
Event: 43.290 Executing VM operation: G1CollectForAllocation
Event: 43.296 Executing VM operation: G1CollectForAllocation done
Event: 43.484 Executing VM operation: G1PauseRemark
Event: 43.500 Executing VM operation: G1PauseRemark done
Event: 43.583 Executing VM operation: G1PauseCleanup
Event: 43.583 Executing VM operation: G1PauseCleanup done
Event: 44.143 Executing VM operation: G1CollectForAllocation
Event: 44.156 Executing VM operation: G1CollectForAllocation done
Event: 44.236 Executing VM operation: G1CollectForAllocation

Events (20 events):
Event: 43.282 loading class java/security/cert/CertPathValidatorException$BasicReason
Event: 43.283 loading class java/security/cert/CertPathValidatorException$Reason
Event: 43.283 loading class java/security/cert/CertPathValidatorException$Reason done
Event: 43.283 loading class java/security/cert/CertPathValidatorException$BasicReason done
Event: 43.283 loading class java/security/SignatureException
Event: 43.283 loading class java/security/SignatureException done
Event: 43.301 loading class sun/security/rsa/RSASignature$SHA256withRSA
Event: 43.301 loading class sun/security/rsa/RSASignature$SHA256withRSA done
Event: 43.311 loading class sun/security/provider/DSA$SHA256withDSA
Event: 43.311 loading class sun/security/provider/DSA$SHA256withDSA done
Event: 43.477 loading class java/util/Base64
Event: 43.477 loading class java/util/Base64 done
Event: 43.477 loading class java/util/Base64$Decoder
Event: 43.478 loading class java/util/Base64$Decoder done
Event: 43.478 loading class java/util/Base64$Encoder
Event: 43.478 loading class java/util/Base64$Encoder done
Event: 43.482 loading class java/util/jar/JarVerifier$VerifierStream
Event: 43.482 loading class java/util/jar/JarVerifier$VerifierStream done
Event: 43.482 loading class sun/security/util/ManifestEntryVerifier$SunProviderHolder
Event: 43.482 loading class sun/security/util/ManifestEntryVerifier$SunProviderHolder done


Dynamic libraries:
0x00007ff663040000 - 0x00007ff66304e000 	C:\Program Files\Microsoft\jdk-17.0.10.7-hotspot\bin\java.exe
0x00007ffdcd250000 - 0x00007ffdcd448000 	C:\WINDOWS\SYSTEM32\ntdll.dll
0x00007ffdcb340000 - 0x00007ffdcb3fd000 	C:\WINDOWS\System32\KERNEL32.DLL
0x00007ffdcab00000 - 0x00007ffdcadf6000 	C:\WINDOWS\System32\KERNELBASE.dll
0x00007ffdcaf30000 - 0x00007ffdcb030000 	C:\WINDOWS\System32\ucrtbase.dll
0x00007ffdb83c0000 - 0x00007ffdb83d7000 	C:\Program Files\Microsoft\jdk-17.0.10.7-hotspot\bin\jli.dll
0x00007ffdcb650000 - 0x00007ffdcb7ef000 	C:\WINDOWS\System32\USER32.dll
0x00007ffdcaa60000 - 0x00007ffdcaa82000 	C:\WINDOWS\System32\win32u.dll
0x00007ffdcd1e0000 - 0x00007ffdcd20b000 	C:\WINDOWS\System32\GDI32.dll
0x00007ffdcb030000 - 0x00007ffdcb147000 	C:\WINDOWS\System32\gdi32full.dll
0x00007ffdcae90000 - 0x00007ffdcaf2d000 	C:\WINDOWS\System32\msvcp_win.dll
0x00007ffdb8340000 - 0x00007ffdb835b000 	C:\Program Files\Microsoft\jdk-17.0.10.7-hotspot\bin\VCRUNTIME140.dll
0x00007ffdbb990000 - 0x00007ffdbbc2a000 	C:\WINDOWS\WinSxS\amd64_microsoft.windows.common-controls_6595b64144ccf1df_6.0.19041.4355_none_60b8b9eb71f62e16\COMCTL32.dll
0x00007ffdcb440000 - 0x00007ffdcb4de000 	C:\WINDOWS\System32\msvcrt.dll
0x00007ffdcb400000 - 0x00007ffdcb432000 	C:\WINDOWS\System32\IMM32.DLL
0x00007ffdc59e0000 - 0x00007ffdc59ec000 	C:\Program Files\Microsoft\jdk-17.0.10.7-hotspot\bin\vcruntime140_1.dll
0x00007ffdaf940000 - 0x00007ffdaf9cd000 	C:\Program Files\Microsoft\jdk-17.0.10.7-hotspot\bin\msvcp140.dll
0x00007ffd87d00000 - 0x00007ffd88965000 	C:\Program Files\Microsoft\jdk-17.0.10.7-hotspot\bin\server\jvm.dll
0x00007ffdcb4e0000 - 0x00007ffdcb590000 	C:\WINDOWS\System32\ADVAPI32.dll
0x00007ffdcc550000 - 0x00007ffdcc5f0000 	C:\WINDOWS\System32\sechost.dll
0x00007ffdcb7f0000 - 0x00007ffdcb913000 	C:\WINDOWS\System32\RPCRT4.dll
0x00007ffdcb250000 - 0x00007ffdcb277000 	C:\WINDOWS\System32\bcrypt.dll
0x00007ffdc9e80000 - 0x00007ffdc9ecb000 	C:\WINDOWS\SYSTEM32\POWRPROF.dll
0x00007ffdc57f0000 - 0x00007ffdc57f9000 	C:\WINDOWS\SYSTEM32\WSOCK32.dll
0x00007ffdcc760000 - 0x00007ffdcc7cb000 	C:\WINDOWS\System32\WS2_32.dll
0x00007ffdbc3f0000 - 0x00007ffdbc417000 	C:\WINDOWS\SYSTEM32\WINMM.dll
0x00007ffdba110000 - 0x00007ffdba11a000 	C:\WINDOWS\SYSTEM32\VERSION.dll
0x00007ffdc9cf0000 - 0x00007ffdc9d02000 	C:\WINDOWS\SYSTEM32\UMPDC.dll
0x00007ffdc8780000 - 0x00007ffdc8792000 	C:\WINDOWS\SYSTEM32\kernel.appcore.dll
0x00007ffdc46d0000 - 0x00007ffdc46da000 	C:\Program Files\Microsoft\jdk-17.0.10.7-hotspot\bin\jimage.dll
0x00007ffdb8940000 - 0x00007ffdb8b24000 	C:\WINDOWS\SYSTEM32\DBGHELP.DLL
0x00007ffdb88d0000 - 0x00007ffdb8904000 	C:\WINDOWS\SYSTEM32\dbgcore.DLL
0x00007ffdcae00000 - 0x00007ffdcae82000 	C:\WINDOWS\System32\bcryptPrimitives.dll
0x00007ffdc5080000 - 0x00007ffdc508e000 	C:\Program Files\Microsoft\jdk-17.0.10.7-hotspot\bin\instrument.dll
0x00007ffdb58e0000 - 0x00007ffdb5905000 	C:\Program Files\Microsoft\jdk-17.0.10.7-hotspot\bin\java.dll
0x00007ffdaf650000 - 0x00007ffdaf727000 	C:\Program Files\Microsoft\jdk-17.0.10.7-hotspot\bin\jsvml.dll
0x00007ffdcb920000 - 0x00007ffdcc08b000 	C:\WINDOWS\System32\SHELL32.dll
0x00007ffdc8980000 - 0x00007ffdc911d000 	C:\WINDOWS\SYSTEM32\windows.storage.dll
0x00007ffdcc090000 - 0x00007ffdcc3e3000 	C:\WINDOWS\System32\combase.dll
0x00007ffdca320000 - 0x00007ffdca34e000 	C:\WINDOWS\SYSTEM32\Wldp.dll
0x00007ffdcce80000 - 0x00007ffdccf4d000 	C:\WINDOWS\System32\OLEAUT32.dll
0x00007ffdcc830000 - 0x00007ffdcc8dd000 	C:\WINDOWS\System32\SHCORE.dll
0x00007ffdcb280000 - 0x00007ffdcb2d5000 	C:\WINDOWS\System32\shlwapi.dll
0x00007ffdca830000 - 0x00007ffdca854000 	C:\WINDOWS\SYSTEM32\profapi.dll
0x00007ffdb6a90000 - 0x00007ffdb6aa8000 	C:\Program Files\Microsoft\jdk-17.0.10.7-hotspot\bin\zip.dll
0x00007ffdb7860000 - 0x00007ffdb7879000 	C:\Program Files\Microsoft\jdk-17.0.10.7-hotspot\bin\net.dll
0x00007ffdc0c50000 - 0x00007ffdc0d5a000 	C:\WINDOWS\SYSTEM32\WINHTTP.dll
0x00007ffdca080000 - 0x00007ffdca0ea000 	C:\WINDOWS\system32\mswsock.dll
0x00007ffdb7410000 - 0x00007ffdb7426000 	C:\Program Files\Microsoft\jdk-17.0.10.7-hotspot\bin\nio.dll
0x00007ffdc12d0000 - 0x00007ffdc12e0000 	C:\Program Files\Microsoft\jdk-17.0.10.7-hotspot\bin\verify.dll
0x00007ffdb3cd0000 - 0x00007ffdb3cf7000 	C:\Users\hammad\.gradle\native\c067742578af261105cb4f569cf0c3c89f3d7b1fecec35dd04571415982c5e48\windows-amd64\native-platform.dll
0x00007ffdafb90000 - 0x00007ffdafcd4000 	C:\Users\hammad\.gradle\native\38dada09dfb8b06ba9b0570ebf7e218e3eb74d4ef43ca46872605cf95ebc2f47\windows-amd64\native-platform-file-events.dll
0x00007ffdb74c0000 - 0x00007ffdb74c9000 	C:\Program Files\Microsoft\jdk-17.0.10.7-hotspot\bin\management.dll
0x00007ffdb6ce0000 - 0x00007ffdb6ceb000 	C:\Program Files\Microsoft\jdk-17.0.10.7-hotspot\bin\management_ext.dll
0x00007ffdcc410000 - 0x00007ffdcc418000 	C:\WINDOWS\System32\PSAPI.DLL
0x00007ffdca270000 - 0x00007ffdca288000 	C:\WINDOWS\SYSTEM32\CRYPTSP.dll
0x00007ffdc9930000 - 0x00007ffdc9964000 	C:\WINDOWS\system32\rsaenh.dll
0x00007ffdca7a0000 - 0x00007ffdca7ce000 	C:\WINDOWS\SYSTEM32\USERENV.dll
0x00007ffdca290000 - 0x00007ffdca29c000 	C:\WINDOWS\SYSTEM32\CRYPTBASE.dll
0x00007ffdc9d10000 - 0x00007ffdc9d4b000 	C:\WINDOWS\SYSTEM32\IPHLPAPI.DLL
0x00007ffdcc420000 - 0x00007ffdcc428000 	C:\WINDOWS\System32\NSI.dll
0x00007ffdc1cc0000 - 0x00007ffdc1cd7000 	C:\WINDOWS\SYSTEM32\dhcpcsvc6.DLL
0x00007ffdc2910000 - 0x00007ffdc292d000 	C:\WINDOWS\SYSTEM32\dhcpcsvc.DLL
0x00007ffdc9d60000 - 0x00007ffdc9e2b000 	C:\WINDOWS\SYSTEM32\DNSAPI.dll
0x00007ffdb4770000 - 0x00007ffdb4779000 	C:\Program Files\Microsoft\jdk-17.0.10.7-hotspot\bin\extnet.dll
0x00007ffdb6850000 - 0x00007ffdb685e000 	C:\Program Files\Microsoft\jdk-17.0.10.7-hotspot\bin\sunmscapi.dll
0x00007ffdca900000 - 0x00007ffdcaa5e000 	C:\WINDOWS\System32\CRYPT32.dll
0x00007ffdca390000 - 0x00007ffdca3b9000 	C:\WINDOWS\SYSTEM32\ncrypt.dll
0x00007ffdca350000 - 0x00007ffdca38b000 	C:\WINDOWS\SYSTEM32\NTASN1.dll
0x00007ffdb58d0000 - 0x00007ffdb58d7000 	C:\WINDOWS\system32\wshunix.dll
0x00007ffdb5e90000 - 0x00007ffdb5ea7000 	C:\WINDOWS\system32\napinsp.dll
0x00007ffdb5e70000 - 0x00007ffdb5e8b000 	C:\WINDOWS\system32\pnrpnsp.dll
0x00007ffdc6620000 - 0x00007ffdc663d000 	C:\WINDOWS\system32\NLAapi.dll
0x00007ffdb5e50000 - 0x00007ffdb5e65000 	C:\WINDOWS\system32\wshbth.dll
0x00007ffdb5e30000 - 0x00007ffdb5e42000 	C:\WINDOWS\System32\winrnr.dll
0x00007ffdbb150000 - 0x00007ffdbb15a000 	C:\Windows\System32\rasadhlp.dll
0x00007ffdbb4e0000 - 0x00007ffdbb560000 	C:\WINDOWS\System32\fwpuclnt.dll
0x00007ffdc9a50000 - 0x00007ffdc9a83000 	C:\WINDOWS\SYSTEM32\ntmarta.dll

dbghelp: loaded successfully - version: 4.0.5 - missing functions: none
symbol engine: initialized successfully - sym options: 0x614 - pdb path: .;C:\Program Files\Microsoft\jdk-17.0.10.7-hotspot\bin;C:\WINDOWS\SYSTEM32;C:\WINDOWS\WinSxS\amd64_microsoft.windows.common-controls_6595b64144ccf1df_6.0.19041.4355_none_60b8b9eb71f62e16;C:\Program Files\Microsoft\jdk-17.0.10.7-hotspot\bin\server;C:\Users\hammad\.gradle\native\c067742578af261105cb4f569cf0c3c89f3d7b1fecec35dd04571415982c5e48\windows-amd64;C:\Users\hammad\.gradle\native\38dada09dfb8b06ba9b0570ebf7e218e3eb74d4ef43ca46872605cf95ebc2f47\windows-amd64

VM Arguments:
jvm_args: -XX:MaxMetaspaceSize=512m --add-opens=java.base/java.util=ALL-UNNAMED --add-opens=java.base/java.lang=ALL-UNNAMED --add-opens=java.base/java.lang.invoke=ALL-UNNAMED --add-opens=java.prefs/java.util.prefs=ALL-UNNAMED --add-opens=java.base/java.nio.charset=ALL-UNNAMED --add-opens=java.base/java.net=ALL-UNNAMED --add-opens=java.base/java.util.concurrent.atomic=ALL-UNNAMED -Xmx2048m -Dfile.encoding=windows-1252 -Duser.country=US -Duser.language=en -Duser.variant -javaagent:C:\Users\hammad\.gradle\wrapper\dists\gradle-8.5-all\3zlzzgtsutfj0pbojr50n2l7z\gradle-8.5\lib\agents\gradle-instrumentation-agent-8.5.jar 
java_command: org.gradle.launcher.daemon.bootstrap.GradleDaemon 8.5
java_class_path (initial): C:\Users\hammad\.gradle\wrapper\dists\gradle-8.5-all\3zlzzgtsutfj0pbojr50n2l7z\gradle-8.5\lib\gradle-launcher-8.5.jar
Launcher Type: SUN_STANDARD

[Global flags]
     intx CICompilerCount                          = 3                                         {product} {ergonomic}
   size_t CompressedClassSpaceSize                 = 436207616                                 {product} {ergonomic}
     uint ConcGCThreads                            = 1                                         {product} {ergonomic}
     uint G1ConcRefinementThreads                  = 4                                         {product} {ergonomic}
   size_t G1HeapRegionSize                         = 1048576                                   {product} {ergonomic}
    uintx GCDrainStackTargetSize                   = 64                                        {product} {ergonomic}
   size_t InitialHeapSize                          = 201326592                                 {product} {ergonomic}
   size_t MarkStackSize                            = 4194304                                   {product} {ergonomic}
   size_t MaxHeapSize                              = 2147483648                                {product} {command line}
   size_t MaxMetaspaceSize                         = 536870912                                 {product} {command line}
   size_t MaxNewSize                               = 1287651328                                {product} {ergonomic}
   size_t MinHeapDeltaBytes                        = 1048576                                   {product} {ergonomic}
   size_t MinHeapSize                              = 8388608                                   {product} {ergonomic}
    uintx NonNMethodCodeHeapSize                   = 5832780                                {pd product} {ergonomic}
    uintx NonProfiledCodeHeapSize                  = 122912730                              {pd product} {ergonomic}
    uintx ProfiledCodeHeapSize                     = 122912730                              {pd product} {ergonomic}
    uintx ReservedCodeCacheSize                    = 251658240                              {pd product} {ergonomic}
     bool SegmentedCodeCache                       = true                                      {product} {ergonomic}
   size_t SoftMaxHeapSize                          = 2147483648                             {manageable} {ergonomic}
     bool UseCompressedClassPointers               = true                           {product lp64_product} {ergonomic}
     bool UseCompressedOops                        = true                           {product lp64_product} {ergonomic}
     bool UseG1GC                                  = true                                      {product} {ergonomic}
     bool UseLargePagesIndividualAllocation        = false                                  {pd product} {ergonomic}

Logging:
Log output configuration:
 #0: stdout all=warning uptime,level,tags
 #1: stderr all=off uptime,level,tags

Environment Variables:
JAVA_HOME=C:\Program Files\Microsoft\jdk-17.0.10.7-hotspot\
CLASSPATH=C:\Users\hammad\Desktop\ReactNative\practice\adazakat\android\\gradle\wrapper\gradle-wrapper.jar
PATH=C:\Users\hammad\Desktop\ReactNative\practice\adazakat\node_modules\.bin;C:\Users\hammad\Desktop\ReactNative\practice\adazakat\node_modules\.bin;C:\Users\hammad\Desktop\ReactNative\practice\node_modules\.bin;C:\Users\hammad\Desktop\ReactNative\node_modules\.bin;C:\Users\hammad\Desktop\node_modules\.bin;C:\Users\hammad\node_modules\.bin;C:\Users\node_modules\.bin;C:\node_modules\.bin;C:\Users\hammad\AppData\Roaming\nvm\v20.12.2\node_modules\npm\node_modules\@npmcli\run-script\lib\node-gyp-bin;C:\Users\hammad\Desktop\ReactNative\practice\adazakat\node_modules\.bin;C:\Users\hammad\Desktop\ReactNative\practice\node_modules\.bin;C:\Users\hammad\Desktop\ReactNative\node_modules\.bin;C:\Users\hammad\Desktop\node_modules\.bin;C:\Users\hammad\node_modules\.bin;C:\Users\node_modules\.bin;C:\node_modules\.bin;C:\Users\hammad\AppData\Roaming\nvm\v20.12.2\node_modules\npm\node_modules\@npmcli\run-script\lib\node-gyp-bin;C:\Program Files\Microsoft\jdk-17.0.10.7-hotspot\bin;C:\Python312\Scripts\;C:\Python312\;C:\WINDOWS\system32;C:\WINDOWS;C:\WINDOWS\System32\Wbem;C:\WINDOWS\System32\WindowsPowerShell\v1.0\;C:\WINDOWS\System32\OpenSSH\;C:\Program Files\PuTTY\;C:\ProgramData\chocolatey\bin;C:\Program Files\Git\cmd;C:\Users\hammad\AppData\Roaming\nvm;C:\Program Files\nodejs;C:\Users\hammad\AppData\Local\Programs\Python\Python310\Scripts\;C:\Users\hammad\AppData\Local\Microsoft\WindowsApps;C:\Users\hammad\AppData\Local\Programs\Microsoft VS Code\bin;C:\Program Files\Git\bin;C:\Program Files\mingw64\mingw64\bin;C:\Users\hammad\AppData\Local\Android\Sdk\platform-tools;C:\Users\hammad\AppData\Roaming\Python\Python312\Scripts;C:\Users\hammad\AppData\Roaming\npm;C:\Users\hammad\AppData\Roaming\nvm;C:\Program Files\nodejs
USERNAME=hammad
LANG=en_US.UTF-8
OS=Windows_NT
PROCESSOR_IDENTIFIER=Intel64 Family 6 Model 69 Stepping 1, GenuineIntel
TMP=C:\Users\hammad\AppData\Local\Temp
TEMP=C:\Users\hammad\AppData\Local\Temp



Periodic native trim disabled


---------------  S Y S T E M  ---------------

OS:
 Windows 10 , 64 bit Build 19041 (10.0.19041.3636)
OS uptime: 6 days 3:20 hours

CPU: total 4 (initial active 4) (2 cores per cpu, 2 threads per core) family 6 model 69 stepping 1 microcode 0x25, cx8, cmov, fxsr, ht, mmx, sse, sse2, sse3, ssse3, sse4.1, sse4.2, popcnt, lzcnt, tsc, tscinvbit, avx, avx2, aes, erms, clmul, bmi1, bmi2, fma, vzeroupper, clflush
Processor Information for all 4 processors :
  Max Mhz: 2601, Current Mhz: 2601, Mhz Limit: 2601

Memory: 4k page, system-wide physical 12193M (687M free)
TotalPageFile size 23728M (AvailPageFile size 29M)
current process WorkingSet (physical memory assigned to process): 382M, peak: 386M
current process commit charge ("private bytes"): 459M, peak: 549M

vm_info: OpenJDK 64-Bit Server VM (17.0.10+7-LTS) for windows-amd64 JRE (17.0.10+7-LTS), built on Jan 10 2024 19:47:12 by "MicrosoftCorporation" with MS VC++ 16.10 / 16.11 (VS2019)

END.
